2024-06-24 [09:54:17.243] [0] Request recieved: ::1:65249
2024-06-24 [09:54:17.271] [0] Socket: {
                                  "localAddress": "::1",
                                  "localPort": 8080,
                                  "localFamily": "IPv6",
                                  "remoteAddress": "::1",
                                  "remoteFamily": "IPv6",
                                  "remotePort": 65249
                              }
                              Headers: {
                                  "host": "localhost:8080",
                                  "connection": "keep-alive",
                                  "content-length": "52",
                                  "sec-ch-ua": "\"Not-A.Brand\";v=\"99\", \"Chromium\";v=\"124\"",
                                  "action": "login",
                                  "content-type": "text/plain;charset=UTF-8",
                                  "sec-ch-ua-mobile": "?0",
                                  "user-agent": "Mozilla/5.0 (Windows NT 10.0; Win64; x64) AppleWebKit/537.36 (KHTML, like Gecko) HairlinersSalon/1.0.0 Chrome/124.0.6367.233 Electron/30.0.9 Safari/537.36",
                                  "sec-ch-ua-platform": "\"Windows\"",
                                  "accept": "*/*",
                                  "sec-fetch-site": "cross-site",
                                  "sec-fetch-mode": "cors",
                                  "sec-fetch-dest": "empty",
                                  "accept-encoding": "gzip, deflate, br",
                                  "accept-language": "en-US"
                              }
                              Method: POST
                              URL: /
2024-06-24 [09:54:17.273] [0] Task started: login
2024-06-24 [09:54:17.285] [0] Request ended
2024-06-24 [09:54:17.287] [0] Request closed
2024-06-24 [09:54:17.351] [0] Task done
2024-06-24 [09:54:17.353] [0] Response closed
2024-06-24 [09:54:17.411] [1] Request recieved: ::1:65249
2024-06-24 [09:54:17.412] [1] Socket: {
                                  "localAddress": "::1",
                                  "localPort": 8080,
                                  "localFamily": "IPv6",
                                  "remoteAddress": "::1",
                                  "remoteFamily": "IPv6",
                                  "remotePort": 65249
                              }
                              Headers: {
                                  "host": "localhost:8080",
                                  "connection": "keep-alive",
                                  "content-length": "0",
                                  "sec-ch-ua": "\"Not-A.Brand\";v=\"99\", \"Chromium\";v=\"124\"",
                                  "action": "customer-management-get-customers",
                                  "sec-ch-ua-mobile": "?0",
                                  "user-agent": "Mozilla/5.0 (Windows NT 10.0; Win64; x64) AppleWebKit/537.36 (KHTML, like Gecko) HairlinersSalon/1.0.0 Chrome/124.0.6367.233 Electron/30.0.9 Safari/537.36",
                                  "token": "7a656e68493ca23998e528edb4022a61a2c0ee39e2707c11ab0ca78ce911b046",
                                  "sec-ch-ua-platform": "\"Windows\"",
                                  "accept": "*/*",
                                  "sec-fetch-site": "cross-site",
                                  "sec-fetch-mode": "cors",
                                  "sec-fetch-dest": "empty",
                                  "accept-encoding": "gzip, deflate, br",
                                  "accept-language": "en-US"
                              }
                              Method: POST
                              URL: /
2024-06-24 [09:54:17.412] [1] Task started: customer-management-get-customers
2024-06-24 [09:54:17.421] [1] Response closed
2024-06-24 [09:54:17.421] [1] Request ended
2024-06-24 [09:54:17.427] [1] Request closed
2024-06-24 [09:54:17.428] [1] Task done
2024-06-24 [09:54:17.494] [2] Request recieved: ::1:65249
2024-06-24 [09:54:17.495] [2] Socket: {
                                  "localAddress": "::1",
                                  "localPort": 8080,
                                  "localFamily": "IPv6",
                                  "remoteAddress": "::1",
                                  "remoteFamily": "IPv6",
                                  "remotePort": 65249
                              }
                              Headers: {
                                  "host": "localhost:8080",
                                  "connection": "keep-alive",
                                  "content-length": "0",
                                  "sec-ch-ua": "\"Not-A.Brand\";v=\"99\", \"Chromium\";v=\"124\"",
                                  "action": "customer-management-get-staff-names",
                                  "sec-ch-ua-mobile": "?0",
                                  "user-agent": "Mozilla/5.0 (Windows NT 10.0; Win64; x64) AppleWebKit/537.36 (KHTML, like Gecko) HairlinersSalon/1.0.0 Chrome/124.0.6367.233 Electron/30.0.9 Safari/537.36",
                                  "token": "7a656e68493ca23998e528edb4022a61a2c0ee39e2707c11ab0ca78ce911b046",
                                  "sec-ch-ua-platform": "\"Windows\"",
                                  "accept": "*/*",
                                  "sec-fetch-site": "cross-site",
                                  "sec-fetch-mode": "cors",
                                  "sec-fetch-dest": "empty",
                                  "accept-encoding": "gzip, deflate, br",
                                  "accept-language": "en-US"
                              }
                              Method: POST
                              URL: /
2024-06-24 [09:54:17.495] [2] Task started: customer-management-get-staff-names
2024-06-24 [09:54:17.498] [2] Response closed
2024-06-24 [09:54:17.499] [2] Request ended
2024-06-24 [09:54:17.499] [2] Request closed
2024-06-24 [09:54:17.499] [2] Task done
2024-06-24 [09:54:19.050] [3] Request recieved: ::1:65249
2024-06-24 [09:54:19.051] [3] Socket: {
                                  "localAddress": "::1",
                                  "localPort": 8080,
                                  "localFamily": "IPv6",
                                  "remoteAddress": "::1",
                                  "remoteFamily": "IPv6",
                                  "remotePort": 65249
                              }
                              Headers: {
                                  "host": "localhost:8080",
                                  "connection": "keep-alive",
                                  "content-length": "0",
                                  "sec-ch-ua": "\"Not-A.Brand\";v=\"99\", \"Chromium\";v=\"124\"",
                                  "action": "point-of-sales-get-sales-records",
                                  "sec-ch-ua-mobile": "?0",
                                  "user-agent": "Mozilla/5.0 (Windows NT 10.0; Win64; x64) AppleWebKit/537.36 (KHTML, like Gecko) HairlinersSalon/1.0.0 Chrome/124.0.6367.233 Electron/30.0.9 Safari/537.36",
                                  "token": "7a656e68493ca23998e528edb4022a61a2c0ee39e2707c11ab0ca78ce911b046",
                                  "sec-ch-ua-platform": "\"Windows\"",
                                  "accept": "*/*",
                                  "sec-fetch-site": "cross-site",
                                  "sec-fetch-mode": "cors",
                                  "sec-fetch-dest": "empty",
                                  "accept-encoding": "gzip, deflate, br",
                                  "accept-language": "en-US"
                              }
                              Method: POST
                              URL: /
2024-06-24 [09:54:19.051] [3] Task started: point-of-sales-get-sales-records
2024-06-24 [09:54:19.057] [3] Response closed
2024-06-24 [09:54:19.057] [3] Request ended
2024-06-24 [09:54:19.058] [3] Request closed
2024-06-24 [09:54:19.058] [3] Task done
2024-06-24 [09:54:19.067] [4] Request recieved: ::1:65249
2024-06-24 [09:54:19.067] [4] Socket: {
                                  "localAddress": "::1",
                                  "localPort": 8080,
                                  "localFamily": "IPv6",
                                  "remoteAddress": "::1",
                                  "remoteFamily": "IPv6",
                                  "remotePort": 65249
                              }
                              Headers: {
                                  "host": "localhost:8080",
                                  "connection": "keep-alive",
                                  "content-length": "0",
                                  "sec-ch-ua": "\"Not-A.Brand\";v=\"99\", \"Chromium\";v=\"124\"",
                                  "action": "point-of-sales-get-customer-names",
                                  "sec-ch-ua-mobile": "?0",
                                  "user-agent": "Mozilla/5.0 (Windows NT 10.0; Win64; x64) AppleWebKit/537.36 (KHTML, like Gecko) HairlinersSalon/1.0.0 Chrome/124.0.6367.233 Electron/30.0.9 Safari/537.36",
                                  "token": "7a656e68493ca23998e528edb4022a61a2c0ee39e2707c11ab0ca78ce911b046",
                                  "sec-ch-ua-platform": "\"Windows\"",
                                  "accept": "*/*",
                                  "sec-fetch-site": "cross-site",
                                  "sec-fetch-mode": "cors",
                                  "sec-fetch-dest": "empty",
                                  "accept-encoding": "gzip, deflate, br",
                                  "accept-language": "en-US"
                              }
                              Method: POST
                              URL: /
2024-06-24 [09:54:19.067] [4] Task started: point-of-sales-get-customer-names
2024-06-24 [09:54:19.072] [4] Response closed
2024-06-24 [09:54:19.073] [4] Request ended
2024-06-24 [09:54:19.073] [4] Request closed
2024-06-24 [09:54:19.074] [4] Task done
2024-06-24 [09:54:19.090] [5] Request recieved: ::1:65252
2024-06-24 [09:54:19.091] [5] Socket: {
                                  "localAddress": "::1",
                                  "localPort": 8080,
                                  "localFamily": "IPv6",
                                  "remoteAddress": "::1",
                                  "remoteFamily": "IPv6",
                                  "remotePort": 65252
                              }
                              Headers: {
                                  "host": "localhost:8080",
                                  "connection": "keep-alive",
                                  "content-length": "0",
                                  "sec-ch-ua": "\"Not-A.Brand\";v=\"99\", \"Chromium\";v=\"124\"",
                                  "action": "point-of-sales-get-staff-names",
                                  "sec-ch-ua-mobile": "?0",
                                  "user-agent": "Mozilla/5.0 (Windows NT 10.0; Win64; x64) AppleWebKit/537.36 (KHTML, like Gecko) HairlinersSalon/1.0.0 Chrome/124.0.6367.233 Electron/30.0.9 Safari/537.36",
                                  "token": "7a656e68493ca23998e528edb4022a61a2c0ee39e2707c11ab0ca78ce911b046",
                                  "sec-ch-ua-platform": "\"Windows\"",
                                  "accept": "*/*",
                                  "sec-fetch-site": "cross-site",
                                  "sec-fetch-mode": "cors",
                                  "sec-fetch-dest": "empty",
                                  "accept-encoding": "gzip, deflate, br",
                                  "accept-language": "en-US"
                              }
                              Method: POST
                              URL: /
2024-06-24 [09:54:19.091] [5] Task started: point-of-sales-get-staff-names
2024-06-24 [09:54:19.095] [5] Response closed
2024-06-24 [09:54:19.095] [5] Request ended
2024-06-24 [09:54:19.095] [5] Request closed
2024-06-24 [09:54:19.096] [5] Task done
2024-06-24 [09:54:19.101] [6] Request recieved: ::1:65252
2024-06-24 [09:54:19.101] [6] Socket: {
                                  "localAddress": "::1",
                                  "localPort": 8080,
                                  "localFamily": "IPv6",
                                  "remoteAddress": "::1",
                                  "remoteFamily": "IPv6",
                                  "remotePort": 65252
                              }
                              Headers: {
                                  "host": "localhost:8080",
                                  "connection": "keep-alive",
                                  "content-length": "0",
                                  "sec-ch-ua": "\"Not-A.Brand\";v=\"99\", \"Chromium\";v=\"124\"",
                                  "action": "point-of-sales-get-services",
                                  "sec-ch-ua-mobile": "?0",
                                  "user-agent": "Mozilla/5.0 (Windows NT 10.0; Win64; x64) AppleWebKit/537.36 (KHTML, like Gecko) HairlinersSalon/1.0.0 Chrome/124.0.6367.233 Electron/30.0.9 Safari/537.36",
                                  "token": "7a656e68493ca23998e528edb4022a61a2c0ee39e2707c11ab0ca78ce911b046",
                                  "sec-ch-ua-platform": "\"Windows\"",
                                  "accept": "*/*",
                                  "sec-fetch-site": "cross-site",
                                  "sec-fetch-mode": "cors",
                                  "sec-fetch-dest": "empty",
                                  "accept-encoding": "gzip, deflate, br",
                                  "accept-language": "en-US"
                              }
                              Method: POST
                              URL: /
2024-06-24 [09:54:19.101] [6] Task started: point-of-sales-get-services
2024-06-24 [09:54:19.106] [6] Response closed
2024-06-24 [09:54:19.107] [6] Request ended
2024-06-24 [09:54:19.107] [6] Request closed
2024-06-24 [09:54:19.107] [6] Task done
2024-06-24 [09:54:20.102] [7] Request recieved: ::1:65252
2024-06-24 [09:54:20.102] [7] Socket: {
                                  "localAddress": "::1",
                                  "localPort": 8080,
                                  "localFamily": "IPv6",
                                  "remoteAddress": "::1",
                                  "remoteFamily": "IPv6",
                                  "remotePort": 65252
                              }
                              Headers: {
                                  "host": "localhost:8080",
                                  "connection": "keep-alive",
                                  "content-length": "2",
                                  "sec-ch-ua": "\"Not-A.Brand\";v=\"99\", \"Chromium\";v=\"124\"",
                                  "action": "point-of-sales-get-offered-services-by-sales-record-id",
                                  "content-type": "text/plain;charset=UTF-8",
                                  "sec-ch-ua-mobile": "?0",
                                  "user-agent": "Mozilla/5.0 (Windows NT 10.0; Win64; x64) AppleWebKit/537.36 (KHTML, like Gecko) HairlinersSalon/1.0.0 Chrome/124.0.6367.233 Electron/30.0.9 Safari/537.36",
                                  "token": "7a656e68493ca23998e528edb4022a61a2c0ee39e2707c11ab0ca78ce911b046",
                                  "sec-ch-ua-platform": "\"Windows\"",
                                  "accept": "*/*",
                                  "sec-fetch-site": "cross-site",
                                  "sec-fetch-mode": "cors",
                                  "sec-fetch-dest": "empty",
                                  "accept-encoding": "gzip, deflate, br",
                                  "accept-language": "en-US"
                              }
                              Method: POST
                              URL: /
2024-06-24 [09:54:20.102] [7] Task started: point-of-sales-get-offered-services-by-sales-record-id
2024-06-24 [09:54:20.106] [7] Request ended
2024-06-24 [09:54:20.106] [7] Request closed
2024-06-24 [09:54:20.109] [7] Task done
2024-06-24 [09:54:20.109] [7] Response closed
2024-06-24 [09:54:22.276] [8] Request recieved: ::1:65252
2024-06-24 [09:54:22.277] [8] Socket: {
                                  "localAddress": "::1",
                                  "localPort": 8080,
                                  "localFamily": "IPv6",
                                  "remoteAddress": "::1",
                                  "remoteFamily": "IPv6",
                                  "remotePort": 65252
                              }
                              Headers: {
                                  "host": "localhost:8080",
                                  "connection": "keep-alive",
                                  "content-length": "2",
                                  "sec-ch-ua": "\"Not-A.Brand\";v=\"99\", \"Chromium\";v=\"124\"",
                                  "action": "point-of-sales-get-sales-record-by-id",
                                  "content-type": "text/plain;charset=UTF-8",
                                  "sec-ch-ua-mobile": "?0",
                                  "user-agent": "Mozilla/5.0 (Windows NT 10.0; Win64; x64) AppleWebKit/537.36 (KHTML, like Gecko) HairlinersSalon/1.0.0 Chrome/124.0.6367.233 Electron/30.0.9 Safari/537.36",
                                  "token": "7a656e68493ca23998e528edb4022a61a2c0ee39e2707c11ab0ca78ce911b046",
                                  "sec-ch-ua-platform": "\"Windows\"",
                                  "accept": "*/*",
                                  "sec-fetch-site": "cross-site",
                                  "sec-fetch-mode": "cors",
                                  "sec-fetch-dest": "empty",
                                  "accept-encoding": "gzip, deflate, br",
                                  "accept-language": "en-US"
                              }
                              Method: POST
                              URL: /
2024-06-24 [09:54:22.277] [8] Task started: point-of-sales-get-sales-record-by-id
2024-06-24 [09:54:22.280] [8] Request ended
2024-06-24 [09:54:22.280] [8] Request closed
2024-06-24 [09:54:22.283] [8] Task done
2024-06-24 [09:54:22.283] [8] Response closed
2024-06-24 [09:54:22.486] [9] Request recieved: ::1:65252
2024-06-24 [09:54:22.487] [9] Socket: {
                                  "localAddress": "::1",
                                  "localPort": 8080,
                                  "localFamily": "IPv6",
                                  "remoteAddress": "::1",
                                  "remoteFamily": "IPv6",
                                  "remotePort": 65252
                              }
                              Headers: {
                                  "host": "localhost:8080",
                                  "connection": "keep-alive",
                                  "content-length": "2",
                                  "sec-ch-ua": "\"Not-A.Brand\";v=\"99\", \"Chromium\";v=\"124\"",
                                  "action": "point-of-sales-get-offered-services-by-sales-record-id",
                                  "content-type": "text/plain;charset=UTF-8",
                                  "sec-ch-ua-mobile": "?0",
                                  "user-agent": "Mozilla/5.0 (Windows NT 10.0; Win64; x64) AppleWebKit/537.36 (KHTML, like Gecko) HairlinersSalon/1.0.0 Chrome/124.0.6367.233 Electron/30.0.9 Safari/537.36",
                                  "token": "7a656e68493ca23998e528edb4022a61a2c0ee39e2707c11ab0ca78ce911b046",
                                  "sec-ch-ua-platform": "\"Windows\"",
                                  "accept": "*/*",
                                  "sec-fetch-site": "cross-site",
                                  "sec-fetch-mode": "cors",
                                  "sec-fetch-dest": "empty",
                                  "accept-encoding": "gzip, deflate, br",
                                  "accept-language": "en-US"
                              }
                              Method: POST
                              URL: /
2024-06-24 [09:54:22.487] [9] Task started: point-of-sales-get-offered-services-by-sales-record-id
2024-06-24 [09:54:22.489] [9] Request ended
2024-06-24 [09:54:22.489] [9] Request closed
2024-06-24 [09:54:22.491] [9] Task done
2024-06-24 [09:54:22.492] [9] Response closed
2024-06-24 [09:54:29.510] [10] Request recieved: ::1:65259
2024-06-24 [09:54:29.511] [10] Socket: {
                                   "localAddress": "::1",
                                   "localPort": 8080,
                                   "localFamily": "IPv6",
                                   "remoteAddress": "::1",
                                   "remoteFamily": "IPv6",
                                   "remotePort": 65259
                               }
                               Headers: {
                                   "host": "localhost:8080",
                                   "connection": "keep-alive",
                                   "content-length": "150",
                                   "sec-ch-ua": "\"Not-A.Brand\";v=\"99\", \"Chromium\";v=\"124\"",
                                   "action": "point-of-sales-edit-sales-record",
                                   "content-type": "text/plain;charset=UTF-8",
                                   "sec-ch-ua-mobile": "?0",
                                   "user-agent": "Mozilla/5.0 (Windows NT 10.0; Win64; x64) AppleWebKit/537.36 (KHTML, like Gecko) HairlinersSalon/1.0.0 Chrome/124.0.6367.233 Electron/30.0.9 Safari/537.36",
                                   "token": "7a656e68493ca23998e528edb4022a61a2c0ee39e2707c11ab0ca78ce911b046",
                                   "sec-ch-ua-platform": "\"Windows\"",
                                   "accept": "*/*",
                                   "sec-fetch-site": "cross-site",
                                   "sec-fetch-mode": "cors",
                                   "sec-fetch-dest": "empty",
                                   "accept-encoding": "gzip, deflate, br",
                                   "accept-language": "en-US"
                               }
                               Method: POST
                               URL: /
2024-06-24 [09:54:29.512] [10] Task started: point-of-sales-edit-sales-record
2024-06-24 [09:54:29.515] [10] Request ended
2024-06-24 [09:54:29.515] [10] Request closed
2024-06-24 [09:54:29.518] [10] Task done
2024-06-24 [09:54:29.518] [10] Response closed
2024-06-24 [09:54:38.923] [11] Request recieved: ::1:65262
2024-06-24 [09:54:38.923] [11] Socket: {
                                   "localAddress": "::1",
                                   "localPort": 8080,
                                   "localFamily": "IPv6",
                                   "remoteAddress": "::1",
                                   "remoteFamily": "IPv6",
                                   "remotePort": 65262
                               }
                               Headers: {
                                   "host": "localhost:8080",
                                   "connection": "keep-alive",
                                   "content-length": "150",
                                   "sec-ch-ua": "\"Not-A.Brand\";v=\"99\", \"Chromium\";v=\"124\"",
                                   "action": "point-of-sales-edit-sales-record",
                                   "content-type": "text/plain;charset=UTF-8",
                                   "sec-ch-ua-mobile": "?0",
                                   "user-agent": "Mozilla/5.0 (Windows NT 10.0; Win64; x64) AppleWebKit/537.36 (KHTML, like Gecko) HairlinersSalon/1.0.0 Chrome/124.0.6367.233 Electron/30.0.9 Safari/537.36",
                                   "token": "7a656e68493ca23998e528edb4022a61a2c0ee39e2707c11ab0ca78ce911b046",
                                   "sec-ch-ua-platform": "\"Windows\"",
                                   "accept": "*/*",
                                   "sec-fetch-site": "cross-site",
                                   "sec-fetch-mode": "cors",
                                   "sec-fetch-dest": "empty",
                                   "accept-encoding": "gzip, deflate, br",
                                   "accept-language": "en-US"
                               }
                               Method: POST
                               URL: /
2024-06-24 [09:54:38.924] [11] Task started: point-of-sales-edit-sales-record
2024-06-24 [09:54:38.925] [11] Request ended
2024-06-24 [09:54:38.925] [11] Request closed
2024-06-24 [09:54:39.010] [11] Task done
2024-06-24 [09:54:39.011] [11] Response closed
2024-06-24 [09:54:39.018] [12] Request recieved: ::1:65262
2024-06-24 [09:54:39.018] [12] Socket: {
                                   "localAddress": "::1",
                                   "localPort": 8080,
                                   "localFamily": "IPv6",
                                   "remoteAddress": "::1",
                                   "remoteFamily": "IPv6",
                                   "remotePort": 65262
                               }
                               Headers: {
                                   "host": "localhost:8080",
                                   "connection": "keep-alive",
                                   "content-length": "0",
                                   "sec-ch-ua": "\"Not-A.Brand\";v=\"99\", \"Chromium\";v=\"124\"",
                                   "action": "point-of-sales-get-sales-records",
                                   "sec-ch-ua-mobile": "?0",
                                   "user-agent": "Mozilla/5.0 (Windows NT 10.0; Win64; x64) AppleWebKit/537.36 (KHTML, like Gecko) HairlinersSalon/1.0.0 Chrome/124.0.6367.233 Electron/30.0.9 Safari/537.36",
                                   "token": "7a656e68493ca23998e528edb4022a61a2c0ee39e2707c11ab0ca78ce911b046",
                                   "sec-ch-ua-platform": "\"Windows\"",
                                   "accept": "*/*",
                                   "sec-fetch-site": "cross-site",
                                   "sec-fetch-mode": "cors",
                                   "sec-fetch-dest": "empty",
                                   "accept-encoding": "gzip, deflate, br",
                                   "accept-language": "en-US"
                               }
                               Method: POST
                               URL: /
2024-06-24 [09:54:39.018] [12] Task started: point-of-sales-get-sales-records
2024-06-24 [09:54:39.021] [12] Response closed
2024-06-24 [09:54:39.022] [12] Request ended
2024-06-24 [09:54:39.022] [12] Request closed
2024-06-24 [09:54:39.022] [12] Task done
2024-06-24 [09:54:39.028] [13] Request recieved: ::1:65262
2024-06-24 [09:54:39.028] [13] Socket: {
                                   "localAddress": "::1",
                                   "localPort": 8080,
                                   "localFamily": "IPv6",
                                   "remoteAddress": "::1",
                                   "remoteFamily": "IPv6",
                                   "remotePort": 65262
                               }
                               Headers: {
                                   "host": "localhost:8080",
                                   "connection": "keep-alive",
                                   "content-length": "0",
                                   "sec-ch-ua": "\"Not-A.Brand\";v=\"99\", \"Chromium\";v=\"124\"",
                                   "action": "point-of-sales-get-customer-names",
                                   "sec-ch-ua-mobile": "?0",
                                   "user-agent": "Mozilla/5.0 (Windows NT 10.0; Win64; x64) AppleWebKit/537.36 (KHTML, like Gecko) HairlinersSalon/1.0.0 Chrome/124.0.6367.233 Electron/30.0.9 Safari/537.36",
                                   "token": "7a656e68493ca23998e528edb4022a61a2c0ee39e2707c11ab0ca78ce911b046",
                                   "sec-ch-ua-platform": "\"Windows\"",
                                   "accept": "*/*",
                                   "sec-fetch-site": "cross-site",
                                   "sec-fetch-mode": "cors",
                                   "sec-fetch-dest": "empty",
                                   "accept-encoding": "gzip, deflate, br",
                                   "accept-language": "en-US"
                               }
                               Method: POST
                               URL: /
2024-06-24 [09:54:39.028] [13] Task started: point-of-sales-get-customer-names
2024-06-24 [09:54:39.031] [13] Response closed
2024-06-24 [09:54:39.031] [13] Request ended
2024-06-24 [09:54:39.032] [13] Request closed
2024-06-24 [09:54:39.032] [13] Task done
2024-06-24 [09:54:39.038] [14] Request recieved: ::1:65262
2024-06-24 [09:54:39.039] [14] Socket: {
                                   "localAddress": "::1",
                                   "localPort": 8080,
                                   "localFamily": "IPv6",
                                   "remoteAddress": "::1",
                                   "remoteFamily": "IPv6",
                                   "remotePort": 65262
                               }
                               Headers: {
                                   "host": "localhost:8080",
                                   "connection": "keep-alive",
                                   "content-length": "0",
                                   "sec-ch-ua": "\"Not-A.Brand\";v=\"99\", \"Chromium\";v=\"124\"",
                                   "action": "point-of-sales-get-staff-names",
                                   "sec-ch-ua-mobile": "?0",
                                   "user-agent": "Mozilla/5.0 (Windows NT 10.0; Win64; x64) AppleWebKit/537.36 (KHTML, like Gecko) HairlinersSalon/1.0.0 Chrome/124.0.6367.233 Electron/30.0.9 Safari/537.36",
                                   "token": "7a656e68493ca23998e528edb4022a61a2c0ee39e2707c11ab0ca78ce911b046",
                                   "sec-ch-ua-platform": "\"Windows\"",
                                   "accept": "*/*",
                                   "sec-fetch-site": "cross-site",
                                   "sec-fetch-mode": "cors",
                                   "sec-fetch-dest": "empty",
                                   "accept-encoding": "gzip, deflate, br",
                                   "accept-language": "en-US"
                               }
                               Method: POST
                               URL: /
2024-06-24 [09:54:39.039] [14] Task started: point-of-sales-get-staff-names
2024-06-24 [09:54:39.042] [14] Response closed
2024-06-24 [09:54:39.042] [14] Request ended
2024-06-24 [09:54:39.043] [14] Request closed
2024-06-24 [09:54:39.043] [14] Task done
2024-06-24 [09:54:39.048] [15] Request recieved: ::1:65262
2024-06-24 [09:54:39.049] [15] Socket: {
                                   "localAddress": "::1",
                                   "localPort": 8080,
                                   "localFamily": "IPv6",
                                   "remoteAddress": "::1",
                                   "remoteFamily": "IPv6",
                                   "remotePort": 65262
                               }
                               Headers: {
                                   "host": "localhost:8080",
                                   "connection": "keep-alive",
                                   "content-length": "0",
                                   "sec-ch-ua": "\"Not-A.Brand\";v=\"99\", \"Chromium\";v=\"124\"",
                                   "action": "point-of-sales-get-services",
                                   "sec-ch-ua-mobile": "?0",
                                   "user-agent": "Mozilla/5.0 (Windows NT 10.0; Win64; x64) AppleWebKit/537.36 (KHTML, like Gecko) HairlinersSalon/1.0.0 Chrome/124.0.6367.233 Electron/30.0.9 Safari/537.36",
                                   "token": "7a656e68493ca23998e528edb4022a61a2c0ee39e2707c11ab0ca78ce911b046",
                                   "sec-ch-ua-platform": "\"Windows\"",
                                   "accept": "*/*",
                                   "sec-fetch-site": "cross-site",
                                   "sec-fetch-mode": "cors",
                                   "sec-fetch-dest": "empty",
                                   "accept-encoding": "gzip, deflate, br",
                                   "accept-language": "en-US"
                               }
                               Method: POST
                               URL: /
2024-06-24 [09:54:39.049] [15] Task started: point-of-sales-get-services
2024-06-24 [09:54:39.052] [15] Response closed
2024-06-24 [09:54:39.052] [15] Request ended
2024-06-24 [09:54:39.052] [15] Request closed
2024-06-24 [09:54:39.053] [15] Task done
2024-06-24 [09:54:39.067] [16] Request recieved: ::1:65262
2024-06-24 [09:54:39.067] [16] Socket: {
                                   "localAddress": "::1",
                                   "localPort": 8080,
                                   "localFamily": "IPv6",
                                   "remoteAddress": "::1",
                                   "remoteFamily": "IPv6",
                                   "remotePort": 65262
                               }
                               Headers: {
                                   "host": "localhost:8080",
                                   "connection": "keep-alive",
                                   "content-length": "2",
                                   "sec-ch-ua": "\"Not-A.Brand\";v=\"99\", \"Chromium\";v=\"124\"",
                                   "action": "point-of-sales-get-offered-services-by-sales-record-id",
                                   "content-type": "text/plain;charset=UTF-8",
                                   "sec-ch-ua-mobile": "?0",
                                   "user-agent": "Mozilla/5.0 (Windows NT 10.0; Win64; x64) AppleWebKit/537.36 (KHTML, like Gecko) HairlinersSalon/1.0.0 Chrome/124.0.6367.233 Electron/30.0.9 Safari/537.36",
                                   "token": "7a656e68493ca23998e528edb4022a61a2c0ee39e2707c11ab0ca78ce911b046",
                                   "sec-ch-ua-platform": "\"Windows\"",
                                   "accept": "*/*",
                                   "sec-fetch-site": "cross-site",
                                   "sec-fetch-mode": "cors",
                                   "sec-fetch-dest": "empty",
                                   "accept-encoding": "gzip, deflate, br",
                                   "accept-language": "en-US"
                               }
                               Method: POST
                               URL: /
2024-06-24 [09:54:39.067] [16] Task started: point-of-sales-get-offered-services-by-sales-record-id
2024-06-24 [09:54:39.069] [16] Request ended
2024-06-24 [09:54:39.070] [16] Request closed
2024-06-24 [09:54:39.072] [16] Task done
2024-06-24 [09:54:39.072] [16] Response closed
