2024-07-01 [16:11:09.701] [0] Request recieved: ::1:49360
2024-07-01 [16:11:09.702] [0] Socket: {
                                  "localAddress": "::1",
                                  "localPort": 8080,
                                  "localFamily": "IPv6",
                                  "remoteAddress": "::1",
                                  "remoteFamily": "IPv6",
                                  "remotePort": 49360
                              }
                              Headers: {
                                  "host": "localhost:8080",
                                  "connection": "keep-alive",
                                  "content-length": "46",
                                  "sec-ch-ua": "\"Not-A.Brand\";v=\"99\", \"Chromium\";v=\"124\"",
                                  "action": "login",
                                  "content-type": "text/plain;charset=UTF-8",
                                  "sec-ch-ua-mobile": "?0",
                                  "user-agent": "Mozilla/5.0 (Windows NT 10.0; Win64; x64) AppleWebKit/537.36 (KHTML, like Gecko) HairlinersSalon/1.0.0 Chrome/124.0.6367.233 Electron/30.0.9 Safari/537.36",
                                  "sec-ch-ua-platform": "\"Windows\"",
                                  "accept": "*/*",
                                  "sec-fetch-site": "cross-site",
                                  "sec-fetch-mode": "cors",
                                  "sec-fetch-dest": "empty",
                                  "accept-encoding": "gzip, deflate, br",
                                  "accept-language": "en-US"
                              }
                              Method: POST
                              URL: /
2024-07-01 [16:11:09.702] [0] Task started: login
2024-07-01 [16:11:09.704] [0] Request ended
2024-07-01 [16:11:09.704] [0] Request closed
2024-07-01 [16:11:09.709] [0] Task done
2024-07-01 [16:11:09.710] [0] Response closed
2024-07-01 [16:11:09.712] [1] Request recieved: ::1:49360
2024-07-01 [16:11:09.713] [1] Socket: {
                                  "localAddress": "::1",
                                  "localPort": 8080,
                                  "localFamily": "IPv6",
                                  "remoteAddress": "::1",
                                  "remoteFamily": "IPv6",
                                  "remotePort": 49360
                              }
                              Headers: {
                                  "host": "localhost:8080",
                                  "connection": "keep-alive",
                                  "content-length": "0",
                                  "sec-ch-ua": "\"Not-A.Brand\";v=\"99\", \"Chromium\";v=\"124\"",
                                  "action": "customer-management-get-staff-names",
                                  "sec-ch-ua-mobile": "?0",
                                  "user-agent": "Mozilla/5.0 (Windows NT 10.0; Win64; x64) AppleWebKit/537.36 (KHTML, like Gecko) HairlinersSalon/1.0.0 Chrome/124.0.6367.233 Electron/30.0.9 Safari/537.36",
                                  "token": "48b14da3613345577b5dd71c5bcc2724ccd05262a78dc80e054d0f5c5e1e17f9",
                                  "sec-ch-ua-platform": "\"Windows\"",
                                  "accept": "*/*",
                                  "sec-fetch-site": "cross-site",
                                  "sec-fetch-mode": "cors",
                                  "sec-fetch-dest": "empty",
                                  "accept-encoding": "gzip, deflate, br",
                                  "accept-language": "en-US"
                              }
                              Method: POST
                              URL: /
2024-07-01 [16:11:09.713] [1] Task started: customer-management-get-staff-names
2024-07-01 [16:11:09.714] [1] Response closed
2024-07-01 [16:11:09.714] [1] Request ended
2024-07-01 [16:11:09.714] [1] Request closed
2024-07-01 [16:11:09.714] [1] Task done
2024-07-01 [16:11:09.725] [2] Request recieved: ::1:49360
2024-07-01 [16:11:09.725] [2] Socket: {
                                  "localAddress": "::1",
                                  "localPort": 8080,
                                  "localFamily": "IPv6",
                                  "remoteAddress": "::1",
                                  "remoteFamily": "IPv6",
                                  "remotePort": 49360
                              }
                              Headers: {
                                  "host": "localhost:8080",
                                  "connection": "keep-alive",
                                  "content-length": "0",
                                  "sec-ch-ua": "\"Not-A.Brand\";v=\"99\", \"Chromium\";v=\"124\"",
                                  "action": "customer-management-get-customers",
                                  "sec-ch-ua-mobile": "?0",
                                  "user-agent": "Mozilla/5.0 (Windows NT 10.0; Win64; x64) AppleWebKit/537.36 (KHTML, like Gecko) HairlinersSalon/1.0.0 Chrome/124.0.6367.233 Electron/30.0.9 Safari/537.36",
                                  "token": "48b14da3613345577b5dd71c5bcc2724ccd05262a78dc80e054d0f5c5e1e17f9",
                                  "sec-ch-ua-platform": "\"Windows\"",
                                  "accept": "*/*",
                                  "sec-fetch-site": "cross-site",
                                  "sec-fetch-mode": "cors",
                                  "sec-fetch-dest": "empty",
                                  "accept-encoding": "gzip, deflate, br",
                                  "accept-language": "en-US"
                              }
                              Method: POST
                              URL: /
2024-07-01 [16:11:09.725] [2] Task started: customer-management-get-customers
2024-07-01 [16:11:09.727] [2] Response closed
2024-07-01 [16:11:09.727] [2] Request ended
2024-07-01 [16:11:09.727] [2] Request closed
2024-07-01 [16:11:09.727] [2] Task done
2024-07-01 [16:11:31.157] [3] Request recieved: ::1:49361
2024-07-01 [16:11:31.157] [3] Socket: {
                                  "localAddress": "::1",
                                  "localPort": 8080,
                                  "localFamily": "IPv6",
                                  "remoteAddress": "::1",
                                  "remoteFamily": "IPv6",
                                  "remotePort": 49361
                              }
                              Headers: {
                                  "host": "localhost:8080",
                                  "connection": "keep-alive",
                                  "content-length": "0",
                                  "sec-ch-ua": "\"Not-A.Brand\";v=\"99\", \"Chromium\";v=\"124\"",
                                  "action": "customer-management-get-staff-names",
                                  "sec-ch-ua-mobile": "?0",
                                  "user-agent": "Mozilla/5.0 (Windows NT 10.0; Win64; x64) AppleWebKit/537.36 (KHTML, like Gecko) HairlinersSalon/1.0.0 Chrome/124.0.6367.233 Electron/30.0.9 Safari/537.36",
                                  "token": "48b14da3613345577b5dd71c5bcc2724ccd05262a78dc80e054d0f5c5e1e17f9",
                                  "sec-ch-ua-platform": "\"Windows\"",
                                  "accept": "*/*",
                                  "sec-fetch-site": "cross-site",
                                  "sec-fetch-mode": "cors",
                                  "sec-fetch-dest": "empty",
                                  "accept-encoding": "gzip, deflate, br",
                                  "accept-language": "en-US"
                              }
                              Method: POST
                              URL: /
2024-07-01 [16:11:31.157] [3] Task started: customer-management-get-staff-names
2024-07-01 [16:11:31.158] [3] Response closed
2024-07-01 [16:11:31.158] [3] Request ended
2024-07-01 [16:11:31.158] [3] Request closed
2024-07-01 [16:11:31.158] [3] Task done
2024-07-01 [16:11:31.159] [4] Request recieved: ::1:49361
2024-07-01 [16:11:31.159] [4] Socket: {
                                  "localAddress": "::1",
                                  "localPort": 8080,
                                  "localFamily": "IPv6",
                                  "remoteAddress": "::1",
                                  "remoteFamily": "IPv6",
                                  "remotePort": 49361
                              }
                              Headers: {
                                  "host": "localhost:8080",
                                  "connection": "keep-alive",
                                  "content-length": "0",
                                  "sec-ch-ua": "\"Not-A.Brand\";v=\"99\", \"Chromium\";v=\"124\"",
                                  "action": "customer-management-get-customers",
                                  "sec-ch-ua-mobile": "?0",
                                  "user-agent": "Mozilla/5.0 (Windows NT 10.0; Win64; x64) AppleWebKit/537.36 (KHTML, like Gecko) HairlinersSalon/1.0.0 Chrome/124.0.6367.233 Electron/30.0.9 Safari/537.36",
                                  "token": "48b14da3613345577b5dd71c5bcc2724ccd05262a78dc80e054d0f5c5e1e17f9",
                                  "sec-ch-ua-platform": "\"Windows\"",
                                  "accept": "*/*",
                                  "sec-fetch-site": "cross-site",
                                  "sec-fetch-mode": "cors",
                                  "sec-fetch-dest": "empty",
                                  "accept-encoding": "gzip, deflate, br",
                                  "accept-language": "en-US"
                              }
                              Method: POST
                              URL: /
2024-07-01 [16:11:31.159] [4] Task started: customer-management-get-customers
2024-07-01 [16:11:31.160] [4] Response closed
2024-07-01 [16:11:31.160] [4] Request ended
2024-07-01 [16:11:31.160] [4] Request closed
2024-07-01 [16:11:31.160] [4] Task done
2024-07-01 [16:11:34.693] [5] Request recieved: ::1:49362
2024-07-01 [16:11:34.693] [5] Socket: {
                                  "localAddress": "::1",
                                  "localPort": 8080,
                                  "localFamily": "IPv6",
                                  "remoteAddress": "::1",
                                  "remoteFamily": "IPv6",
                                  "remotePort": 49362
                              }
                              Headers: {
                                  "host": "localhost:8080",
                                  "connection": "keep-alive",
                                  "content-length": "0",
                                  "sec-ch-ua": "\"Not-A.Brand\";v=\"99\", \"Chromium\";v=\"124\"",
                                  "action": "point-of-sales-get-customer-names",
                                  "sec-ch-ua-mobile": "?0",
                                  "user-agent": "Mozilla/5.0 (Windows NT 10.0; Win64; x64) AppleWebKit/537.36 (KHTML, like Gecko) HairlinersSalon/1.0.0 Chrome/124.0.6367.233 Electron/30.0.9 Safari/537.36",
                                  "token": "48b14da3613345577b5dd71c5bcc2724ccd05262a78dc80e054d0f5c5e1e17f9",
                                  "sec-ch-ua-platform": "\"Windows\"",
                                  "accept": "*/*",
                                  "sec-fetch-site": "cross-site",
                                  "sec-fetch-mode": "cors",
                                  "sec-fetch-dest": "empty",
                                  "accept-encoding": "gzip, deflate, br",
                                  "accept-language": "en-US"
                              }
                              Method: POST
                              URL: /
2024-07-01 [16:11:34.693] [5] Task started: point-of-sales-get-customer-names
2024-07-01 [16:11:34.694] [5] Response closed
2024-07-01 [16:11:34.694] [5] Request ended
2024-07-01 [16:11:34.694] [5] Request closed
2024-07-01 [16:11:34.694] [5] Task done
2024-07-01 [16:11:34.697] [6] Request recieved: ::1:49362
2024-07-01 [16:11:34.697] [6] Socket: {
                                  "localAddress": "::1",
                                  "localPort": 8080,
                                  "localFamily": "IPv6",
                                  "remoteAddress": "::1",
                                  "remoteFamily": "IPv6",
                                  "remotePort": 49362
                              }
                              Headers: {
                                  "host": "localhost:8080",
                                  "connection": "keep-alive",
                                  "content-length": "0",
                                  "sec-ch-ua": "\"Not-A.Brand\";v=\"99\", \"Chromium\";v=\"124\"",
                                  "action": "point-of-sales-get-staff-names",
                                  "sec-ch-ua-mobile": "?0",
                                  "user-agent": "Mozilla/5.0 (Windows NT 10.0; Win64; x64) AppleWebKit/537.36 (KHTML, like Gecko) HairlinersSalon/1.0.0 Chrome/124.0.6367.233 Electron/30.0.9 Safari/537.36",
                                  "token": "48b14da3613345577b5dd71c5bcc2724ccd05262a78dc80e054d0f5c5e1e17f9",
                                  "sec-ch-ua-platform": "\"Windows\"",
                                  "accept": "*/*",
                                  "sec-fetch-site": "cross-site",
                                  "sec-fetch-mode": "cors",
                                  "sec-fetch-dest": "empty",
                                  "accept-encoding": "gzip, deflate, br",
                                  "accept-language": "en-US"
                              }
                              Method: POST
                              URL: /
2024-07-01 [16:11:34.697] [6] Task started: point-of-sales-get-staff-names
2024-07-01 [16:11:34.698] [6] Response closed
2024-07-01 [16:11:34.698] [6] Request ended
2024-07-01 [16:11:34.698] [6] Request closed
2024-07-01 [16:11:34.698] [6] Task done
2024-07-01 [16:11:34.700] [7] Request recieved: ::1:49362
2024-07-01 [16:11:34.700] [7] Socket: {
                                  "localAddress": "::1",
                                  "localPort": 8080,
                                  "localFamily": "IPv6",
                                  "remoteAddress": "::1",
                                  "remoteFamily": "IPv6",
                                  "remotePort": 49362
                              }
                              Headers: {
                                  "host": "localhost:8080",
                                  "connection": "keep-alive",
                                  "content-length": "0",
                                  "sec-ch-ua": "\"Not-A.Brand\";v=\"99\", \"Chromium\";v=\"124\"",
                                  "action": "point-of-sales-get-sales-records",
                                  "sec-ch-ua-mobile": "?0",
                                  "user-agent": "Mozilla/5.0 (Windows NT 10.0; Win64; x64) AppleWebKit/537.36 (KHTML, like Gecko) HairlinersSalon/1.0.0 Chrome/124.0.6367.233 Electron/30.0.9 Safari/537.36",
                                  "token": "48b14da3613345577b5dd71c5bcc2724ccd05262a78dc80e054d0f5c5e1e17f9",
                                  "sec-ch-ua-platform": "\"Windows\"",
                                  "accept": "*/*",
                                  "sec-fetch-site": "cross-site",
                                  "sec-fetch-mode": "cors",
                                  "sec-fetch-dest": "empty",
                                  "accept-encoding": "gzip, deflate, br",
                                  "accept-language": "en-US"
                              }
                              Method: POST
                              URL: /
2024-07-01 [16:11:34.700] [7] Task started: point-of-sales-get-sales-records
2024-07-01 [16:11:34.702] [7] Response closed
2024-07-01 [16:11:34.702] [7] Request ended
2024-07-01 [16:11:34.702] [7] Request closed
2024-07-01 [16:11:34.702] [7] Task done
2024-07-01 [16:11:34.706] [8] Request recieved: ::1:49362
2024-07-01 [16:11:34.706] [8] Socket: {
                                  "localAddress": "::1",
                                  "localPort": 8080,
                                  "localFamily": "IPv6",
                                  "remoteAddress": "::1",
                                  "remoteFamily": "IPv6",
                                  "remotePort": 49362
                              }
                              Headers: {
                                  "host": "localhost:8080",
                                  "connection": "keep-alive",
                                  "content-length": "0",
                                  "sec-ch-ua": "\"Not-A.Brand\";v=\"99\", \"Chromium\";v=\"124\"",
                                  "action": "point-of-sales-get-services",
                                  "sec-ch-ua-mobile": "?0",
                                  "user-agent": "Mozilla/5.0 (Windows NT 10.0; Win64; x64) AppleWebKit/537.36 (KHTML, like Gecko) HairlinersSalon/1.0.0 Chrome/124.0.6367.233 Electron/30.0.9 Safari/537.36",
                                  "token": "48b14da3613345577b5dd71c5bcc2724ccd05262a78dc80e054d0f5c5e1e17f9",
                                  "sec-ch-ua-platform": "\"Windows\"",
                                  "accept": "*/*",
                                  "sec-fetch-site": "cross-site",
                                  "sec-fetch-mode": "cors",
                                  "sec-fetch-dest": "empty",
                                  "accept-encoding": "gzip, deflate, br",
                                  "accept-language": "en-US"
                              }
                              Method: POST
                              URL: /
2024-07-01 [16:11:34.706] [8] Task started: point-of-sales-get-services
2024-07-01 [16:11:34.707] [8] Response closed
2024-07-01 [16:11:34.707] [8] Request ended
2024-07-01 [16:11:34.707] [8] Request closed
2024-07-01 [16:11:34.707] [8] Task done
2024-07-01 [16:11:37.820] [9] Request recieved: ::1:49362
2024-07-01 [16:11:37.820] [9] Socket: {
                                  "localAddress": "::1",
                                  "localPort": 8080,
                                  "localFamily": "IPv6",
                                  "remoteAddress": "::1",
                                  "remoteFamily": "IPv6",
                                  "remotePort": 49362
                              }
                              Headers: {
                                  "host": "localhost:8080",
                                  "connection": "keep-alive",
                                  "content-length": "0",
                                  "sec-ch-ua": "\"Not-A.Brand\";v=\"99\", \"Chromium\";v=\"124\"",
                                  "action": "inventory-management-get-staff-names",
                                  "sec-ch-ua-mobile": "?0",
                                  "user-agent": "Mozilla/5.0 (Windows NT 10.0; Win64; x64) AppleWebKit/537.36 (KHTML, like Gecko) HairlinersSalon/1.0.0 Chrome/124.0.6367.233 Electron/30.0.9 Safari/537.36",
                                  "token": "48b14da3613345577b5dd71c5bcc2724ccd05262a78dc80e054d0f5c5e1e17f9",
                                  "sec-ch-ua-platform": "\"Windows\"",
                                  "accept": "*/*",
                                  "sec-fetch-site": "cross-site",
                                  "sec-fetch-mode": "cors",
                                  "sec-fetch-dest": "empty",
                                  "accept-encoding": "gzip, deflate, br",
                                  "accept-language": "en-US"
                              }
                              Method: POST
                              URL: /
2024-07-01 [16:11:37.820] [9] Task started: inventory-management-get-staff-names
2024-07-01 [16:11:37.821] [9] Response closed
2024-07-01 [16:11:37.821] [9] Request ended
2024-07-01 [16:11:37.821] [9] Request closed
2024-07-01 [16:11:37.821] [9] Task done
2024-07-01 [16:11:37.823] [10] Request recieved: ::1:49362
2024-07-01 [16:11:37.823] [10] Socket: {
                                   "localAddress": "::1",
                                   "localPort": 8080,
                                   "localFamily": "IPv6",
                                   "remoteAddress": "::1",
                                   "remoteFamily": "IPv6",
                                   "remotePort": 49362
                               }
                               Headers: {
                                   "host": "localhost:8080",
                                   "connection": "keep-alive",
                                   "content-length": "0",
                                   "sec-ch-ua": "\"Not-A.Brand\";v=\"99\", \"Chromium\";v=\"124\"",
                                   "action": "inventory-management-get-inventory-items",
                                   "sec-ch-ua-mobile": "?0",
                                   "user-agent": "Mozilla/5.0 (Windows NT 10.0; Win64; x64) AppleWebKit/537.36 (KHTML, like Gecko) HairlinersSalon/1.0.0 Chrome/124.0.6367.233 Electron/30.0.9 Safari/537.36",
                                   "token": "48b14da3613345577b5dd71c5bcc2724ccd05262a78dc80e054d0f5c5e1e17f9",
                                   "sec-ch-ua-platform": "\"Windows\"",
                                   "accept": "*/*",
                                   "sec-fetch-site": "cross-site",
                                   "sec-fetch-mode": "cors",
                                   "sec-fetch-dest": "empty",
                                   "accept-encoding": "gzip, deflate, br",
                                   "accept-language": "en-US"
                               }
                               Method: POST
                               URL: /
2024-07-01 [16:11:37.823] [10] Task started: inventory-management-get-inventory-items
2024-07-01 [16:11:37.823] [10] Response closed
2024-07-01 [16:11:37.823] [10] Request ended
2024-07-01 [16:11:37.823] [10] Request closed
2024-07-01 [16:11:37.823] [10] Task done
2024-07-01 [16:11:37.826] [11] Request recieved: ::1:49362
2024-07-01 [16:11:37.827] [11] Socket: {
                                   "localAddress": "::1",
                                   "localPort": 8080,
                                   "localFamily": "IPv6",
                                   "remoteAddress": "::1",
                                   "remoteFamily": "IPv6",
                                   "remotePort": 49362
                               }
                               Headers: {
                                   "host": "localhost:8080",
                                   "connection": "keep-alive",
                                   "content-length": "0",
                                   "sec-ch-ua": "\"Not-A.Brand\";v=\"99\", \"Chromium\";v=\"124\"",
                                   "action": "inventory-management-get-inventory-records",
                                   "sec-ch-ua-mobile": "?0",
                                   "user-agent": "Mozilla/5.0 (Windows NT 10.0; Win64; x64) AppleWebKit/537.36 (KHTML, like Gecko) HairlinersSalon/1.0.0 Chrome/124.0.6367.233 Electron/30.0.9 Safari/537.36",
                                   "token": "48b14da3613345577b5dd71c5bcc2724ccd05262a78dc80e054d0f5c5e1e17f9",
                                   "sec-ch-ua-platform": "\"Windows\"",
                                   "accept": "*/*",
                                   "sec-fetch-site": "cross-site",
                                   "sec-fetch-mode": "cors",
                                   "sec-fetch-dest": "empty",
                                   "accept-encoding": "gzip, deflate, br",
                                   "accept-language": "en-US"
                               }
                               Method: POST
                               URL: /
2024-07-01 [16:11:37.827] [11] Task started: inventory-management-get-inventory-records
2024-07-01 [16:11:37.828] [11] Response closed
2024-07-01 [16:11:37.828] [11] Request ended
2024-07-01 [16:11:37.828] [11] Request closed
2024-07-01 [16:11:37.828] [11] Task done
2024-07-01 [16:11:40.100] [12] Request recieved: ::1:49362
2024-07-01 [16:11:40.100] [12] Socket: {
                                   "localAddress": "::1",
                                   "localPort": 8080,
                                   "localFamily": "IPv6",
                                   "remoteAddress": "::1",
                                   "remoteFamily": "IPv6",
                                   "remotePort": 49362
                               }
                               Headers: {
                                   "host": "localhost:8080",
                                   "connection": "keep-alive",
                                   "content-length": "0",
                                   "sec-ch-ua": "\"Not-A.Brand\";v=\"99\", \"Chromium\";v=\"124\"",
                                   "action": "inventory-management-get-staff-names",
                                   "sec-ch-ua-mobile": "?0",
                                   "user-agent": "Mozilla/5.0 (Windows NT 10.0; Win64; x64) AppleWebKit/537.36 (KHTML, like Gecko) HairlinersSalon/1.0.0 Chrome/124.0.6367.233 Electron/30.0.9 Safari/537.36",
                                   "token": "48b14da3613345577b5dd71c5bcc2724ccd05262a78dc80e054d0f5c5e1e17f9",
                                   "sec-ch-ua-platform": "\"Windows\"",
                                   "accept": "*/*",
                                   "sec-fetch-site": "cross-site",
                                   "sec-fetch-mode": "cors",
                                   "sec-fetch-dest": "empty",
                                   "accept-encoding": "gzip, deflate, br",
                                   "accept-language": "en-US"
                               }
                               Method: POST
                               URL: /
2024-07-01 [16:11:40.100] [12] Task started: inventory-management-get-staff-names
2024-07-01 [16:11:40.100] [12] Response closed
2024-07-01 [16:11:40.100] [12] Request ended
2024-07-01 [16:11:40.100] [12] Request closed
2024-07-01 [16:11:40.100] [12] Task done
2024-07-01 [16:11:40.102] [13] Request recieved: ::1:49362
2024-07-01 [16:11:40.102] [13] Socket: {
                                   "localAddress": "::1",
                                   "localPort": 8080,
                                   "localFamily": "IPv6",
                                   "remoteAddress": "::1",
                                   "remoteFamily": "IPv6",
                                   "remotePort": 49362
                               }
                               Headers: {
                                   "host": "localhost:8080",
                                   "connection": "keep-alive",
                                   "content-length": "0",
                                   "sec-ch-ua": "\"Not-A.Brand\";v=\"99\", \"Chromium\";v=\"124\"",
                                   "action": "inventory-management-get-inventory-items",
                                   "sec-ch-ua-mobile": "?0",
                                   "user-agent": "Mozilla/5.0 (Windows NT 10.0; Win64; x64) AppleWebKit/537.36 (KHTML, like Gecko) HairlinersSalon/1.0.0 Chrome/124.0.6367.233 Electron/30.0.9 Safari/537.36",
                                   "token": "48b14da3613345577b5dd71c5bcc2724ccd05262a78dc80e054d0f5c5e1e17f9",
                                   "sec-ch-ua-platform": "\"Windows\"",
                                   "accept": "*/*",
                                   "sec-fetch-site": "cross-site",
                                   "sec-fetch-mode": "cors",
                                   "sec-fetch-dest": "empty",
                                   "accept-encoding": "gzip, deflate, br",
                                   "accept-language": "en-US"
                               }
                               Method: POST
                               URL: /
2024-07-01 [16:11:40.102] [13] Task started: inventory-management-get-inventory-items
2024-07-01 [16:11:40.103] [13] Response closed
2024-07-01 [16:11:40.103] [13] Request ended
2024-07-01 [16:11:40.103] [13] Request closed
2024-07-01 [16:11:40.103] [13] Task done
2024-07-01 [16:11:40.104] [14] Request recieved: ::1:49362
2024-07-01 [16:11:40.104] [14] Socket: {
                                   "localAddress": "::1",
                                   "localPort": 8080,
                                   "localFamily": "IPv6",
                                   "remoteAddress": "::1",
                                   "remoteFamily": "IPv6",
                                   "remotePort": 49362
                               }
                               Headers: {
                                   "host": "localhost:8080",
                                   "connection": "keep-alive",
                                   "content-length": "0",
                                   "sec-ch-ua": "\"Not-A.Brand\";v=\"99\", \"Chromium\";v=\"124\"",
                                   "action": "inventory-management-get-inventory-records",
                                   "sec-ch-ua-mobile": "?0",
                                   "user-agent": "Mozilla/5.0 (Windows NT 10.0; Win64; x64) AppleWebKit/537.36 (KHTML, like Gecko) HairlinersSalon/1.0.0 Chrome/124.0.6367.233 Electron/30.0.9 Safari/537.36",
                                   "token": "48b14da3613345577b5dd71c5bcc2724ccd05262a78dc80e054d0f5c5e1e17f9",
                                   "sec-ch-ua-platform": "\"Windows\"",
                                   "accept": "*/*",
                                   "sec-fetch-site": "cross-site",
                                   "sec-fetch-mode": "cors",
                                   "sec-fetch-dest": "empty",
                                   "accept-encoding": "gzip, deflate, br",
                                   "accept-language": "en-US"
                               }
                               Method: POST
                               URL: /
2024-07-01 [16:11:40.104] [14] Task started: inventory-management-get-inventory-records
2024-07-01 [16:11:40.105] [14] Response closed
2024-07-01 [16:11:40.105] [14] Request ended
2024-07-01 [16:11:40.105] [14] Request closed
2024-07-01 [16:11:40.105] [14] Task done
2024-07-01 [16:11:40.652] [15] Request recieved: ::1:49362
2024-07-01 [16:11:40.652] [15] Socket: {
                                   "localAddress": "::1",
                                   "localPort": 8080,
                                   "localFamily": "IPv6",
                                   "remoteAddress": "::1",
                                   "remoteFamily": "IPv6",
                                   "remotePort": 49362
                               }
                               Headers: {
                                   "host": "localhost:8080",
                                   "connection": "keep-alive",
                                   "content-length": "0",
                                   "sec-ch-ua": "\"Not-A.Brand\";v=\"99\", \"Chromium\";v=\"124\"",
                                   "action": "inventory-management-get-staff-names",
                                   "sec-ch-ua-mobile": "?0",
                                   "user-agent": "Mozilla/5.0 (Windows NT 10.0; Win64; x64) AppleWebKit/537.36 (KHTML, like Gecko) HairlinersSalon/1.0.0 Chrome/124.0.6367.233 Electron/30.0.9 Safari/537.36",
                                   "token": "48b14da3613345577b5dd71c5bcc2724ccd05262a78dc80e054d0f5c5e1e17f9",
                                   "sec-ch-ua-platform": "\"Windows\"",
                                   "accept": "*/*",
                                   "sec-fetch-site": "cross-site",
                                   "sec-fetch-mode": "cors",
                                   "sec-fetch-dest": "empty",
                                   "accept-encoding": "gzip, deflate, br",
                                   "accept-language": "en-US"
                               }
                               Method: POST
                               URL: /
2024-07-01 [16:11:40.652] [15] Task started: inventory-management-get-staff-names
2024-07-01 [16:11:40.653] [15] Response closed
2024-07-01 [16:11:40.653] [15] Request ended
2024-07-01 [16:11:40.653] [15] Request closed
2024-07-01 [16:11:40.653] [15] Task done
2024-07-01 [16:11:40.654] [16] Request recieved: ::1:49362
2024-07-01 [16:11:40.655] [16] Socket: {
                                   "localAddress": "::1",
                                   "localPort": 8080,
                                   "localFamily": "IPv6",
                                   "remoteAddress": "::1",
                                   "remoteFamily": "IPv6",
                                   "remotePort": 49362
                               }
                               Headers: {
                                   "host": "localhost:8080",
                                   "connection": "keep-alive",
                                   "content-length": "0",
                                   "sec-ch-ua": "\"Not-A.Brand\";v=\"99\", \"Chromium\";v=\"124\"",
                                   "action": "inventory-management-get-inventory-items",
                                   "sec-ch-ua-mobile": "?0",
                                   "user-agent": "Mozilla/5.0 (Windows NT 10.0; Win64; x64) AppleWebKit/537.36 (KHTML, like Gecko) HairlinersSalon/1.0.0 Chrome/124.0.6367.233 Electron/30.0.9 Safari/537.36",
                                   "token": "48b14da3613345577b5dd71c5bcc2724ccd05262a78dc80e054d0f5c5e1e17f9",
                                   "sec-ch-ua-platform": "\"Windows\"",
                                   "accept": "*/*",
                                   "sec-fetch-site": "cross-site",
                                   "sec-fetch-mode": "cors",
                                   "sec-fetch-dest": "empty",
                                   "accept-encoding": "gzip, deflate, br",
                                   "accept-language": "en-US"
                               }
                               Method: POST
                               URL: /
2024-07-01 [16:11:40.655] [16] Task started: inventory-management-get-inventory-items
2024-07-01 [16:11:40.655] [16] Response closed
2024-07-01 [16:11:40.655] [16] Request ended
2024-07-01 [16:11:40.655] [16] Request closed
2024-07-01 [16:11:40.655] [16] Task done
2024-07-01 [16:11:40.657] [17] Request recieved: ::1:49362
2024-07-01 [16:11:40.657] [17] Socket: {
                                   "localAddress": "::1",
                                   "localPort": 8080,
                                   "localFamily": "IPv6",
                                   "remoteAddress": "::1",
                                   "remoteFamily": "IPv6",
                                   "remotePort": 49362
                               }
                               Headers: {
                                   "host": "localhost:8080",
                                   "connection": "keep-alive",
                                   "content-length": "0",
                                   "sec-ch-ua": "\"Not-A.Brand\";v=\"99\", \"Chromium\";v=\"124\"",
                                   "action": "inventory-management-get-inventory-records",
                                   "sec-ch-ua-mobile": "?0",
                                   "user-agent": "Mozilla/5.0 (Windows NT 10.0; Win64; x64) AppleWebKit/537.36 (KHTML, like Gecko) HairlinersSalon/1.0.0 Chrome/124.0.6367.233 Electron/30.0.9 Safari/537.36",
                                   "token": "48b14da3613345577b5dd71c5bcc2724ccd05262a78dc80e054d0f5c5e1e17f9",
                                   "sec-ch-ua-platform": "\"Windows\"",
                                   "accept": "*/*",
                                   "sec-fetch-site": "cross-site",
                                   "sec-fetch-mode": "cors",
                                   "sec-fetch-dest": "empty",
                                   "accept-encoding": "gzip, deflate, br",
                                   "accept-language": "en-US"
                               }
                               Method: POST
                               URL: /
2024-07-01 [16:11:40.657] [17] Task started: inventory-management-get-inventory-records
2024-07-01 [16:11:40.657] [17] Response closed
2024-07-01 [16:11:40.657] [17] Request ended
2024-07-01 [16:11:40.657] [17] Request closed
2024-07-01 [16:11:40.657] [17] Task done
2024-07-01 [16:11:54.853] [18] Request recieved: ::1:49363
2024-07-01 [16:11:54.853] [18] Socket: {
                                   "localAddress": "::1",
                                   "localPort": 8080,
                                   "localFamily": "IPv6",
                                   "remoteAddress": "::1",
                                   "remoteFamily": "IPv6",
                                   "remotePort": 49363
                               }
                               Headers: {
                                   "host": "localhost:8080",
                                   "connection": "keep-alive",
                                   "content-length": "0",
                                   "sec-ch-ua": "\"Not-A.Brand\";v=\"99\", \"Chromium\";v=\"124\"",
                                   "action": "logout",
                                   "sec-ch-ua-mobile": "?0",
                                   "user-agent": "Mozilla/5.0 (Windows NT 10.0; Win64; x64) AppleWebKit/537.36 (KHTML, like Gecko) HairlinersSalon/1.0.0 Chrome/124.0.6367.233 Electron/30.0.9 Safari/537.36",
                                   "token": "48b14da3613345577b5dd71c5bcc2724ccd05262a78dc80e054d0f5c5e1e17f9",
                                   "sec-ch-ua-platform": "\"Windows\"",
                                   "accept": "*/*",
                                   "sec-fetch-site": "cross-site",
                                   "sec-fetch-mode": "cors",
                                   "sec-fetch-dest": "empty",
                                   "accept-encoding": "gzip, deflate, br",
                                   "accept-language": "en-US"
                               }
                               Method: POST
                               URL: /
2024-07-01 [16:11:54.853] [18] Task started: logout
2024-07-01 [16:11:54.856] [18] Response closed
2024-07-01 [16:11:54.856] [18] Request ended
2024-07-01 [16:11:54.856] [18] Request closed
2024-07-01 [16:11:54.856] [18] Task done
