2024-07-08 [09:10:45.989] [0] Request recieved: ::1:50696
2024-07-08 [09:10:45.989] [0] Socket: {
                                  "localAddress": "::1",
                                  "localPort": 8080,
                                  "localFamily": "IPv6",
                                  "remoteAddress": "::1",
                                  "remoteFamily": "IPv6",
                                  "remotePort": 50696
                              }
                              Headers: {
                                  "host": "localhost:8080",
                                  "connection": "keep-alive",
                                  "content-length": "52",
                                  "sec-ch-ua": "\"Not-A.Brand\";v=\"99\", \"Chromium\";v=\"124\"",
                                  "action": "login",
                                  "content-type": "text/plain;charset=UTF-8",
                                  "sec-ch-ua-mobile": "?0",
                                  "user-agent": "Mozilla/5.0 (Windows NT 10.0; Win64; x64) AppleWebKit/537.36 (KHTML, like Gecko) HairlinersSalon/1.0.0 Chrome/124.0.6367.233 Electron/30.0.9 Safari/537.36",
                                  "sec-ch-ua-platform": "\"Windows\"",
                                  "accept": "*/*",
                                  "sec-fetch-site": "cross-site",
                                  "sec-fetch-mode": "cors",
                                  "sec-fetch-dest": "empty",
                                  "accept-encoding": "gzip, deflate, br",
                                  "accept-language": "en-US"
                              }
                              Method: POST
                              URL: /
2024-07-08 [09:10:45.989] [0] Task started: login
2024-07-08 [09:10:45.991] [0] Request ended
2024-07-08 [09:10:45.991] [0] Request closed
2024-07-08 [09:10:45.998] [0] Task done
2024-07-08 [09:10:45.999] [0] Response closed
2024-07-08 [09:10:46.002] [1] Request recieved: ::1:50696
2024-07-08 [09:10:46.002] [1] Socket: {
                                  "localAddress": "::1",
                                  "localPort": 8080,
                                  "localFamily": "IPv6",
                                  "remoteAddress": "::1",
                                  "remoteFamily": "IPv6",
                                  "remotePort": 50696
                              }
                              Headers: {
                                  "host": "localhost:8080",
                                  "connection": "keep-alive",
                                  "content-length": "0",
                                  "sec-ch-ua": "\"Not-A.Brand\";v=\"99\", \"Chromium\";v=\"124\"",
                                  "action": "customer-management-get-staff-names",
                                  "sec-ch-ua-mobile": "?0",
                                  "user-agent": "Mozilla/5.0 (Windows NT 10.0; Win64; x64) AppleWebKit/537.36 (KHTML, like Gecko) HairlinersSalon/1.0.0 Chrome/124.0.6367.233 Electron/30.0.9 Safari/537.36",
                                  "token": "875932d7e2b6e002fda4492d460ba1322106f610ac15ddb362a91255939ddf0c",
                                  "sec-ch-ua-platform": "\"Windows\"",
                                  "accept": "*/*",
                                  "sec-fetch-site": "cross-site",
                                  "sec-fetch-mode": "cors",
                                  "sec-fetch-dest": "empty",
                                  "accept-encoding": "gzip, deflate, br",
                                  "accept-language": "en-US"
                              }
                              Method: POST
                              URL: /
2024-07-08 [09:10:46.002] [1] Task started: customer-management-get-staff-names
2024-07-08 [09:10:46.004] [1] Response closed
2024-07-08 [09:10:46.004] [1] Request ended
2024-07-08 [09:10:46.004] [1] Request closed
2024-07-08 [09:10:46.004] [1] Task done
2024-07-08 [09:10:46.020] [2] Request recieved: ::1:50696
2024-07-08 [09:10:46.021] [2] Socket: {
                                  "localAddress": "::1",
                                  "localPort": 8080,
                                  "localFamily": "IPv6",
                                  "remoteAddress": "::1",
                                  "remoteFamily": "IPv6",
                                  "remotePort": 50696
                              }
                              Headers: {
                                  "host": "localhost:8080",
                                  "connection": "keep-alive",
                                  "content-length": "0",
                                  "sec-ch-ua": "\"Not-A.Brand\";v=\"99\", \"Chromium\";v=\"124\"",
                                  "action": "customer-management-get-customers",
                                  "sec-ch-ua-mobile": "?0",
                                  "user-agent": "Mozilla/5.0 (Windows NT 10.0; Win64; x64) AppleWebKit/537.36 (KHTML, like Gecko) HairlinersSalon/1.0.0 Chrome/124.0.6367.233 Electron/30.0.9 Safari/537.36",
                                  "token": "875932d7e2b6e002fda4492d460ba1322106f610ac15ddb362a91255939ddf0c",
                                  "sec-ch-ua-platform": "\"Windows\"",
                                  "accept": "*/*",
                                  "sec-fetch-site": "cross-site",
                                  "sec-fetch-mode": "cors",
                                  "sec-fetch-dest": "empty",
                                  "accept-encoding": "gzip, deflate, br",
                                  "accept-language": "en-US"
                              }
                              Method: POST
                              URL: /
2024-07-08 [09:10:46.021] [2] Task started: customer-management-get-customers
2024-07-08 [09:10:46.022] [2] Response closed
2024-07-08 [09:10:46.022] [2] Request ended
2024-07-08 [09:10:46.022] [2] Request closed
2024-07-08 [09:10:46.022] [2] Task done
2024-07-08 [09:10:48.630] [3] Request recieved: ::1:50696
2024-07-08 [09:10:48.630] [3] Socket: {
                                  "localAddress": "::1",
                                  "localPort": 8080,
                                  "localFamily": "IPv6",
                                  "remoteAddress": "::1",
                                  "remoteFamily": "IPv6",
                                  "remotePort": 50696
                              }
                              Headers: {
                                  "host": "localhost:8080",
                                  "connection": "keep-alive",
                                  "content-length": "0",
                                  "sec-ch-ua": "\"Not-A.Brand\";v=\"99\", \"Chromium\";v=\"124\"",
                                  "action": "customer-management-get-staff-names",
                                  "sec-ch-ua-mobile": "?0",
                                  "user-agent": "Mozilla/5.0 (Windows NT 10.0; Win64; x64) AppleWebKit/537.36 (KHTML, like Gecko) HairlinersSalon/1.0.0 Chrome/124.0.6367.233 Electron/30.0.9 Safari/537.36",
                                  "token": "875932d7e2b6e002fda4492d460ba1322106f610ac15ddb362a91255939ddf0c",
                                  "sec-ch-ua-platform": "\"Windows\"",
                                  "accept": "*/*",
                                  "sec-fetch-site": "cross-site",
                                  "sec-fetch-mode": "cors",
                                  "sec-fetch-dest": "empty",
                                  "accept-encoding": "gzip, deflate, br",
                                  "accept-language": "en-US"
                              }
                              Method: POST
                              URL: /
2024-07-08 [09:10:48.630] [3] Task started: customer-management-get-staff-names
2024-07-08 [09:10:48.631] [3] Response closed
2024-07-08 [09:10:48.631] [3] Request ended
2024-07-08 [09:10:48.631] [3] Request closed
2024-07-08 [09:10:48.631] [3] Task done
2024-07-08 [09:10:48.633] [4] Request recieved: ::1:50696
2024-07-08 [09:10:48.633] [4] Socket: {
                                  "localAddress": "::1",
                                  "localPort": 8080,
                                  "localFamily": "IPv6",
                                  "remoteAddress": "::1",
                                  "remoteFamily": "IPv6",
                                  "remotePort": 50696
                              }
                              Headers: {
                                  "host": "localhost:8080",
                                  "connection": "keep-alive",
                                  "content-length": "0",
                                  "sec-ch-ua": "\"Not-A.Brand\";v=\"99\", \"Chromium\";v=\"124\"",
                                  "action": "customer-management-get-customers",
                                  "sec-ch-ua-mobile": "?0",
                                  "user-agent": "Mozilla/5.0 (Windows NT 10.0; Win64; x64) AppleWebKit/537.36 (KHTML, like Gecko) HairlinersSalon/1.0.0 Chrome/124.0.6367.233 Electron/30.0.9 Safari/537.36",
                                  "token": "875932d7e2b6e002fda4492d460ba1322106f610ac15ddb362a91255939ddf0c",
                                  "sec-ch-ua-platform": "\"Windows\"",
                                  "accept": "*/*",
                                  "sec-fetch-site": "cross-site",
                                  "sec-fetch-mode": "cors",
                                  "sec-fetch-dest": "empty",
                                  "accept-encoding": "gzip, deflate, br",
                                  "accept-language": "en-US"
                              }
                              Method: POST
                              URL: /
2024-07-08 [09:10:48.633] [4] Task started: customer-management-get-customers
2024-07-08 [09:10:48.634] [4] Response closed
2024-07-08 [09:10:48.634] [4] Request ended
2024-07-08 [09:10:48.634] [4] Request closed
2024-07-08 [09:10:48.634] [4] Task done
2024-07-08 [09:10:49.541] [5] Request recieved: ::1:50696
2024-07-08 [09:10:49.541] [5] Socket: {
                                  "localAddress": "::1",
                                  "localPort": 8080,
                                  "localFamily": "IPv6",
                                  "remoteAddress": "::1",
                                  "remoteFamily": "IPv6",
                                  "remotePort": 50696
                              }
                              Headers: {
                                  "host": "localhost:8080",
                                  "connection": "keep-alive",
                                  "content-length": "0",
                                  "sec-ch-ua": "\"Not-A.Brand\";v=\"99\", \"Chromium\";v=\"124\"",
                                  "action": "inventory-management-get-staff-names",
                                  "sec-ch-ua-mobile": "?0",
                                  "user-agent": "Mozilla/5.0 (Windows NT 10.0; Win64; x64) AppleWebKit/537.36 (KHTML, like Gecko) HairlinersSalon/1.0.0 Chrome/124.0.6367.233 Electron/30.0.9 Safari/537.36",
                                  "token": "875932d7e2b6e002fda4492d460ba1322106f610ac15ddb362a91255939ddf0c",
                                  "sec-ch-ua-platform": "\"Windows\"",
                                  "accept": "*/*",
                                  "sec-fetch-site": "cross-site",
                                  "sec-fetch-mode": "cors",
                                  "sec-fetch-dest": "empty",
                                  "accept-encoding": "gzip, deflate, br",
                                  "accept-language": "en-US"
                              }
                              Method: POST
                              URL: /
2024-07-08 [09:10:49.541] [5] Task started: inventory-management-get-staff-names
2024-07-08 [09:10:49.541] [5] Response closed
2024-07-08 [09:10:49.541] [5] Request ended
2024-07-08 [09:10:49.541] [5] Request closed
2024-07-08 [09:10:49.541] [5] Task done
2024-07-08 [09:10:49.542] [6] Request recieved: ::1:50696
2024-07-08 [09:10:49.543] [6] Socket: {
                                  "localAddress": "::1",
                                  "localPort": 8080,
                                  "localFamily": "IPv6",
                                  "remoteAddress": "::1",
                                  "remoteFamily": "IPv6",
                                  "remotePort": 50696
                              }
                              Headers: {
                                  "host": "localhost:8080",
                                  "connection": "keep-alive",
                                  "content-length": "0",
                                  "sec-ch-ua": "\"Not-A.Brand\";v=\"99\", \"Chromium\";v=\"124\"",
                                  "action": "inventory-management-get-inventory-items",
                                  "sec-ch-ua-mobile": "?0",
                                  "user-agent": "Mozilla/5.0 (Windows NT 10.0; Win64; x64) AppleWebKit/537.36 (KHTML, like Gecko) HairlinersSalon/1.0.0 Chrome/124.0.6367.233 Electron/30.0.9 Safari/537.36",
                                  "token": "875932d7e2b6e002fda4492d460ba1322106f610ac15ddb362a91255939ddf0c",
                                  "sec-ch-ua-platform": "\"Windows\"",
                                  "accept": "*/*",
                                  "sec-fetch-site": "cross-site",
                                  "sec-fetch-mode": "cors",
                                  "sec-fetch-dest": "empty",
                                  "accept-encoding": "gzip, deflate, br",
                                  "accept-language": "en-US"
                              }
                              Method: POST
                              URL: /
2024-07-08 [09:10:49.543] [6] Task started: inventory-management-get-inventory-items
2024-07-08 [09:10:49.543] [6] Response closed
2024-07-08 [09:10:49.543] [6] Request ended
2024-07-08 [09:10:49.543] [6] Request closed
2024-07-08 [09:10:49.543] [6] Task done
2024-07-08 [09:10:49.544] [7] Request recieved: ::1:50696
2024-07-08 [09:10:49.544] [7] Socket: {
                                  "localAddress": "::1",
                                  "localPort": 8080,
                                  "localFamily": "IPv6",
                                  "remoteAddress": "::1",
                                  "remoteFamily": "IPv6",
                                  "remotePort": 50696
                              }
                              Headers: {
                                  "host": "localhost:8080",
                                  "connection": "keep-alive",
                                  "content-length": "0",
                                  "sec-ch-ua": "\"Not-A.Brand\";v=\"99\", \"Chromium\";v=\"124\"",
                                  "action": "inventory-management-get-inventory-records",
                                  "sec-ch-ua-mobile": "?0",
                                  "user-agent": "Mozilla/5.0 (Windows NT 10.0; Win64; x64) AppleWebKit/537.36 (KHTML, like Gecko) HairlinersSalon/1.0.0 Chrome/124.0.6367.233 Electron/30.0.9 Safari/537.36",
                                  "token": "875932d7e2b6e002fda4492d460ba1322106f610ac15ddb362a91255939ddf0c",
                                  "sec-ch-ua-platform": "\"Windows\"",
                                  "accept": "*/*",
                                  "sec-fetch-site": "cross-site",
                                  "sec-fetch-mode": "cors",
                                  "sec-fetch-dest": "empty",
                                  "accept-encoding": "gzip, deflate, br",
                                  "accept-language": "en-US"
                              }
                              Method: POST
                              URL: /
2024-07-08 [09:10:49.544] [7] Task started: inventory-management-get-inventory-records
2024-07-08 [09:10:49.545] [7] Response closed
2024-07-08 [09:10:49.545] [7] Request ended
2024-07-08 [09:10:49.545] [7] Request closed
2024-07-08 [09:10:49.545] [7] Task done
2024-07-08 [09:10:50.342] [8] Request recieved: ::1:50696
2024-07-08 [09:10:50.342] [8] Socket: {
                                  "localAddress": "::1",
                                  "localPort": 8080,
                                  "localFamily": "IPv6",
                                  "remoteAddress": "::1",
                                  "remoteFamily": "IPv6",
                                  "remotePort": 50696
                              }
                              Headers: {
                                  "host": "localhost:8080",
                                  "connection": "keep-alive",
                                  "content-length": "0",
                                  "sec-ch-ua": "\"Not-A.Brand\";v=\"99\", \"Chromium\";v=\"124\"",
                                  "action": "point-of-sales-get-customer-names",
                                  "sec-ch-ua-mobile": "?0",
                                  "user-agent": "Mozilla/5.0 (Windows NT 10.0; Win64; x64) AppleWebKit/537.36 (KHTML, like Gecko) HairlinersSalon/1.0.0 Chrome/124.0.6367.233 Electron/30.0.9 Safari/537.36",
                                  "token": "875932d7e2b6e002fda4492d460ba1322106f610ac15ddb362a91255939ddf0c",
                                  "sec-ch-ua-platform": "\"Windows\"",
                                  "accept": "*/*",
                                  "sec-fetch-site": "cross-site",
                                  "sec-fetch-mode": "cors",
                                  "sec-fetch-dest": "empty",
                                  "accept-encoding": "gzip, deflate, br",
                                  "accept-language": "en-US"
                              }
                              Method: POST
                              URL: /
2024-07-08 [09:10:50.342] [8] Task started: point-of-sales-get-customer-names
2024-07-08 [09:10:50.343] [8] Response closed
2024-07-08 [09:10:50.343] [8] Request ended
2024-07-08 [09:10:50.343] [8] Request closed
2024-07-08 [09:10:50.343] [8] Task done
2024-07-08 [09:10:50.344] [9] Request recieved: ::1:50696
2024-07-08 [09:10:50.344] [9] Socket: {
                                  "localAddress": "::1",
                                  "localPort": 8080,
                                  "localFamily": "IPv6",
                                  "remoteAddress": "::1",
                                  "remoteFamily": "IPv6",
                                  "remotePort": 50696
                              }
                              Headers: {
                                  "host": "localhost:8080",
                                  "connection": "keep-alive",
                                  "content-length": "0",
                                  "sec-ch-ua": "\"Not-A.Brand\";v=\"99\", \"Chromium\";v=\"124\"",
                                  "action": "point-of-sales-get-staff-names",
                                  "sec-ch-ua-mobile": "?0",
                                  "user-agent": "Mozilla/5.0 (Windows NT 10.0; Win64; x64) AppleWebKit/537.36 (KHTML, like Gecko) HairlinersSalon/1.0.0 Chrome/124.0.6367.233 Electron/30.0.9 Safari/537.36",
                                  "token": "875932d7e2b6e002fda4492d460ba1322106f610ac15ddb362a91255939ddf0c",
                                  "sec-ch-ua-platform": "\"Windows\"",
                                  "accept": "*/*",
                                  "sec-fetch-site": "cross-site",
                                  "sec-fetch-mode": "cors",
                                  "sec-fetch-dest": "empty",
                                  "accept-encoding": "gzip, deflate, br",
                                  "accept-language": "en-US"
                              }
                              Method: POST
                              URL: /
2024-07-08 [09:10:50.345] [9] Task started: point-of-sales-get-staff-names
2024-07-08 [09:10:50.353] [9] Response closed
2024-07-08 [09:10:50.353] [9] Request ended
2024-07-08 [09:10:50.354] [9] Request closed
2024-07-08 [09:10:50.354] [9] Task done
2024-07-08 [09:10:50.355] [10] Request recieved: ::1:50696
2024-07-08 [09:10:50.355] [10] Socket: {
                                   "localAddress": "::1",
                                   "localPort": 8080,
                                   "localFamily": "IPv6",
                                   "remoteAddress": "::1",
                                   "remoteFamily": "IPv6",
                                   "remotePort": 50696
                               }
                               Headers: {
                                   "host": "localhost:8080",
                                   "connection": "keep-alive",
                                   "content-length": "0",
                                   "sec-ch-ua": "\"Not-A.Brand\";v=\"99\", \"Chromium\";v=\"124\"",
                                   "action": "point-of-sales-get-sales-records",
                                   "sec-ch-ua-mobile": "?0",
                                   "user-agent": "Mozilla/5.0 (Windows NT 10.0; Win64; x64) AppleWebKit/537.36 (KHTML, like Gecko) HairlinersSalon/1.0.0 Chrome/124.0.6367.233 Electron/30.0.9 Safari/537.36",
                                   "token": "875932d7e2b6e002fda4492d460ba1322106f610ac15ddb362a91255939ddf0c",
                                   "sec-ch-ua-platform": "\"Windows\"",
                                   "accept": "*/*",
                                   "sec-fetch-site": "cross-site",
                                   "sec-fetch-mode": "cors",
                                   "sec-fetch-dest": "empty",
                                   "accept-encoding": "gzip, deflate, br",
                                   "accept-language": "en-US"
                               }
                               Method: POST
                               URL: /
2024-07-08 [09:10:50.355] [10] Task started: point-of-sales-get-sales-records
2024-07-08 [09:10:50.356] [10] Response closed
2024-07-08 [09:10:50.356] [10] Request ended
2024-07-08 [09:10:50.356] [10] Request closed
2024-07-08 [09:10:50.356] [10] Task done
2024-07-08 [09:10:50.358] [11] Request recieved: ::1:50696
2024-07-08 [09:10:50.358] [11] Socket: {
                                   "localAddress": "::1",
                                   "localPort": 8080,
                                   "localFamily": "IPv6",
                                   "remoteAddress": "::1",
                                   "remoteFamily": "IPv6",
                                   "remotePort": 50696
                               }
                               Headers: {
                                   "host": "localhost:8080",
                                   "connection": "keep-alive",
                                   "content-length": "0",
                                   "sec-ch-ua": "\"Not-A.Brand\";v=\"99\", \"Chromium\";v=\"124\"",
                                   "action": "point-of-sales-get-services",
                                   "sec-ch-ua-mobile": "?0",
                                   "user-agent": "Mozilla/5.0 (Windows NT 10.0; Win64; x64) AppleWebKit/537.36 (KHTML, like Gecko) HairlinersSalon/1.0.0 Chrome/124.0.6367.233 Electron/30.0.9 Safari/537.36",
                                   "token": "875932d7e2b6e002fda4492d460ba1322106f610ac15ddb362a91255939ddf0c",
                                   "sec-ch-ua-platform": "\"Windows\"",
                                   "accept": "*/*",
                                   "sec-fetch-site": "cross-site",
                                   "sec-fetch-mode": "cors",
                                   "sec-fetch-dest": "empty",
                                   "accept-encoding": "gzip, deflate, br",
                                   "accept-language": "en-US"
                               }
                               Method: POST
                               URL: /
2024-07-08 [09:10:50.358] [11] Task started: point-of-sales-get-services
2024-07-08 [09:10:50.359] [11] Response closed
2024-07-08 [09:10:50.359] [11] Request ended
2024-07-08 [09:10:50.359] [11] Request closed
2024-07-08 [09:10:50.359] [11] Task done
2024-07-08 [09:10:50.774] [12] Request recieved: ::1:50696
2024-07-08 [09:10:50.774] [12] Socket: {
                                   "localAddress": "::1",
                                   "localPort": 8080,
                                   "localFamily": "IPv6",
                                   "remoteAddress": "::1",
                                   "remoteFamily": "IPv6",
                                   "remotePort": 50696
                               }
                               Headers: {
                                   "host": "localhost:8080",
                                   "connection": "keep-alive",
                                   "content-length": "0",
                                   "sec-ch-ua": "\"Not-A.Brand\";v=\"99\", \"Chromium\";v=\"124\"",
                                   "action": "customer-management-get-staff-names",
                                   "sec-ch-ua-mobile": "?0",
                                   "user-agent": "Mozilla/5.0 (Windows NT 10.0; Win64; x64) AppleWebKit/537.36 (KHTML, like Gecko) HairlinersSalon/1.0.0 Chrome/124.0.6367.233 Electron/30.0.9 Safari/537.36",
                                   "token": "875932d7e2b6e002fda4492d460ba1322106f610ac15ddb362a91255939ddf0c",
                                   "sec-ch-ua-platform": "\"Windows\"",
                                   "accept": "*/*",
                                   "sec-fetch-site": "cross-site",
                                   "sec-fetch-mode": "cors",
                                   "sec-fetch-dest": "empty",
                                   "accept-encoding": "gzip, deflate, br",
                                   "accept-language": "en-US"
                               }
                               Method: POST
                               URL: /
2024-07-08 [09:10:50.774] [12] Task started: customer-management-get-staff-names
2024-07-08 [09:10:50.774] [12] Response closed
2024-07-08 [09:10:50.774] [12] Request ended
2024-07-08 [09:10:50.775] [12] Request closed
2024-07-08 [09:10:50.775] [12] Task done
2024-07-08 [09:10:50.776] [13] Request recieved: ::1:50696
2024-07-08 [09:10:50.776] [13] Socket: {
                                   "localAddress": "::1",
                                   "localPort": 8080,
                                   "localFamily": "IPv6",
                                   "remoteAddress": "::1",
                                   "remoteFamily": "IPv6",
                                   "remotePort": 50696
                               }
                               Headers: {
                                   "host": "localhost:8080",
                                   "connection": "keep-alive",
                                   "content-length": "0",
                                   "sec-ch-ua": "\"Not-A.Brand\";v=\"99\", \"Chromium\";v=\"124\"",
                                   "action": "customer-management-get-customers",
                                   "sec-ch-ua-mobile": "?0",
                                   "user-agent": "Mozilla/5.0 (Windows NT 10.0; Win64; x64) AppleWebKit/537.36 (KHTML, like Gecko) HairlinersSalon/1.0.0 Chrome/124.0.6367.233 Electron/30.0.9 Safari/537.36",
                                   "token": "875932d7e2b6e002fda4492d460ba1322106f610ac15ddb362a91255939ddf0c",
                                   "sec-ch-ua-platform": "\"Windows\"",
                                   "accept": "*/*",
                                   "sec-fetch-site": "cross-site",
                                   "sec-fetch-mode": "cors",
                                   "sec-fetch-dest": "empty",
                                   "accept-encoding": "gzip, deflate, br",
                                   "accept-language": "en-US"
                               }
                               Method: POST
                               URL: /
2024-07-08 [09:10:50.776] [13] Task started: customer-management-get-customers
2024-07-08 [09:10:50.776] [13] Response closed
2024-07-08 [09:10:50.776] [13] Request ended
2024-07-08 [09:10:50.776] [13] Request closed
2024-07-08 [09:10:50.776] [13] Task done
