2024-06-26 [01:46:27.130] [0] Request recieved: ::1:63757
2024-06-26 [01:46:27.132] [0] Socket: {
                                  "localAddress": "::1",
                                  "localPort": 8080,
                                  "localFamily": "IPv6",
                                  "remoteAddress": "::1",
                                  "remoteFamily": "IPv6",
                                  "remotePort": 63757
                              }
                              Headers: {
                                  "host": "localhost:8080",
                                  "connection": "keep-alive",
                                  "content-length": "48",
                                  "sec-ch-ua": "\"Not-A.Brand\";v=\"99\", \"Chromium\";v=\"124\"",
                                  "action": "login",
                                  "content-type": "text/plain;charset=UTF-8",
                                  "sec-ch-ua-mobile": "?0",
                                  "user-agent": "Mozilla/5.0 (Windows NT 10.0; Win64; x64) AppleWebKit/537.36 (KHTML, like Gecko) HairlinersSalon/1.0.0 Chrome/124.0.6367.233 Electron/30.0.9 Safari/537.36",
                                  "sec-ch-ua-platform": "\"Windows\"",
                                  "accept": "*/*",
                                  "sec-fetch-site": "cross-site",
                                  "sec-fetch-mode": "cors",
                                  "sec-fetch-dest": "empty",
                                  "accept-encoding": "gzip, deflate, br",
                                  "accept-language": "en-US"
                              }
                              Method: POST
                              URL: /
2024-06-26 [01:46:27.132] [0] Task started: login
2024-06-26 [01:46:27.136] [0] Request ended
2024-06-26 [01:46:27.138] [0] Request closed
2024-06-26 [01:46:27.166] [0] Task done
2024-06-26 [01:46:27.168] [0] Response closed
2024-06-26 [01:46:27.179] [1] Request recieved: ::1:63757
2024-06-26 [01:46:27.180] [1] Socket: {
                                  "localAddress": "::1",
                                  "localPort": 8080,
                                  "localFamily": "IPv6",
                                  "remoteAddress": "::1",
                                  "remoteFamily": "IPv6",
                                  "remotePort": 63757
                              }
                              Headers: {
                                  "host": "localhost:8080",
                                  "connection": "keep-alive",
                                  "content-length": "0",
                                  "sec-ch-ua": "\"Not-A.Brand\";v=\"99\", \"Chromium\";v=\"124\"",
                                  "action": "customer-management-get-customers",
                                  "sec-ch-ua-mobile": "?0",
                                  "user-agent": "Mozilla/5.0 (Windows NT 10.0; Win64; x64) AppleWebKit/537.36 (KHTML, like Gecko) HairlinersSalon/1.0.0 Chrome/124.0.6367.233 Electron/30.0.9 Safari/537.36",
                                  "token": "34c8f39bcb40fc1ef3853ccb08cf33f4d177cd9b72bac784dfcda4661a721749",
                                  "sec-ch-ua-platform": "\"Windows\"",
                                  "accept": "*/*",
                                  "sec-fetch-site": "cross-site",
                                  "sec-fetch-mode": "cors",
                                  "sec-fetch-dest": "empty",
                                  "accept-encoding": "gzip, deflate, br",
                                  "accept-language": "en-US"
                              }
                              Method: POST
                              URL: /
2024-06-26 [01:46:27.180] [1] Task started: customer-management-get-customers
2024-06-26 [01:46:27.187] [1] Response closed
2024-06-26 [01:46:27.188] [1] Request ended
2024-06-26 [01:46:27.188] [1] Request closed
2024-06-26 [01:46:27.189] [1] Task done
2024-06-26 [01:46:27.212] [2] Request recieved: ::1:63757
2024-06-26 [01:46:27.213] [2] Socket: {
                                  "localAddress": "::1",
                                  "localPort": 8080,
                                  "localFamily": "IPv6",
                                  "remoteAddress": "::1",
                                  "remoteFamily": "IPv6",
                                  "remotePort": 63757
                              }
                              Headers: {
                                  "host": "localhost:8080",
                                  "connection": "keep-alive",
                                  "content-length": "0",
                                  "sec-ch-ua": "\"Not-A.Brand\";v=\"99\", \"Chromium\";v=\"124\"",
                                  "action": "customer-management-get-staff-names",
                                  "sec-ch-ua-mobile": "?0",
                                  "user-agent": "Mozilla/5.0 (Windows NT 10.0; Win64; x64) AppleWebKit/537.36 (KHTML, like Gecko) HairlinersSalon/1.0.0 Chrome/124.0.6367.233 Electron/30.0.9 Safari/537.36",
                                  "token": "34c8f39bcb40fc1ef3853ccb08cf33f4d177cd9b72bac784dfcda4661a721749",
                                  "sec-ch-ua-platform": "\"Windows\"",
                                  "accept": "*/*",
                                  "sec-fetch-site": "cross-site",
                                  "sec-fetch-mode": "cors",
                                  "sec-fetch-dest": "empty",
                                  "accept-encoding": "gzip, deflate, br",
                                  "accept-language": "en-US"
                              }
                              Method: POST
                              URL: /
2024-06-26 [01:46:27.213] [2] Task started: customer-management-get-staff-names
2024-06-26 [01:46:27.217] [2] Response closed
2024-06-26 [01:46:27.217] [2] Request ended
2024-06-26 [01:46:27.217] [2] Request closed
2024-06-26 [01:46:27.218] [2] Task done
2024-06-26 [01:46:42.631] [3] Request recieved: ::1:63760
2024-06-26 [01:46:42.632] [3] Socket: {
                                  "localAddress": "::1",
                                  "localPort": 8080,
                                  "localFamily": "IPv6",
                                  "remoteAddress": "::1",
                                  "remoteFamily": "IPv6",
                                  "remotePort": 63760
                              }
                              Headers: {
                                  "host": "localhost:8080",
                                  "connection": "keep-alive",
                                  "content-length": "80",
                                  "sec-ch-ua": "\"Not-A.Brand\";v=\"99\", \"Chromium\";v=\"124\"",
                                  "action": "customer-management-register-customer",
                                  "content-type": "text/plain;charset=UTF-8",
                                  "sec-ch-ua-mobile": "?0",
                                  "user-agent": "Mozilla/5.0 (Windows NT 10.0; Win64; x64) AppleWebKit/537.36 (KHTML, like Gecko) HairlinersSalon/1.0.0 Chrome/124.0.6367.233 Electron/30.0.9 Safari/537.36",
                                  "token": "34c8f39bcb40fc1ef3853ccb08cf33f4d177cd9b72bac784dfcda4661a721749",
                                  "sec-ch-ua-platform": "\"Windows\"",
                                  "accept": "*/*",
                                  "sec-fetch-site": "cross-site",
                                  "sec-fetch-mode": "cors",
                                  "sec-fetch-dest": "empty",
                                  "accept-encoding": "gzip, deflate, br",
                                  "accept-language": "en-US"
                              }
                              Method: POST
                              URL: /
2024-06-26 [01:46:42.632] [3] Task started: customer-management-register-customer
2024-06-26 [01:46:42.634] [3] Request ended
2024-06-26 [01:46:42.635] [3] Request closed
2024-06-26 [01:46:42.637] [3] Task done
2024-06-26 [01:46:42.638] [3] Response closed
2024-06-26 [01:53:43.600] [4] Request recieved: ::1:63818
2024-06-26 [01:53:43.601] [4] Socket: {
                                  "localAddress": "::1",
                                  "localPort": 8080,
                                  "localFamily": "IPv6",
                                  "remoteAddress": "::1",
                                  "remoteFamily": "IPv6",
                                  "remotePort": 63818
                              }
                              Headers: {
                                  "host": "localhost:8080",
                                  "connection": "keep-alive",
                                  "content-length": "2",
                                  "sec-ch-ua": "\"Not-A.Brand\";v=\"99\", \"Chromium\";v=\"124\"",
                                  "action": "customer-management-get-customer-services",
                                  "content-type": "text/plain;charset=UTF-8",
                                  "sec-ch-ua-mobile": "?0",
                                  "user-agent": "Mozilla/5.0 (Windows NT 10.0; Win64; x64) AppleWebKit/537.36 (KHTML, like Gecko) HairlinersSalon/1.0.0 Chrome/124.0.6367.233 Electron/30.0.9 Safari/537.36",
                                  "token": "34c8f39bcb40fc1ef3853ccb08cf33f4d177cd9b72bac784dfcda4661a721749",
                                  "sec-ch-ua-platform": "\"Windows\"",
                                  "accept": "*/*",
                                  "sec-fetch-site": "cross-site",
                                  "sec-fetch-mode": "cors",
                                  "sec-fetch-dest": "empty",
                                  "accept-encoding": "gzip, deflate, br",
                                  "accept-language": "en-US"
                              }
                              Method: POST
                              URL: /
2024-06-26 [01:53:43.602] [4] Task started: customer-management-get-customer-services
2024-06-26 [01:53:43.604] [4] Request ended
2024-06-26 [01:53:43.604] [4] Request closed
2024-06-26 [01:53:43.608] [4] Task done
2024-06-26 [01:53:43.609] [4] Response closed
2024-06-26 [01:59:59.685] [5] Request recieved: ::1:63862
2024-06-26 [01:59:59.685] [5] Socket: {
                                  "localAddress": "::1",
                                  "localPort": 8080,
                                  "localFamily": "IPv6",
                                  "remoteAddress": "::1",
                                  "remoteFamily": "IPv6",
                                  "remotePort": 63862
                              }
                              Headers: {
                                  "host": "localhost:8080",
                                  "connection": "keep-alive",
                                  "content-length": "1",
                                  "sec-ch-ua": "\"Not-A.Brand\";v=\"99\", \"Chromium\";v=\"124\"",
                                  "action": "customer-management-get-customer-services",
                                  "content-type": "text/plain;charset=UTF-8",
                                  "sec-ch-ua-mobile": "?0",
                                  "user-agent": "Mozilla/5.0 (Windows NT 10.0; Win64; x64) AppleWebKit/537.36 (KHTML, like Gecko) HairlinersSalon/1.0.0 Chrome/124.0.6367.233 Electron/30.0.9 Safari/537.36",
                                  "token": "34c8f39bcb40fc1ef3853ccb08cf33f4d177cd9b72bac784dfcda4661a721749",
                                  "sec-ch-ua-platform": "\"Windows\"",
                                  "accept": "*/*",
                                  "sec-fetch-site": "cross-site",
                                  "sec-fetch-mode": "cors",
                                  "sec-fetch-dest": "empty",
                                  "accept-encoding": "gzip, deflate, br",
                                  "accept-language": "en-US"
                              }
                              Method: POST
                              URL: /
2024-06-26 [01:59:59.686] [5] Task started: customer-management-get-customer-services
2024-06-26 [01:59:59.688] [5] Request ended
2024-06-26 [01:59:59.689] [5] Request closed
2024-06-26 [01:59:59.691] [5] Task done
2024-06-26 [01:59:59.692] [5] Response closed
2024-06-26 [03:19:04.982] [6] Request recieved: ::1:64370
2024-06-26 [03:19:04.990] [6] Socket: {
                                  "localAddress": "::1",
                                  "localPort": 8080,
                                  "localFamily": "IPv6",
                                  "remoteAddress": "::1",
                                  "remoteFamily": "IPv6",
                                  "remotePort": 64370
                              }
                              Headers: {
                                  "host": "localhost:8080",
                                  "connection": "keep-alive",
                                  "content-length": "0",
                                  "sec-ch-ua": "\"Not-A.Brand\";v=\"99\", \"Chromium\";v=\"124\"",
                                  "action": "logout",
                                  "sec-ch-ua-mobile": "?0",
                                  "user-agent": "Mozilla/5.0 (Windows NT 10.0; Win64; x64) AppleWebKit/537.36 (KHTML, like Gecko) HairlinersSalon/1.0.0 Chrome/124.0.6367.233 Electron/30.0.9 Safari/537.36",
                                  "token": "34c8f39bcb40fc1ef3853ccb08cf33f4d177cd9b72bac784dfcda4661a721749",
                                  "sec-ch-ua-platform": "\"Windows\"",
                                  "accept": "*/*",
                                  "sec-fetch-site": "cross-site",
                                  "sec-fetch-mode": "cors",
                                  "sec-fetch-dest": "empty",
                                  "accept-encoding": "gzip, deflate, br",
                                  "accept-language": "en-US"
                              }
                              Method: POST
                              URL: /
2024-06-26 [03:19:04.991] [6] Task started: logout
2024-06-26 [03:19:05.029] [6] Response closed
2024-06-26 [03:19:05.029] [6] Request ended
2024-06-26 [03:19:05.030] [6] Request closed
2024-06-26 [03:19:05.030] [6] Task done
2024-06-26 [03:19:19.702] [7] Request recieved: ::1:64376
2024-06-26 [03:19:19.703] [7] Socket: {
                                  "localAddress": "::1",
                                  "localPort": 8080,
                                  "localFamily": "IPv6",
                                  "remoteAddress": "::1",
                                  "remoteFamily": "IPv6",
                                  "remotePort": 64376
                              }
                              Headers: {
                                  "host": "localhost:8080",
                                  "connection": "keep-alive",
                                  "content-length": "52",
                                  "sec-ch-ua": "\"Not-A.Brand\";v=\"99\", \"Chromium\";v=\"124\"",
                                  "action": "login",
                                  "content-type": "text/plain;charset=UTF-8",
                                  "sec-ch-ua-mobile": "?0",
                                  "user-agent": "Mozilla/5.0 (Windows NT 10.0; Win64; x64) AppleWebKit/537.36 (KHTML, like Gecko) HairlinersSalon/1.0.0 Chrome/124.0.6367.233 Electron/30.0.9 Safari/537.36",
                                  "sec-ch-ua-platform": "\"Windows\"",
                                  "accept": "*/*",
                                  "sec-fetch-site": "cross-site",
                                  "sec-fetch-mode": "cors",
                                  "sec-fetch-dest": "empty",
                                  "accept-encoding": "gzip, deflate, br",
                                  "accept-language": "en-US"
                              }
                              Method: POST
                              URL: /
2024-06-26 [03:19:19.703] [7] Task started: login
2024-06-26 [03:19:19.705] [7] Request ended
2024-06-26 [03:19:19.706] [7] Request closed
2024-06-26 [03:19:19.734] [7] Task done
2024-06-26 [03:19:19.735] [7] Response closed
2024-06-26 [03:19:19.746] [8] Request recieved: ::1:64376
2024-06-26 [03:19:19.747] [8] Socket: {
                                  "localAddress": "::1",
                                  "localPort": 8080,
                                  "localFamily": "IPv6",
                                  "remoteAddress": "::1",
                                  "remoteFamily": "IPv6",
                                  "remotePort": 64376
                              }
                              Headers: {
                                  "host": "localhost:8080",
                                  "connection": "keep-alive",
                                  "content-length": "0",
                                  "sec-ch-ua": "\"Not-A.Brand\";v=\"99\", \"Chromium\";v=\"124\"",
                                  "action": "customer-management-get-customers",
                                  "sec-ch-ua-mobile": "?0",
                                  "user-agent": "Mozilla/5.0 (Windows NT 10.0; Win64; x64) AppleWebKit/537.36 (KHTML, like Gecko) HairlinersSalon/1.0.0 Chrome/124.0.6367.233 Electron/30.0.9 Safari/537.36",
                                  "token": "b8e97c0cacb42de8230276de658dcbe9f0bccf0e048422deeca2136a161d6f23",
                                  "sec-ch-ua-platform": "\"Windows\"",
                                  "accept": "*/*",
                                  "sec-fetch-site": "cross-site",
                                  "sec-fetch-mode": "cors",
                                  "sec-fetch-dest": "empty",
                                  "accept-encoding": "gzip, deflate, br",
                                  "accept-language": "en-US"
                              }
                              Method: POST
                              URL: /
2024-06-26 [03:19:19.748] [8] Task started: customer-management-get-customers
2024-06-26 [03:19:19.756] [8] Response closed
2024-06-26 [03:19:19.757] [8] Request ended
2024-06-26 [03:19:19.757] [8] Request closed
2024-06-26 [03:19:19.757] [8] Task done
2024-06-26 [03:19:19.767] [9] Request recieved: ::1:64376
2024-06-26 [03:19:19.767] [9] Socket: {
                                  "localAddress": "::1",
                                  "localPort": 8080,
                                  "localFamily": "IPv6",
                                  "remoteAddress": "::1",
                                  "remoteFamily": "IPv6",
                                  "remotePort": 64376
                              }
                              Headers: {
                                  "host": "localhost:8080",
                                  "connection": "keep-alive",
                                  "content-length": "0",
                                  "sec-ch-ua": "\"Not-A.Brand\";v=\"99\", \"Chromium\";v=\"124\"",
                                  "action": "customer-management-get-staff-names",
                                  "sec-ch-ua-mobile": "?0",
                                  "user-agent": "Mozilla/5.0 (Windows NT 10.0; Win64; x64) AppleWebKit/537.36 (KHTML, like Gecko) HairlinersSalon/1.0.0 Chrome/124.0.6367.233 Electron/30.0.9 Safari/537.36",
                                  "token": "b8e97c0cacb42de8230276de658dcbe9f0bccf0e048422deeca2136a161d6f23",
                                  "sec-ch-ua-platform": "\"Windows\"",
                                  "accept": "*/*",
                                  "sec-fetch-site": "cross-site",
                                  "sec-fetch-mode": "cors",
                                  "sec-fetch-dest": "empty",
                                  "accept-encoding": "gzip, deflate, br",
                                  "accept-language": "en-US"
                              }
                              Method: POST
                              URL: /
2024-06-26 [03:19:19.768] [9] Task started: customer-management-get-staff-names
2024-06-26 [03:19:19.773] [9] Response closed
2024-06-26 [03:19:19.773] [9] Request ended
2024-06-26 [03:19:19.774] [9] Request closed
2024-06-26 [03:19:19.774] [9] Task done
2024-06-26 [03:19:22.991] [10] Request recieved: ::1:64376
2024-06-26 [03:19:22.991] [10] Socket: {
                                   "localAddress": "::1",
                                   "localPort": 8080,
                                   "localFamily": "IPv6",
                                   "remoteAddress": "::1",
                                   "remoteFamily": "IPv6",
                                   "remotePort": 64376
                               }
                               Headers: {
                                   "host": "localhost:8080",
                                   "connection": "keep-alive",
                                   "content-length": "0",
                                   "sec-ch-ua": "\"Not-A.Brand\";v=\"99\", \"Chromium\";v=\"124\"",
                                   "action": "customer-management-get-customers",
                                   "sec-ch-ua-mobile": "?0",
                                   "user-agent": "Mozilla/5.0 (Windows NT 10.0; Win64; x64) AppleWebKit/537.36 (KHTML, like Gecko) HairlinersSalon/1.0.0 Chrome/124.0.6367.233 Electron/30.0.9 Safari/537.36",
                                   "token": "b8e97c0cacb42de8230276de658dcbe9f0bccf0e048422deeca2136a161d6f23",
                                   "sec-ch-ua-platform": "\"Windows\"",
                                   "accept": "*/*",
                                   "sec-fetch-site": "cross-site",
                                   "sec-fetch-mode": "cors",
                                   "sec-fetch-dest": "empty",
                                   "accept-encoding": "gzip, deflate, br",
                                   "accept-language": "en-US"
                               }
                               Method: POST
                               URL: /
2024-06-26 [03:19:22.991] [10] Task started: customer-management-get-customers
2024-06-26 [03:19:23.003] [10] Response closed
2024-06-26 [03:19:23.003] [10] Request ended
2024-06-26 [03:19:23.004] [10] Request closed
2024-06-26 [03:19:23.004] [10] Task done
2024-06-26 [03:19:23.013] [11] Request recieved: ::1:64376
2024-06-26 [03:19:23.014] [11] Socket: {
                                   "localAddress": "::1",
                                   "localPort": 8080,
                                   "localFamily": "IPv6",
                                   "remoteAddress": "::1",
                                   "remoteFamily": "IPv6",
                                   "remotePort": 64376
                               }
                               Headers: {
                                   "host": "localhost:8080",
                                   "connection": "keep-alive",
                                   "content-length": "0",
                                   "sec-ch-ua": "\"Not-A.Brand\";v=\"99\", \"Chromium\";v=\"124\"",
                                   "action": "customer-management-get-staff-names",
                                   "sec-ch-ua-mobile": "?0",
                                   "user-agent": "Mozilla/5.0 (Windows NT 10.0; Win64; x64) AppleWebKit/537.36 (KHTML, like Gecko) HairlinersSalon/1.0.0 Chrome/124.0.6367.233 Electron/30.0.9 Safari/537.36",
                                   "token": "b8e97c0cacb42de8230276de658dcbe9f0bccf0e048422deeca2136a161d6f23",
                                   "sec-ch-ua-platform": "\"Windows\"",
                                   "accept": "*/*",
                                   "sec-fetch-site": "cross-site",
                                   "sec-fetch-mode": "cors",
                                   "sec-fetch-dest": "empty",
                                   "accept-encoding": "gzip, deflate, br",
                                   "accept-language": "en-US"
                               }
                               Method: POST
                               URL: /
2024-06-26 [03:19:23.014] [11] Task started: customer-management-get-staff-names
2024-06-26 [03:19:23.018] [11] Response closed
2024-06-26 [03:19:23.018] [11] Request ended
2024-06-26 [03:19:23.018] [11] Request closed
2024-06-26 [03:19:23.019] [11] Task done
2024-06-26 [03:19:25.035] [12] Request recieved: ::1:64377
2024-06-26 [03:19:25.036] [12] Socket: {
                                   "localAddress": "::1",
                                   "localPort": 8080,
                                   "localFamily": "IPv6",
                                   "remoteAddress": "::1",
                                   "remoteFamily": "IPv6",
                                   "remotePort": 64377
                               }
                               Headers: {
                                   "host": "localhost:8080",
                                   "connection": "keep-alive",
                                   "content-length": "152",
                                   "sec-ch-ua": "\"Not-A.Brand\";v=\"99\", \"Chromium\";v=\"124\"",
                                   "action": "customer-management-get-customers-by-search",
                                   "content-type": "text/plain;charset=UTF-8",
                                   "sec-ch-ua-mobile": "?0",
                                   "user-agent": "Mozilla/5.0 (Windows NT 10.0; Win64; x64) AppleWebKit/537.36 (KHTML, like Gecko) HairlinersSalon/1.0.0 Chrome/124.0.6367.233 Electron/30.0.9 Safari/537.36",
                                   "token": "b8e97c0cacb42de8230276de658dcbe9f0bccf0e048422deeca2136a161d6f23",
                                   "sec-ch-ua-platform": "\"Windows\"",
                                   "accept": "*/*",
                                   "sec-fetch-site": "cross-site",
                                   "sec-fetch-mode": "cors",
                                   "sec-fetch-dest": "empty",
                                   "accept-encoding": "gzip, deflate, br",
                                   "accept-language": "en-US"
                               }
                               Method: POST
                               URL: /
2024-06-26 [03:19:25.036] [12] Task started: customer-management-get-customers-by-search
2024-06-26 [03:19:25.040] [12] Request ended
2024-06-26 [03:19:25.040] [12] Request closed
2024-06-26 [03:19:25.066] [12] Task done
2024-06-26 [03:19:25.066] [12] Response closed
2024-06-26 [03:19:30.306] [13] Request recieved: ::1:64379
2024-06-26 [03:19:30.306] [13] Socket: {
                                   "localAddress": "::1",
                                   "localPort": 8080,
                                   "localFamily": "IPv6",
                                   "remoteAddress": "::1",
                                   "remoteFamily": "IPv6",
                                   "remotePort": 64379
                               }
                               Headers: {
                                   "host": "localhost:8080",
                                   "connection": "keep-alive",
                                   "content-length": "2",
                                   "sec-ch-ua": "\"Not-A.Brand\";v=\"99\", \"Chromium\";v=\"124\"",
                                   "action": "customer-management-get-customer-services",
                                   "content-type": "text/plain;charset=UTF-8",
                                   "sec-ch-ua-mobile": "?0",
                                   "user-agent": "Mozilla/5.0 (Windows NT 10.0; Win64; x64) AppleWebKit/537.36 (KHTML, like Gecko) HairlinersSalon/1.0.0 Chrome/124.0.6367.233 Electron/30.0.9 Safari/537.36",
                                   "token": "b8e97c0cacb42de8230276de658dcbe9f0bccf0e048422deeca2136a161d6f23",
                                   "sec-ch-ua-platform": "\"Windows\"",
                                   "accept": "*/*",
                                   "sec-fetch-site": "cross-site",
                                   "sec-fetch-mode": "cors",
                                   "sec-fetch-dest": "empty",
                                   "accept-encoding": "gzip, deflate, br",
                                   "accept-language": "en-US"
                               }
                               Method: POST
                               URL: /
2024-06-26 [03:19:30.307] [13] Task started: customer-management-get-customer-services
2024-06-26 [03:19:30.308] [13] Request ended
2024-06-26 [03:19:30.309] [13] Request closed
2024-06-26 [03:19:30.343] [13] Task done
2024-06-26 [03:19:30.343] [13] Response closed
2024-06-26 [03:38:15.964] [14] Request recieved: ::1:64514
2024-06-26 [03:38:15.971] [14] Socket: {
                                   "localAddress": "::1",
                                   "localPort": 8080,
                                   "localFamily": "IPv6",
                                   "remoteAddress": "::1",
                                   "remoteFamily": "IPv6",
                                   "remotePort": 64514
                               }
                               Headers: {
                                   "host": "localhost:8080",
                                   "connection": "keep-alive",
                                   "content-length": "76",
                                   "sec-ch-ua": "\"Not-A.Brand\";v=\"99\", \"Chromium\";v=\"124\"",
                                   "action": "customer-management-register-customer",
                                   "content-type": "text/plain;charset=UTF-8",
                                   "sec-ch-ua-mobile": "?0",
                                   "user-agent": "Mozilla/5.0 (Windows NT 10.0; Win64; x64) AppleWebKit/537.36 (KHTML, like Gecko) HairlinersSalon/1.0.0 Chrome/124.0.6367.233 Electron/30.0.9 Safari/537.36",
                                   "token": "b8e97c0cacb42de8230276de658dcbe9f0bccf0e048422deeca2136a161d6f23",
                                   "sec-ch-ua-platform": "\"Windows\"",
                                   "accept": "*/*",
                                   "sec-fetch-site": "cross-site",
                                   "sec-fetch-mode": "cors",
                                   "sec-fetch-dest": "empty",
                                   "accept-encoding": "gzip, deflate, br",
                                   "accept-language": "en-US"
                               }
                               Method: POST
                               URL: /
2024-06-26 [03:38:15.972] [14] Task started: customer-management-register-customer
2024-06-26 [03:38:15.980] [14] Request ended
2024-06-26 [03:38:15.980] [14] Request closed
2024-06-26 [03:38:16.030] [14] Task failed: SqliteError: UNIQUE constraint failed: customer.full_name
                                   at Object.createCustomer (C:\Users\Admin\Desktop\electron-v30.0.9-win32-x64\resources\app\database.js:705:4)
                                   at customer-management-register-customer (C:\Users\Admin\Desktop\electron-v30.0.9-win32-x64\resources\app\modules\customer-management.js:153:33)
                                   at process.processTicksAndRejections (node:internal/process/task_queues:95:5)
                                   at async Server.<anonymous> (C:\Users\Admin\Desktop\electron-v30.0.9-win32-x64\resources\app\server.js:92:5) {
                                 code: 'SQLITE_CONSTRAINT_UNIQUE'
                               }
2024-06-26 [03:38:16.032] [14] Response closed
2024-06-26 [03:38:21.996] [15] Request recieved: ::1:64516
2024-06-26 [03:38:21.996] [15] Socket: {
                                   "localAddress": "::1",
                                   "localPort": 8080,
                                   "localFamily": "IPv6",
                                   "remoteAddress": "::1",
                                   "remoteFamily": "IPv6",
                                   "remotePort": 64516
                               }
                               Headers: {
                                   "host": "localhost:8080",
                                   "connection": "keep-alive",
                                   "content-length": "73",
                                   "sec-ch-ua": "\"Not-A.Brand\";v=\"99\", \"Chromium\";v=\"124\"",
                                   "action": "customer-management-register-customer",
                                   "content-type": "text/plain;charset=UTF-8",
                                   "sec-ch-ua-mobile": "?0",
                                   "user-agent": "Mozilla/5.0 (Windows NT 10.0; Win64; x64) AppleWebKit/537.36 (KHTML, like Gecko) HairlinersSalon/1.0.0 Chrome/124.0.6367.233 Electron/30.0.9 Safari/537.36",
                                   "token": "b8e97c0cacb42de8230276de658dcbe9f0bccf0e048422deeca2136a161d6f23",
                                   "sec-ch-ua-platform": "\"Windows\"",
                                   "accept": "*/*",
                                   "sec-fetch-site": "cross-site",
                                   "sec-fetch-mode": "cors",
                                   "sec-fetch-dest": "empty",
                                   "accept-encoding": "gzip, deflate, br",
                                   "accept-language": "en-US"
                               }
                               Method: POST
                               URL: /
2024-06-26 [03:38:21.997] [15] Task started: customer-management-register-customer
2024-06-26 [03:38:21.999] [15] Request ended
2024-06-26 [03:38:21.999] [15] Request closed
2024-06-26 [03:38:22.003] [15] Task failed: SqliteError: UNIQUE constraint failed: customer.full_name
                                   at Object.createCustomer (C:\Users\Admin\Desktop\electron-v30.0.9-win32-x64\resources\app\database.js:705:4)
                                   at customer-management-register-customer (C:\Users\Admin\Desktop\electron-v30.0.9-win32-x64\resources\app\modules\customer-management.js:153:33)
                                   at process.processTicksAndRejections (node:internal/process/task_queues:95:5)
                                   at async Server.<anonymous> (C:\Users\Admin\Desktop\electron-v30.0.9-win32-x64\resources\app\server.js:92:5) {
                                 code: 'SQLITE_CONSTRAINT_UNIQUE'
                               }
2024-06-26 [03:38:22.004] [15] Response closed
2024-06-26 [03:41:49.299] [16] Request recieved: ::1:64539
2024-06-26 [03:41:49.300] [16] Socket: {
                                   "localAddress": "::1",
                                   "localPort": 8080,
                                   "localFamily": "IPv6",
                                   "remoteAddress": "::1",
                                   "remoteFamily": "IPv6",
                                   "remotePort": 64539
                               }
                               Headers: {
                                   "host": "localhost:8080",
                                   "connection": "keep-alive",
                                   "content-length": "67",
                                   "sec-ch-ua": "\"Not-A.Brand\";v=\"99\", \"Chromium\";v=\"124\"",
                                   "action": "customer-management-register-customer",
                                   "content-type": "text/plain;charset=UTF-8",
                                   "sec-ch-ua-mobile": "?0",
                                   "user-agent": "Mozilla/5.0 (Windows NT 10.0; Win64; x64) AppleWebKit/537.36 (KHTML, like Gecko) HairlinersSalon/1.0.0 Chrome/124.0.6367.233 Electron/30.0.9 Safari/537.36",
                                   "token": "b8e97c0cacb42de8230276de658dcbe9f0bccf0e048422deeca2136a161d6f23",
                                   "sec-ch-ua-platform": "\"Windows\"",
                                   "accept": "*/*",
                                   "sec-fetch-site": "cross-site",
                                   "sec-fetch-mode": "cors",
                                   "sec-fetch-dest": "empty",
                                   "accept-encoding": "gzip, deflate, br",
                                   "accept-language": "en-US"
                               }
                               Method: POST
                               URL: /
2024-06-26 [03:41:49.300] [16] Task started: customer-management-register-customer
2024-06-26 [03:41:49.303] [16] Request ended
2024-06-26 [03:41:49.303] [16] Request closed
2024-06-26 [03:41:49.305] [16] Task done
2024-06-26 [03:41:49.314] [16] Response closed
2024-06-26 [03:58:52.283] [17] Request recieved: ::1:64638
2024-06-26 [03:58:52.285] [17] Socket: {
                                   "localAddress": "::1",
                                   "localPort": 8080,
                                   "localFamily": "IPv6",
                                   "remoteAddress": "::1",
                                   "remoteFamily": "IPv6",
                                   "remotePort": 64638
                               }
                               Headers: {
                                   "host": "localhost:8080",
                                   "connection": "keep-alive",
                                   "content-length": "67",
                                   "sec-ch-ua": "\"Not-A.Brand\";v=\"99\", \"Chromium\";v=\"124\"",
                                   "action": "customer-management-register-customer",
                                   "content-type": "text/plain;charset=UTF-8",
                                   "sec-ch-ua-mobile": "?0",
                                   "user-agent": "Mozilla/5.0 (Windows NT 10.0; Win64; x64) AppleWebKit/537.36 (KHTML, like Gecko) HairlinersSalon/1.0.0 Chrome/124.0.6367.233 Electron/30.0.9 Safari/537.36",
                                   "token": "b8e97c0cacb42de8230276de658dcbe9f0bccf0e048422deeca2136a161d6f23",
                                   "sec-ch-ua-platform": "\"Windows\"",
                                   "accept": "*/*",
                                   "sec-fetch-site": "cross-site",
                                   "sec-fetch-mode": "cors",
                                   "sec-fetch-dest": "empty",
                                   "accept-encoding": "gzip, deflate, br",
                                   "accept-language": "en-US"
                               }
                               Method: POST
                               URL: /
2024-06-26 [03:58:52.286] [17] Task started: customer-management-register-customer
2024-06-26 [03:58:52.289] [17] Request ended
2024-06-26 [03:58:52.289] [17] Request closed
2024-06-26 [03:58:52.292] [17] Task done
2024-06-26 [03:58:52.293] [17] Response closed
2024-06-26 [03:59:34.275] [18] Request recieved: ::1:64642
2024-06-26 [03:59:34.283] [18] Socket: {
                                   "localAddress": "::1",
                                   "localPort": 8080,
                                   "localFamily": "IPv6",
                                   "remoteAddress": "::1",
                                   "remoteFamily": "IPv6",
                                   "remotePort": 64642
                               }
                               Headers: {
                                   "host": "localhost:8080",
                                   "connection": "keep-alive",
                                   "content-length": "74",
                                   "sec-ch-ua": "\"Not-A.Brand\";v=\"99\", \"Chromium\";v=\"124\"",
                                   "action": "customer-management-register-customer",
                                   "content-type": "text/plain;charset=UTF-8",
                                   "sec-ch-ua-mobile": "?0",
                                   "user-agent": "Mozilla/5.0 (Windows NT 10.0; Win64; x64) AppleWebKit/537.36 (KHTML, like Gecko) HairlinersSalon/1.0.0 Chrome/124.0.6367.233 Electron/30.0.9 Safari/537.36",
                                   "token": "b8e97c0cacb42de8230276de658dcbe9f0bccf0e048422deeca2136a161d6f23",
                                   "sec-ch-ua-platform": "\"Windows\"",
                                   "accept": "*/*",
                                   "sec-fetch-site": "cross-site",
                                   "sec-fetch-mode": "cors",
                                   "sec-fetch-dest": "empty",
                                   "accept-encoding": "gzip, deflate, br",
                                   "accept-language": "en-US"
                               }
                               Method: POST
                               URL: /
2024-06-26 [03:59:34.283] [18] Task started: customer-management-register-customer
2024-06-26 [03:59:34.285] [18] Request ended
2024-06-26 [03:59:34.285] [18] Request closed
2024-06-26 [03:59:34.290] [18] Task failed: SqliteError: UNIQUE constraint failed: customer.full_name
                                   at Object.createCustomer (C:\Users\Admin\Desktop\electron-v30.0.9-win32-x64\resources\app\database.js:705:4)
                                   at customer-management-register-customer (C:\Users\Admin\Desktop\electron-v30.0.9-win32-x64\resources\app\modules\customer-management.js:153:33)
                                   at process.processTicksAndRejections (node:internal/process/task_queues:95:5)
                                   at async Server.<anonymous> (C:\Users\Admin\Desktop\electron-v30.0.9-win32-x64\resources\app\server.js:92:5) {
                                 code: 'SQLITE_CONSTRAINT_UNIQUE'
                               }
2024-06-26 [03:59:34.290] [18] Response closed
2024-06-26 [03:59:43.269] [19] Request recieved: ::1:64648
2024-06-26 [03:59:43.274] [19] Socket: {
                                   "localAddress": "::1",
                                   "localPort": 8080,
                                   "localFamily": "IPv6",
                                   "remoteAddress": "::1",
                                   "remoteFamily": "IPv6",
                                   "remotePort": 64648
                               }
                               Headers: {
                                   "host": "localhost:8080",
                                   "connection": "keep-alive",
                                   "content-length": "74",
                                   "sec-ch-ua": "\"Not-A.Brand\";v=\"99\", \"Chromium\";v=\"124\"",
                                   "action": "customer-management-register-customer",
                                   "content-type": "text/plain;charset=UTF-8",
                                   "sec-ch-ua-mobile": "?0",
                                   "user-agent": "Mozilla/5.0 (Windows NT 10.0; Win64; x64) AppleWebKit/537.36 (KHTML, like Gecko) HairlinersSalon/1.0.0 Chrome/124.0.6367.233 Electron/30.0.9 Safari/537.36",
                                   "token": "b8e97c0cacb42de8230276de658dcbe9f0bccf0e048422deeca2136a161d6f23",
                                   "sec-ch-ua-platform": "\"Windows\"",
                                   "accept": "*/*",
                                   "sec-fetch-site": "cross-site",
                                   "sec-fetch-mode": "cors",
                                   "sec-fetch-dest": "empty",
                                   "accept-encoding": "gzip, deflate, br",
                                   "accept-language": "en-US"
                               }
                               Method: POST
                               URL: /
2024-06-26 [03:59:43.275] [19] Task started: customer-management-register-customer
2024-06-26 [03:59:43.277] [19] Request ended
2024-06-26 [03:59:43.278] [19] Request closed
2024-06-26 [03:59:43.283] [19] Task failed: SqliteError: UNIQUE constraint failed: customer.full_name
                                   at Object.createCustomer (C:\Users\Admin\Desktop\electron-v30.0.9-win32-x64\resources\app\database.js:705:4)
                                   at customer-management-register-customer (C:\Users\Admin\Desktop\electron-v30.0.9-win32-x64\resources\app\modules\customer-management.js:153:33)
                                   at process.processTicksAndRejections (node:internal/process/task_queues:95:5)
                                   at async Server.<anonymous> (C:\Users\Admin\Desktop\electron-v30.0.9-win32-x64\resources\app\server.js:92:5) {
                                 code: 'SQLITE_CONSTRAINT_UNIQUE'
                               }
2024-06-26 [03:59:43.284] [19] Response closed
2024-06-26 [04:03:07.111] [20] Request recieved: ::1:64683
2024-06-26 [04:03:07.113] [20] Socket: {
                                   "localAddress": "::1",
                                   "localPort": 8080,
                                   "localFamily": "IPv6",
                                   "remoteAddress": "::1",
                                   "remoteFamily": "IPv6",
                                   "remotePort": 64683
                               }
                               Headers: {
                                   "host": "localhost:8080",
                                   "connection": "keep-alive",
                                   "content-length": "77",
                                   "sec-ch-ua": "\"Not-A.Brand\";v=\"99\", \"Chromium\";v=\"124\"",
                                   "action": "customer-management-register-customer",
                                   "content-type": "text/plain;charset=UTF-8",
                                   "sec-ch-ua-mobile": "?0",
                                   "user-agent": "Mozilla/5.0 (Windows NT 10.0; Win64; x64) AppleWebKit/537.36 (KHTML, like Gecko) HairlinersSalon/1.0.0 Chrome/124.0.6367.233 Electron/30.0.9 Safari/537.36",
                                   "token": "b8e97c0cacb42de8230276de658dcbe9f0bccf0e048422deeca2136a161d6f23",
                                   "sec-ch-ua-platform": "\"Windows\"",
                                   "accept": "*/*",
                                   "sec-fetch-site": "cross-site",
                                   "sec-fetch-mode": "cors",
                                   "sec-fetch-dest": "empty",
                                   "accept-encoding": "gzip, deflate, br",
                                   "accept-language": "en-US"
                               }
                               Method: POST
                               URL: /
2024-06-26 [04:03:07.113] [20] Task started: customer-management-register-customer
2024-06-26 [04:03:07.115] [20] Request ended
2024-06-26 [04:03:07.116] [20] Request closed
2024-06-26 [04:03:07.118] [20] Task done
2024-06-26 [04:03:07.119] [20] Response closed
2024-06-26 [04:03:12.356] [21] Request recieved: ::1:64684
2024-06-26 [04:03:12.356] [21] Socket: {
                                   "localAddress": "::1",
                                   "localPort": 8080,
                                   "localFamily": "IPv6",
                                   "remoteAddress": "::1",
                                   "remoteFamily": "IPv6",
                                   "remotePort": 64684
                               }
                               Headers: {
                                   "host": "localhost:8080",
                                   "connection": "keep-alive",
                                   "content-length": "76",
                                   "sec-ch-ua": "\"Not-A.Brand\";v=\"99\", \"Chromium\";v=\"124\"",
                                   "action": "customer-management-register-customer",
                                   "content-type": "text/plain;charset=UTF-8",
                                   "sec-ch-ua-mobile": "?0",
                                   "user-agent": "Mozilla/5.0 (Windows NT 10.0; Win64; x64) AppleWebKit/537.36 (KHTML, like Gecko) HairlinersSalon/1.0.0 Chrome/124.0.6367.233 Electron/30.0.9 Safari/537.36",
                                   "token": "b8e97c0cacb42de8230276de658dcbe9f0bccf0e048422deeca2136a161d6f23",
                                   "sec-ch-ua-platform": "\"Windows\"",
                                   "accept": "*/*",
                                   "sec-fetch-site": "cross-site",
                                   "sec-fetch-mode": "cors",
                                   "sec-fetch-dest": "empty",
                                   "accept-encoding": "gzip, deflate, br",
                                   "accept-language": "en-US"
                               }
                               Method: POST
                               URL: /
2024-06-26 [04:03:12.357] [21] Task started: customer-management-register-customer
2024-06-26 [04:03:12.359] [21] Request ended
2024-06-26 [04:03:12.360] [21] Request closed
2024-06-26 [04:03:12.362] [21] Task done
2024-06-26 [04:03:12.363] [21] Response closed
2024-06-26 [04:14:40.206] [22] Request recieved: ::1:64773
2024-06-26 [04:14:40.216] [22] Socket: {
                                   "localAddress": "::1",
                                   "localPort": 8080,
                                   "localFamily": "IPv6",
                                   "remoteAddress": "::1",
                                   "remoteFamily": "IPv6",
                                   "remotePort": 64773
                               }
                               Headers: {
                                   "host": "localhost:8080",
                                   "connection": "keep-alive",
                                   "content-length": "152",
                                   "sec-ch-ua": "\"Not-A.Brand\";v=\"99\", \"Chromium\";v=\"124\"",
                                   "action": "customer-management-get-customers-by-search",
                                   "content-type": "text/plain;charset=UTF-8",
                                   "sec-ch-ua-mobile": "?0",
                                   "user-agent": "Mozilla/5.0 (Windows NT 10.0; Win64; x64) AppleWebKit/537.36 (KHTML, like Gecko) HairlinersSalon/1.0.0 Chrome/124.0.6367.233 Electron/30.0.9 Safari/537.36",
                                   "token": "b8e97c0cacb42de8230276de658dcbe9f0bccf0e048422deeca2136a161d6f23",
                                   "sec-ch-ua-platform": "\"Windows\"",
                                   "accept": "*/*",
                                   "sec-fetch-site": "cross-site",
                                   "sec-fetch-mode": "cors",
                                   "sec-fetch-dest": "empty",
                                   "accept-encoding": "gzip, deflate, br",
                                   "accept-language": "en-US"
                               }
                               Method: POST
                               URL: /
2024-06-26 [04:14:40.217] [22] Task started: customer-management-get-customers-by-search
2024-06-26 [04:14:40.228] [22] Request ended
2024-06-26 [04:14:40.229] [22] Request closed
2024-06-26 [04:14:40.253] [22] Task done
2024-06-26 [04:14:40.254] [22] Response closed
2024-06-26 [04:14:44.834] [23] Request recieved: ::1:64774
2024-06-26 [04:14:44.834] [23] Socket: {
                                   "localAddress": "::1",
                                   "localPort": 8080,
                                   "localFamily": "IPv6",
                                   "remoteAddress": "::1",
                                   "remoteFamily": "IPv6",
                                   "remotePort": 64774
                               }
                               Headers: {
                                   "host": "localhost:8080",
                                   "connection": "keep-alive",
                                   "content-length": "154",
                                   "sec-ch-ua": "\"Not-A.Brand\";v=\"99\", \"Chromium\";v=\"124\"",
                                   "action": "customer-management-get-customers-by-search",
                                   "content-type": "text/plain;charset=UTF-8",
                                   "sec-ch-ua-mobile": "?0",
                                   "user-agent": "Mozilla/5.0 (Windows NT 10.0; Win64; x64) AppleWebKit/537.36 (KHTML, like Gecko) HairlinersSalon/1.0.0 Chrome/124.0.6367.233 Electron/30.0.9 Safari/537.36",
                                   "token": "b8e97c0cacb42de8230276de658dcbe9f0bccf0e048422deeca2136a161d6f23",
                                   "sec-ch-ua-platform": "\"Windows\"",
                                   "accept": "*/*",
                                   "sec-fetch-site": "cross-site",
                                   "sec-fetch-mode": "cors",
                                   "sec-fetch-dest": "empty",
                                   "accept-encoding": "gzip, deflate, br",
                                   "accept-language": "en-US"
                               }
                               Method: POST
                               URL: /
2024-06-26 [04:14:44.835] [23] Task started: customer-management-get-customers-by-search
2024-06-26 [04:14:44.837] [23] Request ended
2024-06-26 [04:14:44.837] [23] Request closed
2024-06-26 [04:14:44.860] [23] Task done
2024-06-26 [04:14:44.860] [23] Response closed
2024-06-26 [04:14:49.219] [24] Request recieved: ::1:64774
2024-06-26 [04:14:49.224] [24] Socket: {
                                   "localAddress": "::1",
                                   "localPort": 8080,
                                   "localFamily": "IPv6",
                                   "remoteAddress": "::1",
                                   "remoteFamily": "IPv6",
                                   "remotePort": 64774
                               }
                               Headers: {
                                   "host": "localhost:8080",
                                   "connection": "keep-alive",
                                   "content-length": "152",
                                   "sec-ch-ua": "\"Not-A.Brand\";v=\"99\", \"Chromium\";v=\"124\"",
                                   "action": "customer-management-get-customers-by-search",
                                   "content-type": "text/plain;charset=UTF-8",
                                   "sec-ch-ua-mobile": "?0",
                                   "user-agent": "Mozilla/5.0 (Windows NT 10.0; Win64; x64) AppleWebKit/537.36 (KHTML, like Gecko) HairlinersSalon/1.0.0 Chrome/124.0.6367.233 Electron/30.0.9 Safari/537.36",
                                   "token": "b8e97c0cacb42de8230276de658dcbe9f0bccf0e048422deeca2136a161d6f23",
                                   "sec-ch-ua-platform": "\"Windows\"",
                                   "accept": "*/*",
                                   "sec-fetch-site": "cross-site",
                                   "sec-fetch-mode": "cors",
                                   "sec-fetch-dest": "empty",
                                   "accept-encoding": "gzip, deflate, br",
                                   "accept-language": "en-US"
                               }
                               Method: POST
                               URL: /
2024-06-26 [04:14:49.224] [24] Task started: customer-management-get-customers-by-search
2024-06-26 [04:14:49.226] [24] Request ended
2024-06-26 [04:14:49.227] [24] Request closed
2024-06-26 [04:14:49.245] [24] Task done
2024-06-26 [04:14:49.246] [24] Response closed
2024-06-26 [04:14:55.950] [25] Request recieved: ::1:64778
2024-06-26 [04:14:55.951] [25] Socket: {
                                   "localAddress": "::1",
                                   "localPort": 8080,
                                   "localFamily": "IPv6",
                                   "remoteAddress": "::1",
                                   "remoteFamily": "IPv6",
                                   "remotePort": 64778
                               }
                               Headers: {
                                   "host": "localhost:8080",
                                   "connection": "keep-alive",
                                   "content-length": "153",
                                   "sec-ch-ua": "\"Not-A.Brand\";v=\"99\", \"Chromium\";v=\"124\"",
                                   "action": "customer-management-get-customers-by-search",
                                   "content-type": "text/plain;charset=UTF-8",
                                   "sec-ch-ua-mobile": "?0",
                                   "user-agent": "Mozilla/5.0 (Windows NT 10.0; Win64; x64) AppleWebKit/537.36 (KHTML, like Gecko) HairlinersSalon/1.0.0 Chrome/124.0.6367.233 Electron/30.0.9 Safari/537.36",
                                   "token": "b8e97c0cacb42de8230276de658dcbe9f0bccf0e048422deeca2136a161d6f23",
                                   "sec-ch-ua-platform": "\"Windows\"",
                                   "accept": "*/*",
                                   "sec-fetch-site": "cross-site",
                                   "sec-fetch-mode": "cors",
                                   "sec-fetch-dest": "empty",
                                   "accept-encoding": "gzip, deflate, br",
                                   "accept-language": "en-US"
                               }
                               Method: POST
                               URL: /
2024-06-26 [04:14:55.951] [25] Task started: customer-management-get-customers-by-search
2024-06-26 [04:14:55.953] [25] Request ended
2024-06-26 [04:14:55.954] [25] Request closed
2024-06-26 [04:14:55.972] [25] Task done
2024-06-26 [04:14:55.973] [25] Response closed
2024-06-26 [04:15:01.458] [26] Request recieved: ::1:64779
2024-06-26 [04:15:01.459] [26] Socket: {
                                   "localAddress": "::1",
                                   "localPort": 8080,
                                   "localFamily": "IPv6",
                                   "remoteAddress": "::1",
                                   "remoteFamily": "IPv6",
                                   "remotePort": 64779
                               }
                               Headers: {
                                   "host": "localhost:8080",
                                   "connection": "keep-alive",
                                   "content-length": "152",
                                   "sec-ch-ua": "\"Not-A.Brand\";v=\"99\", \"Chromium\";v=\"124\"",
                                   "action": "customer-management-get-customers-by-search",
                                   "content-type": "text/plain;charset=UTF-8",
                                   "sec-ch-ua-mobile": "?0",
                                   "user-agent": "Mozilla/5.0 (Windows NT 10.0; Win64; x64) AppleWebKit/537.36 (KHTML, like Gecko) HairlinersSalon/1.0.0 Chrome/124.0.6367.233 Electron/30.0.9 Safari/537.36",
                                   "token": "b8e97c0cacb42de8230276de658dcbe9f0bccf0e048422deeca2136a161d6f23",
                                   "sec-ch-ua-platform": "\"Windows\"",
                                   "accept": "*/*",
                                   "sec-fetch-site": "cross-site",
                                   "sec-fetch-mode": "cors",
                                   "sec-fetch-dest": "empty",
                                   "accept-encoding": "gzip, deflate, br",
                                   "accept-language": "en-US"
                               }
                               Method: POST
                               URL: /
2024-06-26 [04:15:01.459] [26] Task started: customer-management-get-customers-by-search
2024-06-26 [04:15:01.461] [26] Request ended
2024-06-26 [04:15:01.462] [26] Request closed
2024-06-26 [04:15:01.476] [26] Task done
2024-06-26 [04:15:01.478] [26] Response closed
2024-06-26 [04:15:15.412] [27] Request recieved: ::1:64780
2024-06-26 [04:15:15.414] [27] Socket: {
                                   "localAddress": "::1",
                                   "localPort": 8080,
                                   "localFamily": "IPv6",
                                   "remoteAddress": "::1",
                                   "remoteFamily": "IPv6",
                                   "remotePort": 64780
                               }
                               Headers: {
                                   "host": "localhost:8080",
                                   "connection": "keep-alive",
                                   "content-length": "163",
                                   "sec-ch-ua": "\"Not-A.Brand\";v=\"99\", \"Chromium\";v=\"124\"",
                                   "action": "customer-management-get-customers-by-search",
                                   "content-type": "text/plain;charset=UTF-8",
                                   "sec-ch-ua-mobile": "?0",
                                   "user-agent": "Mozilla/5.0 (Windows NT 10.0; Win64; x64) AppleWebKit/537.36 (KHTML, like Gecko) HairlinersSalon/1.0.0 Chrome/124.0.6367.233 Electron/30.0.9 Safari/537.36",
                                   "token": "b8e97c0cacb42de8230276de658dcbe9f0bccf0e048422deeca2136a161d6f23",
                                   "sec-ch-ua-platform": "\"Windows\"",
                                   "accept": "*/*",
                                   "sec-fetch-site": "cross-site",
                                   "sec-fetch-mode": "cors",
                                   "sec-fetch-dest": "empty",
                                   "accept-encoding": "gzip, deflate, br",
                                   "accept-language": "en-US"
                               }
                               Method: POST
                               URL: /
2024-06-26 [04:15:15.414] [27] Task started: customer-management-get-customers-by-search
2024-06-26 [04:15:15.416] [27] Request ended
2024-06-26 [04:15:15.416] [27] Request closed
2024-06-26 [04:15:15.433] [27] Task done
2024-06-26 [04:15:15.434] [27] Response closed
2024-06-26 [04:15:20.841] [28] Request recieved: ::1:64782
2024-06-26 [04:15:20.843] [28] Socket: {
                                   "localAddress": "::1",
                                   "localPort": 8080,
                                   "localFamily": "IPv6",
                                   "remoteAddress": "::1",
                                   "remoteFamily": "IPv6",
                                   "remotePort": 64782
                               }
                               Headers: {
                                   "host": "localhost:8080",
                                   "connection": "keep-alive",
                                   "content-length": "152",
                                   "sec-ch-ua": "\"Not-A.Brand\";v=\"99\", \"Chromium\";v=\"124\"",
                                   "action": "customer-management-get-customers-by-search",
                                   "content-type": "text/plain;charset=UTF-8",
                                   "sec-ch-ua-mobile": "?0",
                                   "user-agent": "Mozilla/5.0 (Windows NT 10.0; Win64; x64) AppleWebKit/537.36 (KHTML, like Gecko) HairlinersSalon/1.0.0 Chrome/124.0.6367.233 Electron/30.0.9 Safari/537.36",
                                   "token": "b8e97c0cacb42de8230276de658dcbe9f0bccf0e048422deeca2136a161d6f23",
                                   "sec-ch-ua-platform": "\"Windows\"",
                                   "accept": "*/*",
                                   "sec-fetch-site": "cross-site",
                                   "sec-fetch-mode": "cors",
                                   "sec-fetch-dest": "empty",
                                   "accept-encoding": "gzip, deflate, br",
                                   "accept-language": "en-US"
                               }
                               Method: POST
                               URL: /
2024-06-26 [04:15:20.843] [28] Task started: customer-management-get-customers-by-search
2024-06-26 [04:15:20.844] [28] Request ended
2024-06-26 [04:15:20.844] [28] Request closed
2024-06-26 [04:15:20.858] [28] Task done
2024-06-26 [04:15:20.859] [28] Response closed
2024-06-26 [04:15:38.228] [29] Request recieved: ::1:64783
2024-06-26 [04:15:38.229] [29] Socket: {
                                   "localAddress": "::1",
                                   "localPort": 8080,
                                   "localFamily": "IPv6",
                                   "remoteAddress": "::1",
                                   "remoteFamily": "IPv6",
                                   "remotePort": 64783
                               }
                               Headers: {
                                   "host": "localhost:8080",
                                   "connection": "keep-alive",
                                   "content-length": "172",
                                   "sec-ch-ua": "\"Not-A.Brand\";v=\"99\", \"Chromium\";v=\"124\"",
                                   "action": "customer-management-get-customers-by-search",
                                   "content-type": "text/plain;charset=UTF-8",
                                   "sec-ch-ua-mobile": "?0",
                                   "user-agent": "Mozilla/5.0 (Windows NT 10.0; Win64; x64) AppleWebKit/537.36 (KHTML, like Gecko) HairlinersSalon/1.0.0 Chrome/124.0.6367.233 Electron/30.0.9 Safari/537.36",
                                   "token": "b8e97c0cacb42de8230276de658dcbe9f0bccf0e048422deeca2136a161d6f23",
                                   "sec-ch-ua-platform": "\"Windows\"",
                                   "accept": "*/*",
                                   "sec-fetch-site": "cross-site",
                                   "sec-fetch-mode": "cors",
                                   "sec-fetch-dest": "empty",
                                   "accept-encoding": "gzip, deflate, br",
                                   "accept-language": "en-US"
                               }
                               Method: POST
                               URL: /
2024-06-26 [04:15:38.229] [29] Task started: customer-management-get-customers-by-search
2024-06-26 [04:15:38.231] [29] Request ended
2024-06-26 [04:15:38.232] [29] Request closed
2024-06-26 [04:15:38.259] [29] Task done
2024-06-26 [04:15:38.259] [29] Response closed
2024-06-26 [04:15:42.075] [30] Request recieved: ::1:64784
2024-06-26 [04:15:42.075] [30] Socket: {
                                   "localAddress": "::1",
                                   "localPort": 8080,
                                   "localFamily": "IPv6",
                                   "remoteAddress": "::1",
                                   "remoteFamily": "IPv6",
                                   "remotePort": 64784
                               }
                               Headers: {
                                   "host": "localhost:8080",
                                   "connection": "keep-alive",
                                   "content-length": "152",
                                   "sec-ch-ua": "\"Not-A.Brand\";v=\"99\", \"Chromium\";v=\"124\"",
                                   "action": "customer-management-get-customers-by-search",
                                   "content-type": "text/plain;charset=UTF-8",
                                   "sec-ch-ua-mobile": "?0",
                                   "user-agent": "Mozilla/5.0 (Windows NT 10.0; Win64; x64) AppleWebKit/537.36 (KHTML, like Gecko) HairlinersSalon/1.0.0 Chrome/124.0.6367.233 Electron/30.0.9 Safari/537.36",
                                   "token": "b8e97c0cacb42de8230276de658dcbe9f0bccf0e048422deeca2136a161d6f23",
                                   "sec-ch-ua-platform": "\"Windows\"",
                                   "accept": "*/*",
                                   "sec-fetch-site": "cross-site",
                                   "sec-fetch-mode": "cors",
                                   "sec-fetch-dest": "empty",
                                   "accept-encoding": "gzip, deflate, br",
                                   "accept-language": "en-US"
                               }
                               Method: POST
                               URL: /
2024-06-26 [04:15:42.076] [30] Task started: customer-management-get-customers-by-search
2024-06-26 [04:15:42.078] [30] Request ended
2024-06-26 [04:15:42.078] [30] Request closed
2024-06-26 [04:15:42.095] [30] Task done
2024-06-26 [04:15:42.096] [30] Response closed
2024-06-26 [04:15:52.972] [31] Request recieved: ::1:64790
2024-06-26 [04:15:52.972] [31] Socket: {
                                   "localAddress": "::1",
                                   "localPort": 8080,
                                   "localFamily": "IPv6",
                                   "remoteAddress": "::1",
                                   "remoteFamily": "IPv6",
                                   "remotePort": 64790
                               }
                               Headers: {
                                   "host": "localhost:8080",
                                   "connection": "keep-alive",
                                   "content-length": "162",
                                   "sec-ch-ua": "\"Not-A.Brand\";v=\"99\", \"Chromium\";v=\"124\"",
                                   "action": "customer-management-get-customers-by-search",
                                   "content-type": "text/plain;charset=UTF-8",
                                   "sec-ch-ua-mobile": "?0",
                                   "user-agent": "Mozilla/5.0 (Windows NT 10.0; Win64; x64) AppleWebKit/537.36 (KHTML, like Gecko) HairlinersSalon/1.0.0 Chrome/124.0.6367.233 Electron/30.0.9 Safari/537.36",
                                   "token": "b8e97c0cacb42de8230276de658dcbe9f0bccf0e048422deeca2136a161d6f23",
                                   "sec-ch-ua-platform": "\"Windows\"",
                                   "accept": "*/*",
                                   "sec-fetch-site": "cross-site",
                                   "sec-fetch-mode": "cors",
                                   "sec-fetch-dest": "empty",
                                   "accept-encoding": "gzip, deflate, br",
                                   "accept-language": "en-US"
                               }
                               Method: POST
                               URL: /
2024-06-26 [04:15:52.972] [31] Task started: customer-management-get-customers-by-search
2024-06-26 [04:15:52.974] [31] Request ended
2024-06-26 [04:15:52.975] [31] Request closed
2024-06-26 [04:15:52.992] [31] Task done
2024-06-26 [04:15:52.993] [31] Response closed
2024-06-26 [04:15:58.163] [32] Request recieved: ::1:64791
2024-06-26 [04:15:58.163] [32] Socket: {
                                   "localAddress": "::1",
                                   "localPort": 8080,
                                   "localFamily": "IPv6",
                                   "remoteAddress": "::1",
                                   "remoteFamily": "IPv6",
                                   "remotePort": 64791
                               }
                               Headers: {
                                   "host": "localhost:8080",
                                   "connection": "keep-alive",
                                   "content-length": "152",
                                   "sec-ch-ua": "\"Not-A.Brand\";v=\"99\", \"Chromium\";v=\"124\"",
                                   "action": "customer-management-get-customers-by-search",
                                   "content-type": "text/plain;charset=UTF-8",
                                   "sec-ch-ua-mobile": "?0",
                                   "user-agent": "Mozilla/5.0 (Windows NT 10.0; Win64; x64) AppleWebKit/537.36 (KHTML, like Gecko) HairlinersSalon/1.0.0 Chrome/124.0.6367.233 Electron/30.0.9 Safari/537.36",
                                   "token": "b8e97c0cacb42de8230276de658dcbe9f0bccf0e048422deeca2136a161d6f23",
                                   "sec-ch-ua-platform": "\"Windows\"",
                                   "accept": "*/*",
                                   "sec-fetch-site": "cross-site",
                                   "sec-fetch-mode": "cors",
                                   "sec-fetch-dest": "empty",
                                   "accept-encoding": "gzip, deflate, br",
                                   "accept-language": "en-US"
                               }
                               Method: POST
                               URL: /
2024-06-26 [04:15:58.164] [32] Task started: customer-management-get-customers-by-search
2024-06-26 [04:15:58.166] [32] Request ended
2024-06-26 [04:15:58.166] [32] Request closed
2024-06-26 [04:15:58.185] [32] Task done
2024-06-26 [04:15:58.186] [32] Response closed
