2024-07-01 [08:41:04.518] [0] Request recieved: ::1:49888
2024-07-01 [08:41:04.519] [0] Socket: {
                                  "localAddress": "::1",
                                  "localPort": 8080,
                                  "localFamily": "IPv6",
                                  "remoteAddress": "::1",
                                  "remoteFamily": "IPv6",
                                  "remotePort": 49888
                              }
                              Headers: {
                                  "host": "localhost:8080",
                                  "connection": "keep-alive",
                                  "content-length": "52",
                                  "sec-ch-ua": "\"Not-A.Brand\";v=\"99\", \"Chromium\";v=\"124\"",
                                  "action": "login",
                                  "content-type": "text/plain;charset=UTF-8",
                                  "sec-ch-ua-mobile": "?0",
                                  "user-agent": "Mozilla/5.0 (Windows NT 10.0; Win64; x64) AppleWebKit/537.36 (KHTML, like Gecko) HairlinersSalon/1.0.0 Chrome/124.0.6367.233 Electron/30.0.9 Safari/537.36",
                                  "sec-ch-ua-platform": "\"Windows\"",
                                  "accept": "*/*",
                                  "sec-fetch-site": "cross-site",
                                  "sec-fetch-mode": "cors",
                                  "sec-fetch-dest": "empty",
                                  "accept-encoding": "gzip, deflate, br",
                                  "accept-language": "en-US"
                              }
                              Method: POST
                              URL: /
2024-07-01 [08:41:04.519] [0] Task started: login
2024-07-01 [08:41:04.520] [0] Request ended
2024-07-01 [08:41:04.521] [0] Request closed
2024-07-01 [08:41:04.527] [0] Task done
2024-07-01 [08:41:04.528] [0] Response closed
2024-07-01 [08:41:04.531] [1] Request recieved: ::1:49888
2024-07-01 [08:41:04.531] [1] Socket: {
                                  "localAddress": "::1",
                                  "localPort": 8080,
                                  "localFamily": "IPv6",
                                  "remoteAddress": "::1",
                                  "remoteFamily": "IPv6",
                                  "remotePort": 49888
                              }
                              Headers: {
                                  "host": "localhost:8080",
                                  "connection": "keep-alive",
                                  "content-length": "0",
                                  "sec-ch-ua": "\"Not-A.Brand\";v=\"99\", \"Chromium\";v=\"124\"",
                                  "action": "customer-management-get-staff-names",
                                  "sec-ch-ua-mobile": "?0",
                                  "user-agent": "Mozilla/5.0 (Windows NT 10.0; Win64; x64) AppleWebKit/537.36 (KHTML, like Gecko) HairlinersSalon/1.0.0 Chrome/124.0.6367.233 Electron/30.0.9 Safari/537.36",
                                  "token": "9fcc13a2e52cd7faf3fcf40514570fc1a7213d78977eb18ab16fabbf8ae58c6d",
                                  "sec-ch-ua-platform": "\"Windows\"",
                                  "accept": "*/*",
                                  "sec-fetch-site": "cross-site",
                                  "sec-fetch-mode": "cors",
                                  "sec-fetch-dest": "empty",
                                  "accept-encoding": "gzip, deflate, br",
                                  "accept-language": "en-US"
                              }
                              Method: POST
                              URL: /
2024-07-01 [08:41:04.531] [1] Task started: customer-management-get-staff-names
2024-07-01 [08:41:04.533] [1] Response closed
2024-07-01 [08:41:04.533] [1] Request ended
2024-07-01 [08:41:04.533] [1] Request closed
2024-07-01 [08:41:04.533] [1] Task done
2024-07-01 [08:41:04.567] [2] Request recieved: ::1:49888
2024-07-01 [08:41:04.567] [2] Socket: {
                                  "localAddress": "::1",
                                  "localPort": 8080,
                                  "localFamily": "IPv6",
                                  "remoteAddress": "::1",
                                  "remoteFamily": "IPv6",
                                  "remotePort": 49888
                              }
                              Headers: {
                                  "host": "localhost:8080",
                                  "connection": "keep-alive",
                                  "content-length": "0",
                                  "sec-ch-ua": "\"Not-A.Brand\";v=\"99\", \"Chromium\";v=\"124\"",
                                  "action": "customer-management-get-customers",
                                  "sec-ch-ua-mobile": "?0",
                                  "user-agent": "Mozilla/5.0 (Windows NT 10.0; Win64; x64) AppleWebKit/537.36 (KHTML, like Gecko) HairlinersSalon/1.0.0 Chrome/124.0.6367.233 Electron/30.0.9 Safari/537.36",
                                  "token": "9fcc13a2e52cd7faf3fcf40514570fc1a7213d78977eb18ab16fabbf8ae58c6d",
                                  "sec-ch-ua-platform": "\"Windows\"",
                                  "accept": "*/*",
                                  "sec-fetch-site": "cross-site",
                                  "sec-fetch-mode": "cors",
                                  "sec-fetch-dest": "empty",
                                  "accept-encoding": "gzip, deflate, br",
                                  "accept-language": "en-US"
                              }
                              Method: POST
                              URL: /
2024-07-01 [08:41:04.567] [2] Task started: customer-management-get-customers
2024-07-01 [08:41:04.569] [2] Response closed
2024-07-01 [08:41:04.569] [2] Request ended
2024-07-01 [08:41:04.569] [2] Request closed
2024-07-01 [08:41:04.569] [2] Task done
2024-07-01 [08:42:49.975] [3] Request recieved: ::1:49937
2024-07-01 [08:42:49.975] [3] Socket: {
                                  "localAddress": "::1",
                                  "localPort": 8080,
                                  "localFamily": "IPv6",
                                  "remoteAddress": "::1",
                                  "remoteFamily": "IPv6",
                                  "remotePort": 49937
                              }
                              Headers: {
                                  "host": "localhost:8080",
                                  "connection": "keep-alive",
                                  "content-length": "0",
                                  "sec-ch-ua": "\"Not-A.Brand\";v=\"99\", \"Chromium\";v=\"124\"",
                                  "action": "inventory-management-get-staff-names",
                                  "sec-ch-ua-mobile": "?0",
                                  "user-agent": "Mozilla/5.0 (Windows NT 10.0; Win64; x64) AppleWebKit/537.36 (KHTML, like Gecko) HairlinersSalon/1.0.0 Chrome/124.0.6367.233 Electron/30.0.9 Safari/537.36",
                                  "token": "9fcc13a2e52cd7faf3fcf40514570fc1a7213d78977eb18ab16fabbf8ae58c6d",
                                  "sec-ch-ua-platform": "\"Windows\"",
                                  "accept": "*/*",
                                  "sec-fetch-site": "cross-site",
                                  "sec-fetch-mode": "cors",
                                  "sec-fetch-dest": "empty",
                                  "accept-encoding": "gzip, deflate, br",
                                  "accept-language": "en-US"
                              }
                              Method: POST
                              URL: /
2024-07-01 [08:42:49.975] [3] Task started: inventory-management-get-staff-names
2024-07-01 [08:42:49.977] [3] Response closed
2024-07-01 [08:42:49.977] [3] Request ended
2024-07-01 [08:42:49.977] [3] Request closed
2024-07-01 [08:42:49.977] [3] Task done
2024-07-01 [08:42:49.982] [4] Request recieved: ::1:49937
2024-07-01 [08:42:49.982] [4] Socket: {
                                  "localAddress": "::1",
                                  "localPort": 8080,
                                  "localFamily": "IPv6",
                                  "remoteAddress": "::1",
                                  "remoteFamily": "IPv6",
                                  "remotePort": 49937
                              }
                              Headers: {
                                  "host": "localhost:8080",
                                  "connection": "keep-alive",
                                  "content-length": "0",
                                  "sec-ch-ua": "\"Not-A.Brand\";v=\"99\", \"Chromium\";v=\"124\"",
                                  "action": "inventory-management-get-inventory-items",
                                  "sec-ch-ua-mobile": "?0",
                                  "user-agent": "Mozilla/5.0 (Windows NT 10.0; Win64; x64) AppleWebKit/537.36 (KHTML, like Gecko) HairlinersSalon/1.0.0 Chrome/124.0.6367.233 Electron/30.0.9 Safari/537.36",
                                  "token": "9fcc13a2e52cd7faf3fcf40514570fc1a7213d78977eb18ab16fabbf8ae58c6d",
                                  "sec-ch-ua-platform": "\"Windows\"",
                                  "accept": "*/*",
                                  "sec-fetch-site": "cross-site",
                                  "sec-fetch-mode": "cors",
                                  "sec-fetch-dest": "empty",
                                  "accept-encoding": "gzip, deflate, br",
                                  "accept-language": "en-US"
                              }
                              Method: POST
                              URL: /
2024-07-01 [08:42:49.982] [4] Task started: inventory-management-get-inventory-items
2024-07-01 [08:42:49.984] [4] Response closed
2024-07-01 [08:42:49.984] [4] Request ended
2024-07-01 [08:42:49.984] [4] Request closed
2024-07-01 [08:42:49.984] [4] Task done
2024-07-01 [08:42:49.988] [5] Request recieved: ::1:49937
2024-07-01 [08:42:49.988] [5] Socket: {
                                  "localAddress": "::1",
                                  "localPort": 8080,
                                  "localFamily": "IPv6",
                                  "remoteAddress": "::1",
                                  "remoteFamily": "IPv6",
                                  "remotePort": 49937
                              }
                              Headers: {
                                  "host": "localhost:8080",
                                  "connection": "keep-alive",
                                  "content-length": "0",
                                  "sec-ch-ua": "\"Not-A.Brand\";v=\"99\", \"Chromium\";v=\"124\"",
                                  "action": "inventory-management-get-inventory-records",
                                  "sec-ch-ua-mobile": "?0",
                                  "user-agent": "Mozilla/5.0 (Windows NT 10.0; Win64; x64) AppleWebKit/537.36 (KHTML, like Gecko) HairlinersSalon/1.0.0 Chrome/124.0.6367.233 Electron/30.0.9 Safari/537.36",
                                  "token": "9fcc13a2e52cd7faf3fcf40514570fc1a7213d78977eb18ab16fabbf8ae58c6d",
                                  "sec-ch-ua-platform": "\"Windows\"",
                                  "accept": "*/*",
                                  "sec-fetch-site": "cross-site",
                                  "sec-fetch-mode": "cors",
                                  "sec-fetch-dest": "empty",
                                  "accept-encoding": "gzip, deflate, br",
                                  "accept-language": "en-US"
                              }
                              Method: POST
                              URL: /
2024-07-01 [08:42:49.988] [5] Task started: inventory-management-get-inventory-records
2024-07-01 [08:42:49.990] [5] Response closed
2024-07-01 [08:42:49.990] [5] Request ended
2024-07-01 [08:42:49.990] [5] Request closed
2024-07-01 [08:42:49.990] [5] Task done
2024-07-01 [09:25:05.947] [6] Request recieved: ::1:50187
2024-07-01 [09:25:05.948] [6] Socket: {
                                  "localAddress": "::1",
                                  "localPort": 8080,
                                  "localFamily": "IPv6",
                                  "remoteAddress": "::1",
                                  "remoteFamily": "IPv6",
                                  "remotePort": 50187
                              }
                              Headers: {
                                  "host": "localhost:8080",
                                  "connection": "keep-alive",
                                  "content-length": "0",
                                  "sec-ch-ua": "\"Not-A.Brand\";v=\"99\", \"Chromium\";v=\"124\"",
                                  "action": "inventory-management-get-staff-names",
                                  "sec-ch-ua-mobile": "?0",
                                  "user-agent": "Mozilla/5.0 (Windows NT 10.0; Win64; x64) AppleWebKit/537.36 (KHTML, like Gecko) HairlinersSalon/1.0.0 Chrome/124.0.6367.233 Electron/30.0.9 Safari/537.36",
                                  "token": "9fcc13a2e52cd7faf3fcf40514570fc1a7213d78977eb18ab16fabbf8ae58c6d",
                                  "sec-ch-ua-platform": "\"Windows\"",
                                  "accept": "*/*",
                                  "sec-fetch-site": "cross-site",
                                  "sec-fetch-mode": "cors",
                                  "sec-fetch-dest": "empty",
                                  "accept-encoding": "gzip, deflate, br",
                                  "accept-language": "en-US"
                              }
                              Method: POST
                              URL: /
2024-07-01 [09:25:05.948] [6] Task started: inventory-management-get-staff-names
2024-07-01 [09:25:05.950] [6] Response closed
2024-07-01 [09:25:05.950] [6] Request ended
2024-07-01 [09:25:05.950] [6] Request closed
2024-07-01 [09:25:05.950] [6] Task done
2024-07-01 [09:25:05.953] [7] Request recieved: ::1:50187
2024-07-01 [09:25:05.953] [7] Socket: {
                                  "localAddress": "::1",
                                  "localPort": 8080,
                                  "localFamily": "IPv6",
                                  "remoteAddress": "::1",
                                  "remoteFamily": "IPv6",
                                  "remotePort": 50187
                              }
                              Headers: {
                                  "host": "localhost:8080",
                                  "connection": "keep-alive",
                                  "content-length": "0",
                                  "sec-ch-ua": "\"Not-A.Brand\";v=\"99\", \"Chromium\";v=\"124\"",
                                  "action": "inventory-management-get-inventory-items",
                                  "sec-ch-ua-mobile": "?0",
                                  "user-agent": "Mozilla/5.0 (Windows NT 10.0; Win64; x64) AppleWebKit/537.36 (KHTML, like Gecko) HairlinersSalon/1.0.0 Chrome/124.0.6367.233 Electron/30.0.9 Safari/537.36",
                                  "token": "9fcc13a2e52cd7faf3fcf40514570fc1a7213d78977eb18ab16fabbf8ae58c6d",
                                  "sec-ch-ua-platform": "\"Windows\"",
                                  "accept": "*/*",
                                  "sec-fetch-site": "cross-site",
                                  "sec-fetch-mode": "cors",
                                  "sec-fetch-dest": "empty",
                                  "accept-encoding": "gzip, deflate, br",
                                  "accept-language": "en-US"
                              }
                              Method: POST
                              URL: /
2024-07-01 [09:25:05.953] [7] Task started: inventory-management-get-inventory-items
2024-07-01 [09:25:05.955] [7] Response closed
2024-07-01 [09:25:05.955] [7] Request ended
2024-07-01 [09:25:05.955] [7] Request closed
2024-07-01 [09:25:05.955] [7] Task done
2024-07-01 [09:25:05.959] [8] Request recieved: ::1:50187
2024-07-01 [09:25:05.959] [8] Socket: {
                                  "localAddress": "::1",
                                  "localPort": 8080,
                                  "localFamily": "IPv6",
                                  "remoteAddress": "::1",
                                  "remoteFamily": "IPv6",
                                  "remotePort": 50187
                              }
                              Headers: {
                                  "host": "localhost:8080",
                                  "connection": "keep-alive",
                                  "content-length": "0",
                                  "sec-ch-ua": "\"Not-A.Brand\";v=\"99\", \"Chromium\";v=\"124\"",
                                  "action": "inventory-management-get-inventory-records",
                                  "sec-ch-ua-mobile": "?0",
                                  "user-agent": "Mozilla/5.0 (Windows NT 10.0; Win64; x64) AppleWebKit/537.36 (KHTML, like Gecko) HairlinersSalon/1.0.0 Chrome/124.0.6367.233 Electron/30.0.9 Safari/537.36",
                                  "token": "9fcc13a2e52cd7faf3fcf40514570fc1a7213d78977eb18ab16fabbf8ae58c6d",
                                  "sec-ch-ua-platform": "\"Windows\"",
                                  "accept": "*/*",
                                  "sec-fetch-site": "cross-site",
                                  "sec-fetch-mode": "cors",
                                  "sec-fetch-dest": "empty",
                                  "accept-encoding": "gzip, deflate, br",
                                  "accept-language": "en-US"
                              }
                              Method: POST
                              URL: /
2024-07-01 [09:25:05.959] [8] Task started: inventory-management-get-inventory-records
2024-07-01 [09:25:05.960] [8] Response closed
2024-07-01 [09:25:05.961] [8] Request ended
2024-07-01 [09:25:05.961] [8] Request closed
2024-07-01 [09:25:05.961] [8] Task done
2024-07-01 [09:25:50.909] [9] Request recieved: ::1:50190
2024-07-01 [09:25:50.909] [9] Socket: {
                                  "localAddress": "::1",
                                  "localPort": 8080,
                                  "localFamily": "IPv6",
                                  "remoteAddress": "::1",
                                  "remoteFamily": "IPv6",
                                  "remotePort": 50190
                              }
                              Headers: {
                                  "host": "localhost:8080",
                                  "connection": "keep-alive",
                                  "content-length": "0",
                                  "sec-ch-ua": "\"Not-A.Brand\";v=\"99\", \"Chromium\";v=\"124\"",
                                  "action": "inventory-management-get-staff-names",
                                  "sec-ch-ua-mobile": "?0",
                                  "user-agent": "Mozilla/5.0 (Windows NT 10.0; Win64; x64) AppleWebKit/537.36 (KHTML, like Gecko) HairlinersSalon/1.0.0 Chrome/124.0.6367.233 Electron/30.0.9 Safari/537.36",
                                  "token": "9fcc13a2e52cd7faf3fcf40514570fc1a7213d78977eb18ab16fabbf8ae58c6d",
                                  "sec-ch-ua-platform": "\"Windows\"",
                                  "accept": "*/*",
                                  "sec-fetch-site": "cross-site",
                                  "sec-fetch-mode": "cors",
                                  "sec-fetch-dest": "empty",
                                  "accept-encoding": "gzip, deflate, br",
                                  "accept-language": "en-US"
                              }
                              Method: POST
                              URL: /
2024-07-01 [09:25:50.909] [9] Task started: inventory-management-get-staff-names
2024-07-01 [09:25:50.912] [9] Response closed
2024-07-01 [09:25:50.912] [9] Request ended
2024-07-01 [09:25:50.913] [9] Request closed
2024-07-01 [09:25:50.913] [9] Task done
2024-07-01 [09:25:50.914] [10] Request recieved: ::1:50190
2024-07-01 [09:25:50.915] [10] Socket: {
                                   "localAddress": "::1",
                                   "localPort": 8080,
                                   "localFamily": "IPv6",
                                   "remoteAddress": "::1",
                                   "remoteFamily": "IPv6",
                                   "remotePort": 50190
                               }
                               Headers: {
                                   "host": "localhost:8080",
                                   "connection": "keep-alive",
                                   "content-length": "0",
                                   "sec-ch-ua": "\"Not-A.Brand\";v=\"99\", \"Chromium\";v=\"124\"",
                                   "action": "inventory-management-get-inventory-items",
                                   "sec-ch-ua-mobile": "?0",
                                   "user-agent": "Mozilla/5.0 (Windows NT 10.0; Win64; x64) AppleWebKit/537.36 (KHTML, like Gecko) HairlinersSalon/1.0.0 Chrome/124.0.6367.233 Electron/30.0.9 Safari/537.36",
                                   "token": "9fcc13a2e52cd7faf3fcf40514570fc1a7213d78977eb18ab16fabbf8ae58c6d",
                                   "sec-ch-ua-platform": "\"Windows\"",
                                   "accept": "*/*",
                                   "sec-fetch-site": "cross-site",
                                   "sec-fetch-mode": "cors",
                                   "sec-fetch-dest": "empty",
                                   "accept-encoding": "gzip, deflate, br",
                                   "accept-language": "en-US"
                               }
                               Method: POST
                               URL: /
2024-07-01 [09:25:50.915] [10] Task started: inventory-management-get-inventory-items
2024-07-01 [09:25:50.916] [10] Response closed
2024-07-01 [09:25:50.916] [10] Request ended
2024-07-01 [09:25:50.916] [10] Request closed
2024-07-01 [09:25:50.916] [10] Task done
2024-07-01 [09:25:50.920] [11] Request recieved: ::1:50190
2024-07-01 [09:25:50.920] [11] Socket: {
                                   "localAddress": "::1",
                                   "localPort": 8080,
                                   "localFamily": "IPv6",
                                   "remoteAddress": "::1",
                                   "remoteFamily": "IPv6",
                                   "remotePort": 50190
                               }
                               Headers: {
                                   "host": "localhost:8080",
                                   "connection": "keep-alive",
                                   "content-length": "0",
                                   "sec-ch-ua": "\"Not-A.Brand\";v=\"99\", \"Chromium\";v=\"124\"",
                                   "action": "inventory-management-get-inventory-records",
                                   "sec-ch-ua-mobile": "?0",
                                   "user-agent": "Mozilla/5.0 (Windows NT 10.0; Win64; x64) AppleWebKit/537.36 (KHTML, like Gecko) HairlinersSalon/1.0.0 Chrome/124.0.6367.233 Electron/30.0.9 Safari/537.36",
                                   "token": "9fcc13a2e52cd7faf3fcf40514570fc1a7213d78977eb18ab16fabbf8ae58c6d",
                                   "sec-ch-ua-platform": "\"Windows\"",
                                   "accept": "*/*",
                                   "sec-fetch-site": "cross-site",
                                   "sec-fetch-mode": "cors",
                                   "sec-fetch-dest": "empty",
                                   "accept-encoding": "gzip, deflate, br",
                                   "accept-language": "en-US"
                               }
                               Method: POST
                               URL: /
2024-07-01 [09:25:50.920] [11] Task started: inventory-management-get-inventory-records
2024-07-01 [09:25:50.921] [11] Response closed
2024-07-01 [09:25:50.921] [11] Request ended
2024-07-01 [09:25:50.921] [11] Request closed
2024-07-01 [09:25:50.921] [11] Task done
2024-07-01 [09:54:02.712] [12] Request recieved: ::1:50271
2024-07-01 [09:54:02.712] [12] Socket: {
                                   "localAddress": "::1",
                                   "localPort": 8080,
                                   "localFamily": "IPv6",
                                   "remoteAddress": "::1",
                                   "remoteFamily": "IPv6",
                                   "remotePort": 50271
                               }
                               Headers: {
                                   "host": "localhost:8080",
                                   "connection": "keep-alive",
                                   "content-length": "0",
                                   "sec-ch-ua": "\"Not-A.Brand\";v=\"99\", \"Chromium\";v=\"124\"",
                                   "action": "inventory-management-get-staff-names",
                                   "sec-ch-ua-mobile": "?0",
                                   "user-agent": "Mozilla/5.0 (Windows NT 10.0; Win64; x64) AppleWebKit/537.36 (KHTML, like Gecko) HairlinersSalon/1.0.0 Chrome/124.0.6367.233 Electron/30.0.9 Safari/537.36",
                                   "token": "9fcc13a2e52cd7faf3fcf40514570fc1a7213d78977eb18ab16fabbf8ae58c6d",
                                   "sec-ch-ua-platform": "\"Windows\"",
                                   "accept": "*/*",
                                   "sec-fetch-site": "cross-site",
                                   "sec-fetch-mode": "cors",
                                   "sec-fetch-dest": "empty",
                                   "accept-encoding": "gzip, deflate, br",
                                   "accept-language": "en-US"
                               }
                               Method: POST
                               URL: /
2024-07-01 [09:54:02.713] [12] Task started: inventory-management-get-staff-names
2024-07-01 [09:54:02.714] [12] Response closed
2024-07-01 [09:54:02.714] [12] Request ended
2024-07-01 [09:54:02.714] [12] Request closed
2024-07-01 [09:54:02.714] [12] Task done
2024-07-01 [09:54:02.717] [13] Request recieved: ::1:50271
2024-07-01 [09:54:02.717] [13] Socket: {
                                   "localAddress": "::1",
                                   "localPort": 8080,
                                   "localFamily": "IPv6",
                                   "remoteAddress": "::1",
                                   "remoteFamily": "IPv6",
                                   "remotePort": 50271
                               }
                               Headers: {
                                   "host": "localhost:8080",
                                   "connection": "keep-alive",
                                   "content-length": "0",
                                   "sec-ch-ua": "\"Not-A.Brand\";v=\"99\", \"Chromium\";v=\"124\"",
                                   "action": "inventory-management-get-inventory-items",
                                   "sec-ch-ua-mobile": "?0",
                                   "user-agent": "Mozilla/5.0 (Windows NT 10.0; Win64; x64) AppleWebKit/537.36 (KHTML, like Gecko) HairlinersSalon/1.0.0 Chrome/124.0.6367.233 Electron/30.0.9 Safari/537.36",
                                   "token": "9fcc13a2e52cd7faf3fcf40514570fc1a7213d78977eb18ab16fabbf8ae58c6d",
                                   "sec-ch-ua-platform": "\"Windows\"",
                                   "accept": "*/*",
                                   "sec-fetch-site": "cross-site",
                                   "sec-fetch-mode": "cors",
                                   "sec-fetch-dest": "empty",
                                   "accept-encoding": "gzip, deflate, br",
                                   "accept-language": "en-US"
                               }
                               Method: POST
                               URL: /
2024-07-01 [09:54:02.717] [13] Task started: inventory-management-get-inventory-items
2024-07-01 [09:54:02.718] [13] Response closed
2024-07-01 [09:54:02.718] [13] Request ended
2024-07-01 [09:54:02.718] [13] Request closed
2024-07-01 [09:54:02.718] [13] Task done
2024-07-01 [09:54:02.721] [14] Request recieved: ::1:50271
2024-07-01 [09:54:02.721] [14] Socket: {
                                   "localAddress": "::1",
                                   "localPort": 8080,
                                   "localFamily": "IPv6",
                                   "remoteAddress": "::1",
                                   "remoteFamily": "IPv6",
                                   "remotePort": 50271
                               }
                               Headers: {
                                   "host": "localhost:8080",
                                   "connection": "keep-alive",
                                   "content-length": "0",
                                   "sec-ch-ua": "\"Not-A.Brand\";v=\"99\", \"Chromium\";v=\"124\"",
                                   "action": "inventory-management-get-inventory-records",
                                   "sec-ch-ua-mobile": "?0",
                                   "user-agent": "Mozilla/5.0 (Windows NT 10.0; Win64; x64) AppleWebKit/537.36 (KHTML, like Gecko) HairlinersSalon/1.0.0 Chrome/124.0.6367.233 Electron/30.0.9 Safari/537.36",
                                   "token": "9fcc13a2e52cd7faf3fcf40514570fc1a7213d78977eb18ab16fabbf8ae58c6d",
                                   "sec-ch-ua-platform": "\"Windows\"",
                                   "accept": "*/*",
                                   "sec-fetch-site": "cross-site",
                                   "sec-fetch-mode": "cors",
                                   "sec-fetch-dest": "empty",
                                   "accept-encoding": "gzip, deflate, br",
                                   "accept-language": "en-US"
                               }
                               Method: POST
                               URL: /
2024-07-01 [09:54:02.721] [14] Task started: inventory-management-get-inventory-records
2024-07-01 [09:54:02.722] [14] Response closed
2024-07-01 [09:54:02.722] [14] Request ended
2024-07-01 [09:54:02.722] [14] Request closed
2024-07-01 [09:54:02.722] [14] Task done
