2024-06-28 [12:26:38.789] [0] Request recieved: ::ffff:192.168.137.1:49857
2024-06-28 [12:26:38.791] [0] Socket: {
                                  "localAddress": "::ffff:192.168.137.80",
                                  "localPort": 8080,
                                  "localFamily": "IPv6",
                                  "remoteAddress": "::ffff:192.168.137.1",
                                  "remoteFamily": "IPv6",
                                  "remotePort": 49857
                              }
                              Headers: {
                                  "host": "192.168.137.80:8080",
                                  "connection": "keep-alive",
                                  "content-length": "52",
                                  "action": "login",
                                  "user-agent": "Mozilla/5.0 (Windows NT 10.0; Win64; x64) AppleWebKit/537.36 (KHTML, like Gecko) HairlinersSalon/1.0.0 Chrome/124.0.6367.233 Electron/30.0.9 Safari/537.36",
                                  "content-type": "text/plain;charset=UTF-8",
                                  "accept": "*/*",
                                  "accept-encoding": "gzip, deflate",
                                  "accept-language": "en-US"
                              }
                              Method: POST
                              URL: /
2024-06-28 [12:26:38.791] [0] Task started: login
2024-06-28 [12:26:38.795] [0] Request ended
2024-06-28 [12:26:38.796] [0] Request closed
2024-06-28 [12:26:38.816] [0] Task done
2024-06-28 [12:26:38.817] [0] Response closed
2024-06-28 [12:26:38.951] [1] Request recieved: ::ffff:192.168.137.1:49857
2024-06-28 [12:26:38.952] [1] Socket: {
                                  "localAddress": "::ffff:192.168.137.80",
                                  "localPort": 8080,
                                  "localFamily": "IPv6",
                                  "remoteAddress": "::ffff:192.168.137.1",
                                  "remoteFamily": "IPv6",
                                  "remotePort": 49857
                              }
                              Headers: {
                                  "host": "192.168.137.80:8080",
                                  "connection": "keep-alive",
                                  "content-length": "0",
                                  "action": "customer-management-get-staff-names",
                                  "user-agent": "Mozilla/5.0 (Windows NT 10.0; Win64; x64) AppleWebKit/537.36 (KHTML, like Gecko) HairlinersSalon/1.0.0 Chrome/124.0.6367.233 Electron/30.0.9 Safari/537.36",
                                  "token": "7889628e6c484e880c8f519d359e10716e2acb8dd9b8e1a4728800cadb033bc1",
                                  "accept": "*/*",
                                  "accept-encoding": "gzip, deflate",
                                  "accept-language": "en-US"
                              }
                              Method: POST
                              URL: /
2024-06-28 [12:26:38.953] [1] Task started: customer-management-get-staff-names
2024-06-28 [12:26:38.964] [1] Response closed
2024-06-28 [12:26:38.965] [1] Request ended
2024-06-28 [12:26:38.966] [1] Request closed
2024-06-28 [12:26:38.966] [1] Task done
2024-06-28 [12:26:38.967] [2] Request recieved: ::ffff:192.168.137.1:49857
2024-06-28 [12:26:38.968] [2] Socket: {
                                  "localAddress": "::ffff:192.168.137.80",
                                  "localPort": 8080,
                                  "localFamily": "IPv6",
                                  "remoteAddress": "::ffff:192.168.137.1",
                                  "remoteFamily": "IPv6",
                                  "remotePort": 49857
                              }
                              Headers: {
                                  "host": "192.168.137.80:8080",
                                  "connection": "keep-alive",
                                  "content-length": "0",
                                  "action": "customer-management-get-customers",
                                  "user-agent": "Mozilla/5.0 (Windows NT 10.0; Win64; x64) AppleWebKit/537.36 (KHTML, like Gecko) HairlinersSalon/1.0.0 Chrome/124.0.6367.233 Electron/30.0.9 Safari/537.36",
                                  "token": "7889628e6c484e880c8f519d359e10716e2acb8dd9b8e1a4728800cadb033bc1",
                                  "accept": "*/*",
                                  "accept-encoding": "gzip, deflate",
                                  "accept-language": "en-US"
                              }
                              Method: POST
                              URL: /
2024-06-28 [12:26:38.968] [2] Task started: customer-management-get-customers
2024-06-28 [12:26:38.972] [2] Response closed
2024-06-28 [12:26:38.972] [2] Request ended
2024-06-28 [12:26:38.973] [2] Request closed
2024-06-28 [12:26:38.973] [2] Task done
2024-06-28 [12:26:46.594] [3] Request recieved: ::1:65481
2024-06-28 [12:26:46.595] [3] Socket: {
                                  "localAddress": "::1",
                                  "localPort": 8080,
                                  "localFamily": "IPv6",
                                  "remoteAddress": "::1",
                                  "remoteFamily": "IPv6",
                                  "remotePort": 65481
                              }
                              Headers: {
                                  "host": "localhost:8080",
                                  "connection": "keep-alive",
                                  "content-length": "48",
                                  "sec-ch-ua": "\"Not-A.Brand\";v=\"99\", \"Chromium\";v=\"124\"",
                                  "action": "login",
                                  "content-type": "text/plain;charset=UTF-8",
                                  "sec-ch-ua-mobile": "?0",
                                  "user-agent": "Mozilla/5.0 (Windows NT 10.0; Win64; x64) AppleWebKit/537.36 (KHTML, like Gecko) HairlinersSalon/1.0.0 Chrome/124.0.6367.233 Electron/30.0.9 Safari/537.36",
                                  "sec-ch-ua-platform": "\"Windows\"",
                                  "accept": "*/*",
                                  "sec-fetch-site": "cross-site",
                                  "sec-fetch-mode": "cors",
                                  "sec-fetch-dest": "empty",
                                  "accept-encoding": "gzip, deflate, br",
                                  "accept-language": "en-US"
                              }
                              Method: POST
                              URL: /
2024-06-28 [12:26:46.595] [3] Task started: login
2024-06-28 [12:26:46.596] [3] Request ended
2024-06-28 [12:26:46.597] [3] Request closed
2024-06-28 [12:26:46.611] [3] Task done
2024-06-28 [12:26:46.611] [3] Response closed
2024-06-28 [12:26:46.622] [4] Request recieved: ::1:65481
2024-06-28 [12:26:46.622] [4] Socket: {
                                  "localAddress": "::1",
                                  "localPort": 8080,
                                  "localFamily": "IPv6",
                                  "remoteAddress": "::1",
                                  "remoteFamily": "IPv6",
                                  "remotePort": 65481
                              }
                              Headers: {
                                  "host": "localhost:8080",
                                  "connection": "keep-alive",
                                  "content-length": "0",
                                  "sec-ch-ua": "\"Not-A.Brand\";v=\"99\", \"Chromium\";v=\"124\"",
                                  "action": "customer-management-get-staff-names",
                                  "sec-ch-ua-mobile": "?0",
                                  "user-agent": "Mozilla/5.0 (Windows NT 10.0; Win64; x64) AppleWebKit/537.36 (KHTML, like Gecko) HairlinersSalon/1.0.0 Chrome/124.0.6367.233 Electron/30.0.9 Safari/537.36",
                                  "token": "822b5cb7285887f07274bc6c211afdfb7ed908904a56b8c072dd365084e01900",
                                  "sec-ch-ua-platform": "\"Windows\"",
                                  "accept": "*/*",
                                  "sec-fetch-site": "cross-site",
                                  "sec-fetch-mode": "cors",
                                  "sec-fetch-dest": "empty",
                                  "accept-encoding": "gzip, deflate, br",
                                  "accept-language": "en-US"
                              }
                              Method: POST
                              URL: /
2024-06-28 [12:26:46.622] [4] Task started: customer-management-get-staff-names
2024-06-28 [12:26:46.625] [4] Response closed
2024-06-28 [12:26:46.626] [4] Request ended
2024-06-28 [12:26:46.626] [4] Request closed
2024-06-28 [12:26:46.627] [4] Task done
2024-06-28 [12:26:46.676] [5] Request recieved: ::1:65481
2024-06-28 [12:26:46.676] [5] Socket: {
                                  "localAddress": "::1",
                                  "localPort": 8080,
                                  "localFamily": "IPv6",
                                  "remoteAddress": "::1",
                                  "remoteFamily": "IPv6",
                                  "remotePort": 65481
                              }
                              Headers: {
                                  "host": "localhost:8080",
                                  "connection": "keep-alive",
                                  "content-length": "0",
                                  "sec-ch-ua": "\"Not-A.Brand\";v=\"99\", \"Chromium\";v=\"124\"",
                                  "action": "customer-management-get-customers",
                                  "sec-ch-ua-mobile": "?0",
                                  "user-agent": "Mozilla/5.0 (Windows NT 10.0; Win64; x64) AppleWebKit/537.36 (KHTML, like Gecko) HairlinersSalon/1.0.0 Chrome/124.0.6367.233 Electron/30.0.9 Safari/537.36",
                                  "token": "822b5cb7285887f07274bc6c211afdfb7ed908904a56b8c072dd365084e01900",
                                  "sec-ch-ua-platform": "\"Windows\"",
                                  "accept": "*/*",
                                  "sec-fetch-site": "cross-site",
                                  "sec-fetch-mode": "cors",
                                  "sec-fetch-dest": "empty",
                                  "accept-encoding": "gzip, deflate, br",
                                  "accept-language": "en-US"
                              }
                              Method: POST
                              URL: /
2024-06-28 [12:26:46.676] [5] Task started: customer-management-get-customers
2024-06-28 [12:26:46.679] [5] Response closed
2024-06-28 [12:26:46.680] [5] Request ended
2024-06-28 [12:26:46.680] [5] Request closed
2024-06-28 [12:26:46.680] [5] Task done
2024-06-28 [12:26:49.970] [6] Request recieved: ::1:65481
2024-06-28 [12:26:49.970] [6] Socket: {
                                  "localAddress": "::1",
                                  "localPort": 8080,
                                  "localFamily": "IPv6",
                                  "remoteAddress": "::1",
                                  "remoteFamily": "IPv6",
                                  "remotePort": 65481
                              }
                              Headers: {
                                  "host": "localhost:8080",
                                  "connection": "keep-alive",
                                  "content-length": "0",
                                  "sec-ch-ua": "\"Not-A.Brand\";v=\"99\", \"Chromium\";v=\"124\"",
                                  "action": "point-of-sales-get-customer-names",
                                  "sec-ch-ua-mobile": "?0",
                                  "user-agent": "Mozilla/5.0 (Windows NT 10.0; Win64; x64) AppleWebKit/537.36 (KHTML, like Gecko) HairlinersSalon/1.0.0 Chrome/124.0.6367.233 Electron/30.0.9 Safari/537.36",
                                  "token": "822b5cb7285887f07274bc6c211afdfb7ed908904a56b8c072dd365084e01900",
                                  "sec-ch-ua-platform": "\"Windows\"",
                                  "accept": "*/*",
                                  "sec-fetch-site": "cross-site",
                                  "sec-fetch-mode": "cors",
                                  "sec-fetch-dest": "empty",
                                  "accept-encoding": "gzip, deflate, br",
                                  "accept-language": "en-US"
                              }
                              Method: POST
                              URL: /
2024-06-28 [12:26:49.970] [6] Task started: point-of-sales-get-customer-names
2024-06-28 [12:26:49.975] [6] Response closed
2024-06-28 [12:26:49.976] [6] Request ended
2024-06-28 [12:26:49.976] [6] Request closed
2024-06-28 [12:26:49.977] [6] Task done
2024-06-28 [12:26:49.984] [7] Request recieved: ::1:65481
2024-06-28 [12:26:49.985] [7] Socket: {
                                  "localAddress": "::1",
                                  "localPort": 8080,
                                  "localFamily": "IPv6",
                                  "remoteAddress": "::1",
                                  "remoteFamily": "IPv6",
                                  "remotePort": 65481
                              }
                              Headers: {
                                  "host": "localhost:8080",
                                  "connection": "keep-alive",
                                  "content-length": "0",
                                  "sec-ch-ua": "\"Not-A.Brand\";v=\"99\", \"Chromium\";v=\"124\"",
                                  "action": "point-of-sales-get-staff-names",
                                  "sec-ch-ua-mobile": "?0",
                                  "user-agent": "Mozilla/5.0 (Windows NT 10.0; Win64; x64) AppleWebKit/537.36 (KHTML, like Gecko) HairlinersSalon/1.0.0 Chrome/124.0.6367.233 Electron/30.0.9 Safari/537.36",
                                  "token": "822b5cb7285887f07274bc6c211afdfb7ed908904a56b8c072dd365084e01900",
                                  "sec-ch-ua-platform": "\"Windows\"",
                                  "accept": "*/*",
                                  "sec-fetch-site": "cross-site",
                                  "sec-fetch-mode": "cors",
                                  "sec-fetch-dest": "empty",
                                  "accept-encoding": "gzip, deflate, br",
                                  "accept-language": "en-US"
                              }
                              Method: POST
                              URL: /
2024-06-28 [12:26:49.985] [7] Task started: point-of-sales-get-staff-names
2024-06-28 [12:26:49.989] [7] Response closed
2024-06-28 [12:26:49.989] [7] Request ended
2024-06-28 [12:26:49.989] [7] Request closed
2024-06-28 [12:26:49.990] [7] Task done
2024-06-28 [12:26:49.996] [8] Request recieved: ::1:65481
2024-06-28 [12:26:49.996] [8] Socket: {
                                  "localAddress": "::1",
                                  "localPort": 8080,
                                  "localFamily": "IPv6",
                                  "remoteAddress": "::1",
                                  "remoteFamily": "IPv6",
                                  "remotePort": 65481
                              }
                              Headers: {
                                  "host": "localhost:8080",
                                  "connection": "keep-alive",
                                  "content-length": "0",
                                  "sec-ch-ua": "\"Not-A.Brand\";v=\"99\", \"Chromium\";v=\"124\"",
                                  "action": "point-of-sales-get-sales-records",
                                  "sec-ch-ua-mobile": "?0",
                                  "user-agent": "Mozilla/5.0 (Windows NT 10.0; Win64; x64) AppleWebKit/537.36 (KHTML, like Gecko) HairlinersSalon/1.0.0 Chrome/124.0.6367.233 Electron/30.0.9 Safari/537.36",
                                  "token": "822b5cb7285887f07274bc6c211afdfb7ed908904a56b8c072dd365084e01900",
                                  "sec-ch-ua-platform": "\"Windows\"",
                                  "accept": "*/*",
                                  "sec-fetch-site": "cross-site",
                                  "sec-fetch-mode": "cors",
                                  "sec-fetch-dest": "empty",
                                  "accept-encoding": "gzip, deflate, br",
                                  "accept-language": "en-US"
                              }
                              Method: POST
                              URL: /
2024-06-28 [12:26:49.997] [8] Task started: point-of-sales-get-sales-records
2024-06-28 [12:26:50.001] [8] Response closed
2024-06-28 [12:26:50.001] [8] Request ended
2024-06-28 [12:26:50.002] [8] Request closed
2024-06-28 [12:26:50.002] [8] Task done
2024-06-28 [12:26:50.008] [9] Request recieved: ::1:65481
2024-06-28 [12:26:50.008] [9] Socket: {
                                  "localAddress": "::1",
                                  "localPort": 8080,
                                  "localFamily": "IPv6",
                                  "remoteAddress": "::1",
                                  "remoteFamily": "IPv6",
                                  "remotePort": 65481
                              }
                              Headers: {
                                  "host": "localhost:8080",
                                  "connection": "keep-alive",
                                  "content-length": "0",
                                  "sec-ch-ua": "\"Not-A.Brand\";v=\"99\", \"Chromium\";v=\"124\"",
                                  "action": "point-of-sales-get-services",
                                  "sec-ch-ua-mobile": "?0",
                                  "user-agent": "Mozilla/5.0 (Windows NT 10.0; Win64; x64) AppleWebKit/537.36 (KHTML, like Gecko) HairlinersSalon/1.0.0 Chrome/124.0.6367.233 Electron/30.0.9 Safari/537.36",
                                  "token": "822b5cb7285887f07274bc6c211afdfb7ed908904a56b8c072dd365084e01900",
                                  "sec-ch-ua-platform": "\"Windows\"",
                                  "accept": "*/*",
                                  "sec-fetch-site": "cross-site",
                                  "sec-fetch-mode": "cors",
                                  "sec-fetch-dest": "empty",
                                  "accept-encoding": "gzip, deflate, br",
                                  "accept-language": "en-US"
                              }
                              Method: POST
                              URL: /
2024-06-28 [12:26:50.009] [9] Task started: point-of-sales-get-services
2024-06-28 [12:26:50.012] [9] Response closed
2024-06-28 [12:26:50.012] [9] Request ended
2024-06-28 [12:26:50.013] [9] Request closed
2024-06-28 [12:26:50.013] [9] Task done
2024-06-28 [12:27:03.494] [10] Request recieved: ::1:65484
2024-06-28 [12:27:03.495] [10] Socket: {
                                   "localAddress": "::1",
                                   "localPort": 8080,
                                   "localFamily": "IPv6",
                                   "remoteAddress": "::1",
                                   "remoteFamily": "IPv6",
                                   "remotePort": 65484
                               }
                               Headers: {
                                   "host": "localhost:8080",
                                   "connection": "keep-alive",
                                   "content-length": "135",
                                   "sec-ch-ua": "\"Not-A.Brand\";v=\"99\", \"Chromium\";v=\"124\"",
                                   "action": "point-of-sales-create-sales-record",
                                   "content-type": "text/plain;charset=UTF-8",
                                   "sec-ch-ua-mobile": "?0",
                                   "user-agent": "Mozilla/5.0 (Windows NT 10.0; Win64; x64) AppleWebKit/537.36 (KHTML, like Gecko) HairlinersSalon/1.0.0 Chrome/124.0.6367.233 Electron/30.0.9 Safari/537.36",
                                   "token": "822b5cb7285887f07274bc6c211afdfb7ed908904a56b8c072dd365084e01900",
                                   "sec-ch-ua-platform": "\"Windows\"",
                                   "accept": "*/*",
                                   "sec-fetch-site": "cross-site",
                                   "sec-fetch-mode": "cors",
                                   "sec-fetch-dest": "empty",
                                   "accept-encoding": "gzip, deflate, br",
                                   "accept-language": "en-US"
                               }
                               Method: POST
                               URL: /
2024-06-28 [12:27:03.495] [10] Task started: point-of-sales-create-sales-record
2024-06-28 [12:27:03.498] [10] Request ended
2024-06-28 [12:27:03.499] [10] Request closed
2024-06-28 [12:27:03.557] [10] Task done
2024-06-28 [12:27:03.558] [10] Response closed
2024-06-28 [12:27:03.567] [11] Request recieved: ::1:65484
2024-06-28 [12:27:03.567] [11] Socket: {
                                   "localAddress": "::1",
                                   "localPort": 8080,
                                   "localFamily": "IPv6",
                                   "remoteAddress": "::1",
                                   "remoteFamily": "IPv6",
                                   "remotePort": 65484
                               }
                               Headers: {
                                   "host": "localhost:8080",
                                   "connection": "keep-alive",
                                   "content-length": "0",
                                   "sec-ch-ua": "\"Not-A.Brand\";v=\"99\", \"Chromium\";v=\"124\"",
                                   "action": "point-of-sales-get-customer-names",
                                   "sec-ch-ua-mobile": "?0",
                                   "user-agent": "Mozilla/5.0 (Windows NT 10.0; Win64; x64) AppleWebKit/537.36 (KHTML, like Gecko) HairlinersSalon/1.0.0 Chrome/124.0.6367.233 Electron/30.0.9 Safari/537.36",
                                   "token": "822b5cb7285887f07274bc6c211afdfb7ed908904a56b8c072dd365084e01900",
                                   "sec-ch-ua-platform": "\"Windows\"",
                                   "accept": "*/*",
                                   "sec-fetch-site": "cross-site",
                                   "sec-fetch-mode": "cors",
                                   "sec-fetch-dest": "empty",
                                   "accept-encoding": "gzip, deflate, br",
                                   "accept-language": "en-US"
                               }
                               Method: POST
                               URL: /
2024-06-28 [12:27:03.568] [11] Task started: point-of-sales-get-customer-names
2024-06-28 [12:27:03.570] [11] Response closed
2024-06-28 [12:27:03.570] [11] Request ended
2024-06-28 [12:27:03.570] [11] Request closed
2024-06-28 [12:27:03.570] [11] Task done
2024-06-28 [12:27:03.581] [12] Request recieved: ::1:65484
2024-06-28 [12:27:03.581] [12] Socket: {
                                   "localAddress": "::1",
                                   "localPort": 8080,
                                   "localFamily": "IPv6",
                                   "remoteAddress": "::1",
                                   "remoteFamily": "IPv6",
                                   "remotePort": 65484
                               }
                               Headers: {
                                   "host": "localhost:8080",
                                   "connection": "keep-alive",
                                   "content-length": "0",
                                   "sec-ch-ua": "\"Not-A.Brand\";v=\"99\", \"Chromium\";v=\"124\"",
                                   "action": "point-of-sales-get-staff-names",
                                   "sec-ch-ua-mobile": "?0",
                                   "user-agent": "Mozilla/5.0 (Windows NT 10.0; Win64; x64) AppleWebKit/537.36 (KHTML, like Gecko) HairlinersSalon/1.0.0 Chrome/124.0.6367.233 Electron/30.0.9 Safari/537.36",
                                   "token": "822b5cb7285887f07274bc6c211afdfb7ed908904a56b8c072dd365084e01900",
                                   "sec-ch-ua-platform": "\"Windows\"",
                                   "accept": "*/*",
                                   "sec-fetch-site": "cross-site",
                                   "sec-fetch-mode": "cors",
                                   "sec-fetch-dest": "empty",
                                   "accept-encoding": "gzip, deflate, br",
                                   "accept-language": "en-US"
                               }
                               Method: POST
                               URL: /
2024-06-28 [12:27:03.581] [12] Task started: point-of-sales-get-staff-names
2024-06-28 [12:27:03.584] [12] Response closed
2024-06-28 [12:27:03.584] [12] Request ended
2024-06-28 [12:27:03.585] [12] Request closed
2024-06-28 [12:27:03.585] [12] Task done
2024-06-28 [12:27:03.591] [13] Request recieved: ::1:65484
2024-06-28 [12:27:03.591] [13] Socket: {
                                   "localAddress": "::1",
                                   "localPort": 8080,
                                   "localFamily": "IPv6",
                                   "remoteAddress": "::1",
                                   "remoteFamily": "IPv6",
                                   "remotePort": 65484
                               }
                               Headers: {
                                   "host": "localhost:8080",
                                   "connection": "keep-alive",
                                   "content-length": "0",
                                   "sec-ch-ua": "\"Not-A.Brand\";v=\"99\", \"Chromium\";v=\"124\"",
                                   "action": "point-of-sales-get-sales-records",
                                   "sec-ch-ua-mobile": "?0",
                                   "user-agent": "Mozilla/5.0 (Windows NT 10.0; Win64; x64) AppleWebKit/537.36 (KHTML, like Gecko) HairlinersSalon/1.0.0 Chrome/124.0.6367.233 Electron/30.0.9 Safari/537.36",
                                   "token": "822b5cb7285887f07274bc6c211afdfb7ed908904a56b8c072dd365084e01900",
                                   "sec-ch-ua-platform": "\"Windows\"",
                                   "accept": "*/*",
                                   "sec-fetch-site": "cross-site",
                                   "sec-fetch-mode": "cors",
                                   "sec-fetch-dest": "empty",
                                   "accept-encoding": "gzip, deflate, br",
                                   "accept-language": "en-US"
                               }
                               Method: POST
                               URL: /
2024-06-28 [12:27:03.591] [13] Task started: point-of-sales-get-sales-records
2024-06-28 [12:27:03.595] [13] Response closed
2024-06-28 [12:27:03.595] [13] Request ended
2024-06-28 [12:27:03.596] [13] Request closed
2024-06-28 [12:27:03.596] [13] Task done
2024-06-28 [12:27:03.602] [14] Request recieved: ::1:65484
2024-06-28 [12:27:03.602] [14] Socket: {
                                   "localAddress": "::1",
                                   "localPort": 8080,
                                   "localFamily": "IPv6",
                                   "remoteAddress": "::1",
                                   "remoteFamily": "IPv6",
                                   "remotePort": 65484
                               }
                               Headers: {
                                   "host": "localhost:8080",
                                   "connection": "keep-alive",
                                   "content-length": "0",
                                   "sec-ch-ua": "\"Not-A.Brand\";v=\"99\", \"Chromium\";v=\"124\"",
                                   "action": "point-of-sales-get-services",
                                   "sec-ch-ua-mobile": "?0",
                                   "user-agent": "Mozilla/5.0 (Windows NT 10.0; Win64; x64) AppleWebKit/537.36 (KHTML, like Gecko) HairlinersSalon/1.0.0 Chrome/124.0.6367.233 Electron/30.0.9 Safari/537.36",
                                   "token": "822b5cb7285887f07274bc6c211afdfb7ed908904a56b8c072dd365084e01900",
                                   "sec-ch-ua-platform": "\"Windows\"",
                                   "accept": "*/*",
                                   "sec-fetch-site": "cross-site",
                                   "sec-fetch-mode": "cors",
                                   "sec-fetch-dest": "empty",
                                   "accept-encoding": "gzip, deflate, br",
                                   "accept-language": "en-US"
                               }
                               Method: POST
                               URL: /
2024-06-28 [12:27:03.603] [14] Task started: point-of-sales-get-services
2024-06-28 [12:27:03.605] [14] Response closed
2024-06-28 [12:27:03.605] [14] Request ended
2024-06-28 [12:27:03.605] [14] Request closed
2024-06-28 [12:27:03.605] [14] Task done
2024-06-28 [12:27:07.421] [15] Request recieved: ::ffff:192.168.137.1:49856
2024-06-28 [12:27:07.423] [15] Socket: {
                                   "localAddress": "::ffff:192.168.137.80",
                                   "localPort": 8080,
                                   "localFamily": "IPv6",
                                   "remoteAddress": "::ffff:192.168.137.1",
                                   "remoteFamily": "IPv6",
                                   "remotePort": 49856
                               }
                               Headers: {
                                   "host": "192.168.137.80:8080",
                                   "connection": "keep-alive",
                                   "content-length": "0",
                                   "action": "point-of-sales-get-customer-names",
                                   "user-agent": "Mozilla/5.0 (Windows NT 10.0; Win64; x64) AppleWebKit/537.36 (KHTML, like Gecko) HairlinersSalon/1.0.0 Chrome/124.0.6367.233 Electron/30.0.9 Safari/537.36",
                                   "token": "7889628e6c484e880c8f519d359e10716e2acb8dd9b8e1a4728800cadb033bc1",
                                   "accept": "*/*",
                                   "accept-encoding": "gzip, deflate",
                                   "accept-language": "en-US"
                               }
                               Method: POST
                               URL: /
2024-06-28 [12:27:07.424] [15] Task started: point-of-sales-get-customer-names
2024-06-28 [12:27:07.433] [15] Response closed
2024-06-28 [12:27:07.434] [15] Request ended
2024-06-28 [12:27:07.435] [15] Request closed
2024-06-28 [12:27:07.435] [15] Task done
2024-06-28 [12:27:07.591] [16] Request recieved: ::ffff:192.168.137.1:49856
2024-06-28 [12:27:07.592] [16] Socket: {
                                   "localAddress": "::ffff:192.168.137.80",
                                   "localPort": 8080,
                                   "localFamily": "IPv6",
                                   "remoteAddress": "::ffff:192.168.137.1",
                                   "remoteFamily": "IPv6",
                                   "remotePort": 49856
                               }
                               Headers: {
                                   "host": "192.168.137.80:8080",
                                   "connection": "keep-alive",
                                   "content-length": "0",
                                   "action": "point-of-sales-get-staff-names",
                                   "user-agent": "Mozilla/5.0 (Windows NT 10.0; Win64; x64) AppleWebKit/537.36 (KHTML, like Gecko) HairlinersSalon/1.0.0 Chrome/124.0.6367.233 Electron/30.0.9 Safari/537.36",
                                   "token": "7889628e6c484e880c8f519d359e10716e2acb8dd9b8e1a4728800cadb033bc1",
                                   "accept": "*/*",
                                   "accept-encoding": "gzip, deflate",
                                   "accept-language": "en-US"
                               }
                               Method: POST
                               URL: /
2024-06-28 [12:27:07.592] [16] Task started: point-of-sales-get-staff-names
2024-06-28 [12:27:07.600] [16] Response closed
2024-06-28 [12:27:07.601] [16] Request ended
2024-06-28 [12:27:07.602] [16] Request closed
2024-06-28 [12:27:07.603] [16] Task done
2024-06-28 [12:27:07.607] [17] Request recieved: ::ffff:192.168.137.1:49856
2024-06-28 [12:27:07.608] [17] Socket: {
                                   "localAddress": "::ffff:192.168.137.80",
                                   "localPort": 8080,
                                   "localFamily": "IPv6",
                                   "remoteAddress": "::ffff:192.168.137.1",
                                   "remoteFamily": "IPv6",
                                   "remotePort": 49856
                               }
                               Headers: {
                                   "host": "192.168.137.80:8080",
                                   "connection": "keep-alive",
                                   "content-length": "0",
                                   "action": "point-of-sales-get-sales-records",
                                   "user-agent": "Mozilla/5.0 (Windows NT 10.0; Win64; x64) AppleWebKit/537.36 (KHTML, like Gecko) HairlinersSalon/1.0.0 Chrome/124.0.6367.233 Electron/30.0.9 Safari/537.36",
                                   "token": "7889628e6c484e880c8f519d359e10716e2acb8dd9b8e1a4728800cadb033bc1",
                                   "accept": "*/*",
                                   "accept-encoding": "gzip, deflate",
                                   "accept-language": "en-US"
                               }
                               Method: POST
                               URL: /
2024-06-28 [12:27:07.608] [17] Task started: point-of-sales-get-sales-records
2024-06-28 [12:27:07.617] [17] Response closed
2024-06-28 [12:27:07.618] [17] Request ended
2024-06-28 [12:27:07.619] [17] Request closed
2024-06-28 [12:27:07.620] [17] Task done
2024-06-28 [12:27:07.623] [18] Request recieved: ::ffff:192.168.137.1:49856
2024-06-28 [12:27:07.624] [18] Socket: {
                                   "localAddress": "::ffff:192.168.137.80",
                                   "localPort": 8080,
                                   "localFamily": "IPv6",
                                   "remoteAddress": "::ffff:192.168.137.1",
                                   "remoteFamily": "IPv6",
                                   "remotePort": 49856
                               }
                               Headers: {
                                   "host": "192.168.137.80:8080",
                                   "connection": "keep-alive",
                                   "content-length": "0",
                                   "action": "point-of-sales-get-services",
                                   "user-agent": "Mozilla/5.0 (Windows NT 10.0; Win64; x64) AppleWebKit/537.36 (KHTML, like Gecko) HairlinersSalon/1.0.0 Chrome/124.0.6367.233 Electron/30.0.9 Safari/537.36",
                                   "token": "7889628e6c484e880c8f519d359e10716e2acb8dd9b8e1a4728800cadb033bc1",
                                   "accept": "*/*",
                                   "accept-encoding": "gzip, deflate",
                                   "accept-language": "en-US"
                               }
                               Method: POST
                               URL: /
2024-06-28 [12:27:07.624] [18] Task started: point-of-sales-get-services
2024-06-28 [12:27:07.627] [18] Response closed
2024-06-28 [12:27:07.628] [18] Request ended
2024-06-28 [12:27:07.628] [18] Request closed
2024-06-28 [12:27:07.628] [18] Task done
