2024-06-30 [18:46:46.999] [0] Request recieved: ::1:53645
2024-06-30 [18:46:47.001] [0] Socket: {
                                  "localAddress": "::1",
                                  "localPort": 8080,
                                  "localFamily": "IPv6",
                                  "remoteAddress": "::1",
                                  "remoteFamily": "IPv6",
                                  "remotePort": 53645
                              }
                              Headers: {
                                  "host": "localhost:8080",
                                  "connection": "keep-alive",
                                  "content-length": "52",
                                  "sec-ch-ua": "\"Not-A.Brand\";v=\"99\", \"Chromium\";v=\"124\"",
                                  "action": "login",
                                  "content-type": "text/plain;charset=UTF-8",
                                  "sec-ch-ua-mobile": "?0",
                                  "user-agent": "Mozilla/5.0 (Windows NT 10.0; Win64; x64) AppleWebKit/537.36 (KHTML, like Gecko) HairlinersSalon/1.0.0 Chrome/124.0.6367.233 Electron/30.0.9 Safari/537.36",
                                  "sec-ch-ua-platform": "\"Windows\"",
                                  "accept": "*/*",
                                  "sec-fetch-site": "cross-site",
                                  "sec-fetch-mode": "cors",
                                  "sec-fetch-dest": "empty",
                                  "accept-encoding": "gzip, deflate, br",
                                  "accept-language": "en-US"
                              }
                              Method: POST
                              URL: /
2024-06-30 [18:46:47.002] [0] Task started: login
2024-06-30 [18:46:47.011] [0] Request ended
2024-06-30 [18:46:47.014] [0] Request closed
2024-06-30 [18:46:47.050] [0] Task done
2024-06-30 [18:46:47.052] [0] Response closed
2024-06-30 [18:46:47.063] [1] Request recieved: ::1:53645
2024-06-30 [18:46:47.064] [1] Socket: {
                                  "localAddress": "::1",
                                  "localPort": 8080,
                                  "localFamily": "IPv6",
                                  "remoteAddress": "::1",
                                  "remoteFamily": "IPv6",
                                  "remotePort": 53645
                              }
                              Headers: {
                                  "host": "localhost:8080",
                                  "connection": "keep-alive",
                                  "content-length": "0",
                                  "sec-ch-ua": "\"Not-A.Brand\";v=\"99\", \"Chromium\";v=\"124\"",
                                  "action": "customer-management-get-staff-names",
                                  "sec-ch-ua-mobile": "?0",
                                  "user-agent": "Mozilla/5.0 (Windows NT 10.0; Win64; x64) AppleWebKit/537.36 (KHTML, like Gecko) HairlinersSalon/1.0.0 Chrome/124.0.6367.233 Electron/30.0.9 Safari/537.36",
                                  "token": "4f069fa26b3fd8310ea93cfba75786c091cde402117eeb7ae0ccb418b32ac653",
                                  "sec-ch-ua-platform": "\"Windows\"",
                                  "accept": "*/*",
                                  "sec-fetch-site": "cross-site",
                                  "sec-fetch-mode": "cors",
                                  "sec-fetch-dest": "empty",
                                  "accept-encoding": "gzip, deflate, br",
                                  "accept-language": "en-US"
                              }
                              Method: POST
                              URL: /
2024-06-30 [18:46:47.064] [1] Task started: customer-management-get-staff-names
2024-06-30 [18:46:47.070] [1] Response closed
2024-06-30 [18:46:47.070] [1] Request ended
2024-06-30 [18:46:47.070] [1] Request closed
2024-06-30 [18:46:47.071] [1] Task done
2024-06-30 [18:46:47.195] [2] Request recieved: ::1:53645
2024-06-30 [18:46:47.196] [2] Socket: {
                                  "localAddress": "::1",
                                  "localPort": 8080,
                                  "localFamily": "IPv6",
                                  "remoteAddress": "::1",
                                  "remoteFamily": "IPv6",
                                  "remotePort": 53645
                              }
                              Headers: {
                                  "host": "localhost:8080",
                                  "connection": "keep-alive",
                                  "content-length": "0",
                                  "sec-ch-ua": "\"Not-A.Brand\";v=\"99\", \"Chromium\";v=\"124\"",
                                  "action": "customer-management-get-customers",
                                  "sec-ch-ua-mobile": "?0",
                                  "user-agent": "Mozilla/5.0 (Windows NT 10.0; Win64; x64) AppleWebKit/537.36 (KHTML, like Gecko) HairlinersSalon/1.0.0 Chrome/124.0.6367.233 Electron/30.0.9 Safari/537.36",
                                  "token": "4f069fa26b3fd8310ea93cfba75786c091cde402117eeb7ae0ccb418b32ac653",
                                  "sec-ch-ua-platform": "\"Windows\"",
                                  "accept": "*/*",
                                  "sec-fetch-site": "cross-site",
                                  "sec-fetch-mode": "cors",
                                  "sec-fetch-dest": "empty",
                                  "accept-encoding": "gzip, deflate, br",
                                  "accept-language": "en-US"
                              }
                              Method: POST
                              URL: /
2024-06-30 [18:46:47.196] [2] Task started: customer-management-get-customers
2024-06-30 [18:46:47.201] [2] Response closed
2024-06-30 [18:46:47.201] [2] Request ended
2024-06-30 [18:46:47.202] [2] Request closed
2024-06-30 [18:46:47.202] [2] Task done
2024-06-30 [18:47:06.170] [3] Request recieved: ::1:53650
2024-06-30 [18:47:06.171] [3] Socket: {
                                  "localAddress": "::1",
                                  "localPort": 8080,
                                  "localFamily": "IPv6",
                                  "remoteAddress": "::1",
                                  "remoteFamily": "IPv6",
                                  "remotePort": 53650
                              }
                              Headers: {
                                  "host": "localhost:8080",
                                  "connection": "keep-alive",
                                  "content-length": "0",
                                  "sec-ch-ua": "\"Not-A.Brand\";v=\"99\", \"Chromium\";v=\"124\"",
                                  "action": "point-of-sales-get-customer-names",
                                  "sec-ch-ua-mobile": "?0",
                                  "user-agent": "Mozilla/5.0 (Windows NT 10.0; Win64; x64) AppleWebKit/537.36 (KHTML, like Gecko) HairlinersSalon/1.0.0 Chrome/124.0.6367.233 Electron/30.0.9 Safari/537.36",
                                  "token": "4f069fa26b3fd8310ea93cfba75786c091cde402117eeb7ae0ccb418b32ac653",
                                  "sec-ch-ua-platform": "\"Windows\"",
                                  "accept": "*/*",
                                  "sec-fetch-site": "cross-site",
                                  "sec-fetch-mode": "cors",
                                  "sec-fetch-dest": "empty",
                                  "accept-encoding": "gzip, deflate, br",
                                  "accept-language": "en-US"
                              }
                              Method: POST
                              URL: /
2024-06-30 [18:47:06.171] [3] Task started: point-of-sales-get-customer-names
2024-06-30 [18:47:06.176] [3] Response closed
2024-06-30 [18:47:06.176] [3] Request ended
2024-06-30 [18:47:06.177] [3] Request closed
2024-06-30 [18:47:06.177] [3] Task done
2024-06-30 [18:47:06.182] [4] Request recieved: ::1:53650
2024-06-30 [18:47:06.183] [4] Socket: {
                                  "localAddress": "::1",
                                  "localPort": 8080,
                                  "localFamily": "IPv6",
                                  "remoteAddress": "::1",
                                  "remoteFamily": "IPv6",
                                  "remotePort": 53650
                              }
                              Headers: {
                                  "host": "localhost:8080",
                                  "connection": "keep-alive",
                                  "content-length": "0",
                                  "sec-ch-ua": "\"Not-A.Brand\";v=\"99\", \"Chromium\";v=\"124\"",
                                  "action": "point-of-sales-get-staff-names",
                                  "sec-ch-ua-mobile": "?0",
                                  "user-agent": "Mozilla/5.0 (Windows NT 10.0; Win64; x64) AppleWebKit/537.36 (KHTML, like Gecko) HairlinersSalon/1.0.0 Chrome/124.0.6367.233 Electron/30.0.9 Safari/537.36",
                                  "token": "4f069fa26b3fd8310ea93cfba75786c091cde402117eeb7ae0ccb418b32ac653",
                                  "sec-ch-ua-platform": "\"Windows\"",
                                  "accept": "*/*",
                                  "sec-fetch-site": "cross-site",
                                  "sec-fetch-mode": "cors",
                                  "sec-fetch-dest": "empty",
                                  "accept-encoding": "gzip, deflate, br",
                                  "accept-language": "en-US"
                              }
                              Method: POST
                              URL: /
2024-06-30 [18:47:06.183] [4] Task started: point-of-sales-get-staff-names
2024-06-30 [18:47:06.187] [4] Response closed
2024-06-30 [18:47:06.188] [4] Request ended
2024-06-30 [18:47:06.188] [4] Request closed
2024-06-30 [18:47:06.188] [4] Task done
2024-06-30 [18:47:06.193] [5] Request recieved: ::1:53650
2024-06-30 [18:47:06.194] [5] Socket: {
                                  "localAddress": "::1",
                                  "localPort": 8080,
                                  "localFamily": "IPv6",
                                  "remoteAddress": "::1",
                                  "remoteFamily": "IPv6",
                                  "remotePort": 53650
                              }
                              Headers: {
                                  "host": "localhost:8080",
                                  "connection": "keep-alive",
                                  "content-length": "0",
                                  "sec-ch-ua": "\"Not-A.Brand\";v=\"99\", \"Chromium\";v=\"124\"",
                                  "action": "point-of-sales-get-sales-records",
                                  "sec-ch-ua-mobile": "?0",
                                  "user-agent": "Mozilla/5.0 (Windows NT 10.0; Win64; x64) AppleWebKit/537.36 (KHTML, like Gecko) HairlinersSalon/1.0.0 Chrome/124.0.6367.233 Electron/30.0.9 Safari/537.36",
                                  "token": "4f069fa26b3fd8310ea93cfba75786c091cde402117eeb7ae0ccb418b32ac653",
                                  "sec-ch-ua-platform": "\"Windows\"",
                                  "accept": "*/*",
                                  "sec-fetch-site": "cross-site",
                                  "sec-fetch-mode": "cors",
                                  "sec-fetch-dest": "empty",
                                  "accept-encoding": "gzip, deflate, br",
                                  "accept-language": "en-US"
                              }
                              Method: POST
                              URL: /
2024-06-30 [18:47:06.194] [5] Task started: point-of-sales-get-sales-records
2024-06-30 [18:47:06.200] [5] Response closed
2024-06-30 [18:47:06.200] [5] Request ended
2024-06-30 [18:47:06.200] [5] Request closed
2024-06-30 [18:47:06.201] [5] Task done
2024-06-30 [18:47:06.215] [6] Request recieved: ::1:53650
2024-06-30 [18:47:06.216] [6] Socket: {
                                  "localAddress": "::1",
                                  "localPort": 8080,
                                  "localFamily": "IPv6",
                                  "remoteAddress": "::1",
                                  "remoteFamily": "IPv6",
                                  "remotePort": 53650
                              }
                              Headers: {
                                  "host": "localhost:8080",
                                  "connection": "keep-alive",
                                  "content-length": "0",
                                  "sec-ch-ua": "\"Not-A.Brand\";v=\"99\", \"Chromium\";v=\"124\"",
                                  "action": "point-of-sales-get-services",
                                  "sec-ch-ua-mobile": "?0",
                                  "user-agent": "Mozilla/5.0 (Windows NT 10.0; Win64; x64) AppleWebKit/537.36 (KHTML, like Gecko) HairlinersSalon/1.0.0 Chrome/124.0.6367.233 Electron/30.0.9 Safari/537.36",
                                  "token": "4f069fa26b3fd8310ea93cfba75786c091cde402117eeb7ae0ccb418b32ac653",
                                  "sec-ch-ua-platform": "\"Windows\"",
                                  "accept": "*/*",
                                  "sec-fetch-site": "cross-site",
                                  "sec-fetch-mode": "cors",
                                  "sec-fetch-dest": "empty",
                                  "accept-encoding": "gzip, deflate, br",
                                  "accept-language": "en-US"
                              }
                              Method: POST
                              URL: /
2024-06-30 [18:47:06.216] [6] Task started: point-of-sales-get-services
2024-06-30 [18:47:06.220] [6] Response closed
2024-06-30 [18:47:06.220] [6] Request ended
2024-06-30 [18:47:06.220] [6] Request closed
2024-06-30 [18:47:06.221] [6] Task done
2024-06-30 [18:47:07.268] [7] Request recieved: ::1:53650
2024-06-30 [18:47:07.269] [7] Socket: {
                                  "localAddress": "::1",
                                  "localPort": 8080,
                                  "localFamily": "IPv6",
                                  "remoteAddress": "::1",
                                  "remoteFamily": "IPv6",
                                  "remotePort": 53650
                              }
                              Headers: {
                                  "host": "localhost:8080",
                                  "connection": "keep-alive",
                                  "content-length": "0",
                                  "sec-ch-ua": "\"Not-A.Brand\";v=\"99\", \"Chromium\";v=\"124\"",
                                  "action": "inventory-management-get-staff-names",
                                  "sec-ch-ua-mobile": "?0",
                                  "user-agent": "Mozilla/5.0 (Windows NT 10.0; Win64; x64) AppleWebKit/537.36 (KHTML, like Gecko) HairlinersSalon/1.0.0 Chrome/124.0.6367.233 Electron/30.0.9 Safari/537.36",
                                  "token": "4f069fa26b3fd8310ea93cfba75786c091cde402117eeb7ae0ccb418b32ac653",
                                  "sec-ch-ua-platform": "\"Windows\"",
                                  "accept": "*/*",
                                  "sec-fetch-site": "cross-site",
                                  "sec-fetch-mode": "cors",
                                  "sec-fetch-dest": "empty",
                                  "accept-encoding": "gzip, deflate, br",
                                  "accept-language": "en-US"
                              }
                              Method: POST
                              URL: /
2024-06-30 [18:47:07.269] [7] Task started: inventory-management-get-staff-names
2024-06-30 [18:47:07.273] [7] Response closed
2024-06-30 [18:47:07.274] [7] Request ended
2024-06-30 [18:47:07.274] [7] Request closed
2024-06-30 [18:47:07.274] [7] Task done
2024-06-30 [18:47:07.292] [8] Request recieved: ::1:53650
2024-06-30 [18:47:07.293] [8] Socket: {
                                  "localAddress": "::1",
                                  "localPort": 8080,
                                  "localFamily": "IPv6",
                                  "remoteAddress": "::1",
                                  "remoteFamily": "IPv6",
                                  "remotePort": 53650
                              }
                              Headers: {
                                  "host": "localhost:8080",
                                  "connection": "keep-alive",
                                  "content-length": "0",
                                  "sec-ch-ua": "\"Not-A.Brand\";v=\"99\", \"Chromium\";v=\"124\"",
                                  "action": "inventory-management-get-inventory-items",
                                  "sec-ch-ua-mobile": "?0",
                                  "user-agent": "Mozilla/5.0 (Windows NT 10.0; Win64; x64) AppleWebKit/537.36 (KHTML, like Gecko) HairlinersSalon/1.0.0 Chrome/124.0.6367.233 Electron/30.0.9 Safari/537.36",
                                  "token": "4f069fa26b3fd8310ea93cfba75786c091cde402117eeb7ae0ccb418b32ac653",
                                  "sec-ch-ua-platform": "\"Windows\"",
                                  "accept": "*/*",
                                  "sec-fetch-site": "cross-site",
                                  "sec-fetch-mode": "cors",
                                  "sec-fetch-dest": "empty",
                                  "accept-encoding": "gzip, deflate, br",
                                  "accept-language": "en-US"
                              }
                              Method: POST
                              URL: /
2024-06-30 [18:47:07.293] [8] Task started: inventory-management-get-inventory-items
2024-06-30 [18:47:07.297] [8] Response closed
2024-06-30 [18:47:07.297] [8] Request ended
2024-06-30 [18:47:07.297] [8] Request closed
2024-06-30 [18:47:07.298] [8] Task done
2024-06-30 [18:47:07.305] [9] Request recieved: ::1:53650
2024-06-30 [18:47:07.305] [9] Socket: {
                                  "localAddress": "::1",
                                  "localPort": 8080,
                                  "localFamily": "IPv6",
                                  "remoteAddress": "::1",
                                  "remoteFamily": "IPv6",
                                  "remotePort": 53650
                              }
                              Headers: {
                                  "host": "localhost:8080",
                                  "connection": "keep-alive",
                                  "content-length": "0",
                                  "sec-ch-ua": "\"Not-A.Brand\";v=\"99\", \"Chromium\";v=\"124\"",
                                  "action": "inventory-management-get-inventory-records",
                                  "sec-ch-ua-mobile": "?0",
                                  "user-agent": "Mozilla/5.0 (Windows NT 10.0; Win64; x64) AppleWebKit/537.36 (KHTML, like Gecko) HairlinersSalon/1.0.0 Chrome/124.0.6367.233 Electron/30.0.9 Safari/537.36",
                                  "token": "4f069fa26b3fd8310ea93cfba75786c091cde402117eeb7ae0ccb418b32ac653",
                                  "sec-ch-ua-platform": "\"Windows\"",
                                  "accept": "*/*",
                                  "sec-fetch-site": "cross-site",
                                  "sec-fetch-mode": "cors",
                                  "sec-fetch-dest": "empty",
                                  "accept-encoding": "gzip, deflate, br",
                                  "accept-language": "en-US"
                              }
                              Method: POST
                              URL: /
2024-06-30 [18:47:07.306] [9] Task started: inventory-management-get-inventory-records
2024-06-30 [18:47:07.311] [9] Response closed
2024-06-30 [18:47:07.311] [9] Request ended
2024-06-30 [18:47:07.312] [9] Request closed
2024-06-30 [18:47:07.312] [9] Task done
2024-06-30 [18:47:07.995] [10] Request recieved: ::1:53650
2024-06-30 [18:47:07.996] [10] Socket: {
                                   "localAddress": "::1",
                                   "localPort": 8080,
                                   "localFamily": "IPv6",
                                   "remoteAddress": "::1",
                                   "remoteFamily": "IPv6",
                                   "remotePort": 53650
                               }
                               Headers: {
                                   "host": "localhost:8080",
                                   "connection": "keep-alive",
                                   "content-length": "0",
                                   "sec-ch-ua": "\"Not-A.Brand\";v=\"99\", \"Chromium\";v=\"124\"",
                                   "action": "customer-management-get-staff-names",
                                   "sec-ch-ua-mobile": "?0",
                                   "user-agent": "Mozilla/5.0 (Windows NT 10.0; Win64; x64) AppleWebKit/537.36 (KHTML, like Gecko) HairlinersSalon/1.0.0 Chrome/124.0.6367.233 Electron/30.0.9 Safari/537.36",
                                   "token": "4f069fa26b3fd8310ea93cfba75786c091cde402117eeb7ae0ccb418b32ac653",
                                   "sec-ch-ua-platform": "\"Windows\"",
                                   "accept": "*/*",
                                   "sec-fetch-site": "cross-site",
                                   "sec-fetch-mode": "cors",
                                   "sec-fetch-dest": "empty",
                                   "accept-encoding": "gzip, deflate, br",
                                   "accept-language": "en-US"
                               }
                               Method: POST
                               URL: /
2024-06-30 [18:47:07.996] [10] Task started: customer-management-get-staff-names
2024-06-30 [18:47:07.999] [10] Response closed
2024-06-30 [18:47:08.000] [10] Request ended
2024-06-30 [18:47:08.000] [10] Request closed
2024-06-30 [18:47:08.000] [10] Task done
2024-06-30 [18:47:08.011] [11] Request recieved: ::1:53650
2024-06-30 [18:47:08.011] [11] Socket: {
                                   "localAddress": "::1",
                                   "localPort": 8080,
                                   "localFamily": "IPv6",
                                   "remoteAddress": "::1",
                                   "remoteFamily": "IPv6",
                                   "remotePort": 53650
                               }
                               Headers: {
                                   "host": "localhost:8080",
                                   "connection": "keep-alive",
                                   "content-length": "0",
                                   "sec-ch-ua": "\"Not-A.Brand\";v=\"99\", \"Chromium\";v=\"124\"",
                                   "action": "customer-management-get-customers",
                                   "sec-ch-ua-mobile": "?0",
                                   "user-agent": "Mozilla/5.0 (Windows NT 10.0; Win64; x64) AppleWebKit/537.36 (KHTML, like Gecko) HairlinersSalon/1.0.0 Chrome/124.0.6367.233 Electron/30.0.9 Safari/537.36",
                                   "token": "4f069fa26b3fd8310ea93cfba75786c091cde402117eeb7ae0ccb418b32ac653",
                                   "sec-ch-ua-platform": "\"Windows\"",
                                   "accept": "*/*",
                                   "sec-fetch-site": "cross-site",
                                   "sec-fetch-mode": "cors",
                                   "sec-fetch-dest": "empty",
                                   "accept-encoding": "gzip, deflate, br",
                                   "accept-language": "en-US"
                               }
                               Method: POST
                               URL: /
2024-06-30 [18:47:08.012] [11] Task started: customer-management-get-customers
2024-06-30 [18:47:08.015] [11] Response closed
2024-06-30 [18:47:08.016] [11] Request ended
2024-06-30 [18:47:08.016] [11] Request closed
2024-06-30 [18:47:08.017] [11] Task done
2024-06-30 [18:47:08.676] [12] Request recieved: ::1:53652
2024-06-30 [18:47:08.677] [12] Socket: {
                                   "localAddress": "::1",
                                   "localPort": 8080,
                                   "localFamily": "IPv6",
                                   "remoteAddress": "::1",
                                   "remoteFamily": "IPv6",
                                   "remotePort": 53652
                               }
                               Headers: {
                                   "host": "localhost:8080",
                                   "connection": "keep-alive",
                                   "content-length": "0",
                                   "sec-ch-ua": "\"Not-A.Brand\";v=\"99\", \"Chromium\";v=\"124\"",
                                   "action": "point-of-sales-get-customer-names",
                                   "sec-ch-ua-mobile": "?0",
                                   "user-agent": "Mozilla/5.0 (Windows NT 10.0; Win64; x64) AppleWebKit/537.36 (KHTML, like Gecko) HairlinersSalon/1.0.0 Chrome/124.0.6367.233 Electron/30.0.9 Safari/537.36",
                                   "token": "4f069fa26b3fd8310ea93cfba75786c091cde402117eeb7ae0ccb418b32ac653",
                                   "sec-ch-ua-platform": "\"Windows\"",
                                   "accept": "*/*",
                                   "sec-fetch-site": "cross-site",
                                   "sec-fetch-mode": "cors",
                                   "sec-fetch-dest": "empty",
                                   "accept-encoding": "gzip, deflate, br",
                                   "accept-language": "en-US"
                               }
                               Method: POST
                               URL: /
2024-06-30 [18:47:08.677] [12] Task started: point-of-sales-get-customer-names
2024-06-30 [18:47:08.682] [12] Response closed
2024-06-30 [18:47:08.682] [12] Request ended
2024-06-30 [18:47:08.682] [12] Request closed
2024-06-30 [18:47:08.683] [12] Task done
2024-06-30 [18:47:08.691] [13] Request recieved: ::1:53652
2024-06-30 [18:47:08.691] [13] Socket: {
                                   "localAddress": "::1",
                                   "localPort": 8080,
                                   "localFamily": "IPv6",
                                   "remoteAddress": "::1",
                                   "remoteFamily": "IPv6",
                                   "remotePort": 53652
                               }
                               Headers: {
                                   "host": "localhost:8080",
                                   "connection": "keep-alive",
                                   "content-length": "0",
                                   "sec-ch-ua": "\"Not-A.Brand\";v=\"99\", \"Chromium\";v=\"124\"",
                                   "action": "point-of-sales-get-staff-names",
                                   "sec-ch-ua-mobile": "?0",
                                   "user-agent": "Mozilla/5.0 (Windows NT 10.0; Win64; x64) AppleWebKit/537.36 (KHTML, like Gecko) HairlinersSalon/1.0.0 Chrome/124.0.6367.233 Electron/30.0.9 Safari/537.36",
                                   "token": "4f069fa26b3fd8310ea93cfba75786c091cde402117eeb7ae0ccb418b32ac653",
                                   "sec-ch-ua-platform": "\"Windows\"",
                                   "accept": "*/*",
                                   "sec-fetch-site": "cross-site",
                                   "sec-fetch-mode": "cors",
                                   "sec-fetch-dest": "empty",
                                   "accept-encoding": "gzip, deflate, br",
                                   "accept-language": "en-US"
                               }
                               Method: POST
                               URL: /
2024-06-30 [18:47:08.691] [13] Task started: point-of-sales-get-staff-names
2024-06-30 [18:47:08.694] [13] Response closed
2024-06-30 [18:47:08.695] [13] Request ended
2024-06-30 [18:47:08.695] [13] Request closed
2024-06-30 [18:47:08.695] [13] Task done
2024-06-30 [18:47:08.701] [14] Request recieved: ::1:53652
2024-06-30 [18:47:08.702] [14] Socket: {
                                   "localAddress": "::1",
                                   "localPort": 8080,
                                   "localFamily": "IPv6",
                                   "remoteAddress": "::1",
                                   "remoteFamily": "IPv6",
                                   "remotePort": 53652
                               }
                               Headers: {
                                   "host": "localhost:8080",
                                   "connection": "keep-alive",
                                   "content-length": "0",
                                   "sec-ch-ua": "\"Not-A.Brand\";v=\"99\", \"Chromium\";v=\"124\"",
                                   "action": "point-of-sales-get-sales-records",
                                   "sec-ch-ua-mobile": "?0",
                                   "user-agent": "Mozilla/5.0 (Windows NT 10.0; Win64; x64) AppleWebKit/537.36 (KHTML, like Gecko) HairlinersSalon/1.0.0 Chrome/124.0.6367.233 Electron/30.0.9 Safari/537.36",
                                   "token": "4f069fa26b3fd8310ea93cfba75786c091cde402117eeb7ae0ccb418b32ac653",
                                   "sec-ch-ua-platform": "\"Windows\"",
                                   "accept": "*/*",
                                   "sec-fetch-site": "cross-site",
                                   "sec-fetch-mode": "cors",
                                   "sec-fetch-dest": "empty",
                                   "accept-encoding": "gzip, deflate, br",
                                   "accept-language": "en-US"
                               }
                               Method: POST
                               URL: /
2024-06-30 [18:47:08.702] [14] Task started: point-of-sales-get-sales-records
2024-06-30 [18:47:08.706] [14] Response closed
2024-06-30 [18:47:08.706] [14] Request ended
2024-06-30 [18:47:08.707] [14] Request closed
2024-06-30 [18:47:08.707] [14] Task done
2024-06-30 [18:47:08.713] [15] Request recieved: ::1:53652
2024-06-30 [18:47:08.713] [15] Socket: {
                                   "localAddress": "::1",
                                   "localPort": 8080,
                                   "localFamily": "IPv6",
                                   "remoteAddress": "::1",
                                   "remoteFamily": "IPv6",
                                   "remotePort": 53652
                               }
                               Headers: {
                                   "host": "localhost:8080",
                                   "connection": "keep-alive",
                                   "content-length": "0",
                                   "sec-ch-ua": "\"Not-A.Brand\";v=\"99\", \"Chromium\";v=\"124\"",
                                   "action": "point-of-sales-get-services",
                                   "sec-ch-ua-mobile": "?0",
                                   "user-agent": "Mozilla/5.0 (Windows NT 10.0; Win64; x64) AppleWebKit/537.36 (KHTML, like Gecko) HairlinersSalon/1.0.0 Chrome/124.0.6367.233 Electron/30.0.9 Safari/537.36",
                                   "token": "4f069fa26b3fd8310ea93cfba75786c091cde402117eeb7ae0ccb418b32ac653",
                                   "sec-ch-ua-platform": "\"Windows\"",
                                   "accept": "*/*",
                                   "sec-fetch-site": "cross-site",
                                   "sec-fetch-mode": "cors",
                                   "sec-fetch-dest": "empty",
                                   "accept-encoding": "gzip, deflate, br",
                                   "accept-language": "en-US"
                               }
                               Method: POST
                               URL: /
2024-06-30 [18:47:08.713] [15] Task started: point-of-sales-get-services
2024-06-30 [18:47:08.716] [15] Response closed
2024-06-30 [18:47:08.716] [15] Request ended
2024-06-30 [18:47:08.717] [15] Request closed
2024-06-30 [18:47:08.717] [15] Task done
